Log file open, 03/14/20 15:34:28
LogWindows: Failed to load 'aqProf.dll' (GetLastError=126)
LogWindows: File 'aqProf.dll' does not exist
LogWindows: Failed to load 'VtuneApi.dll' (GetLastError=126)
LogWindows: File 'VtuneApi.dll' does not exist
LogWindows: Failed to load 'VtuneApi32e.dll' (GetLastError=126)
LogWindows: File 'VtuneApi32e.dll' does not exist
LogConsoleResponse: Display: Failed to find resolution value strings in scalability ini. Falling back to default.
LogInit: Display: Running engine for game: DodgeBall
LogPakFile: Registered encryption key '00000000000000000000000000000000': 0 pak files mounted, 0 remain pending
LogPlatformFile: Not using cached read wrapper
LogTaskGraph: Started task graph with 5 named threads and 35 total threads with 3 sets of task threads.
LogStats: Stats thread started at 0.398929
LogD3D11RHI: Loaded GFSDK_Aftermath_Lib.x64.dll
LogICUInternationalization: ICU TimeZone Detection - Raw Offset: -8:00, Platform Override: ''
LogPluginManager: Mounting plugin Paper2D
LogPluginManager: Mounting plugin AISupport
LogPluginManager: Mounting plugin LightPropagationVolume
LogPluginManager: Mounting plugin ActorLayerUtilities
LogPluginManager: Mounting plugin AnimationSharing
LogPluginManager: Mounting plugin CLionSourceCodeAccess
LogPluginManager: Mounting plugin CodeLiteSourceCodeAccess
LogPluginManager: Mounting plugin GitSourceControl
LogPluginManager: Mounting plugin KDevelopSourceCodeAccess
LogPluginManager: Mounting plugin NullSourceCodeAccess
LogPluginManager: Mounting plugin PerforceSourceControl
LogPluginManager: Mounting plugin SubversionSourceControl
LogPluginManager: Mounting plugin UObjectPlugin
LogPluginManager: Mounting plugin VisualStudioCodeSourceCodeAccess
LogPluginManager: Mounting plugin VisualStudioSourceCodeAccess
LogPluginManager: Mounting plugin XCodeSourceCodeAccess
LogPluginManager: Mounting plugin AssetManagerEditor
LogPluginManager: Mounting plugin CryptoKeys
LogPluginManager: Mounting plugin DataValidation
LogPluginManager: Mounting plugin FacialAnimation
LogPluginManager: Mounting plugin GameplayTagsEditor
LogPluginManager: Mounting plugin MacGraphicsSwitching
LogPluginManager: Mounting plugin MaterialAnalyzer
LogPluginManager: Mounting plugin MobileLauncherProfileWizard
LogPluginManager: Mounting plugin PluginBrowser
LogPluginManager: Mounting plugin SpeedTreeImporter
LogPluginManager: Mounting plugin DatasmithContent
LogPluginManager: Mounting plugin VariantManagerContent
LogPluginManager: Mounting plugin AlembicImporter
LogPluginManager: Mounting plugin AppleImageUtils
LogPluginManager: Mounting plugin AppleVision
LogPluginManager: Mounting plugin BackChannel
LogPluginManager: Mounting plugin CharacterAI
LogPluginManager: Mounting plugin GeometryCache
LogPluginManager: Mounting plugin HTML5Networking
LogPluginManager: Mounting plugin ProxyLODPlugin
LogPluginManager: Mounting plugin SkeletalReduction
LogPluginManager: Mounting plugin MagicLeap
LogPluginManager: Mounting plugin MagicLeapMedia
LogPluginManager: Mounting plugin AndroidMedia
LogPluginManager: Mounting plugin AvfMedia
LogPluginManager: Mounting plugin ImgMedia
LogPluginManager: Mounting plugin LinearTimecode
LogPluginManager: Mounting plugin MediaCompositing
LogPluginManager: Mounting plugin MediaPlayerEditor
LogPluginManager: Mounting plugin WebMMedia
LogPluginManager: Mounting plugin WmfMedia
LogPluginManager: Mounting plugin TcpMessaging
LogPluginManager: Mounting plugin UdpMessaging
LogPluginManager: Mounting plugin ActorSequence
LogPluginManager: Mounting plugin LevelSequenceEditor
LogPluginManager: Mounting plugin MatineeToLevelSequence
LogPluginManager: Mounting plugin NetcodeUnitTest
LogPluginManager: Mounting plugin NUTUnrealEngine4
LogPluginManager: Mounting plugin OnlineSubsystemGooglePlay
LogPluginManager: Mounting plugin OnlineSubsystemIOS
LogPluginManager: Mounting plugin OnlineSubsystem
LogPluginManager: Mounting plugin OnlineSubsystemNull
LogPluginManager: Mounting plugin OnlineSubsystemUtils
LogPluginManager: Mounting plugin LauncherChunkInstaller
LogPluginManager: Mounting plugin AndroidDeviceProfileSelector
LogPluginManager: Mounting plugin AndroidMoviePlayer
LogPluginManager: Mounting plugin AndroidPermission
LogPluginManager: Mounting plugin AppleMoviePlayer
LogPluginManager: Mounting plugin ArchVisCharacter
LogPluginManager: Mounting plugin AudioCapture
LogPluginManager: Mounting plugin CableComponent
LogPluginManager: Mounting plugin CustomMeshComponent
LogPluginManager: Mounting plugin EditableMesh
LogPluginManager: Mounting plugin ExampleDeviceProfileSelector
LogPluginManager: Mounting plugin Firebase
LogPluginManager: Mounting plugin GoogleCloudMessaging
LogPluginManager: Mounting plugin IOSDeviceProfileSelector
LogPluginManager: Mounting plugin LinuxDeviceProfileSelector
LogPluginManager: Mounting plugin LocationServicesBPLibrary
LogPluginManager: Mounting plugin MobilePatchingUtils
LogPluginManager: Mounting plugin OculusVR
LogPluginManager: Mounting plugin PhysXVehicles
LogPluginManager: Mounting plugin ProceduralMeshComponent
LogPluginManager: Mounting plugin RuntimePhysXCooking
LogPluginManager: Mounting plugin SignificanceManager
LogPluginManager: Mounting plugin SteamVR
LogPluginManager: Mounting plugin WebMMoviePlayer
LogPluginManager: Mounting plugin WindowsMoviePlayer
LogInit: Using libcurl 7.55.1-DEV
LogInit:  - built for x86_64-pc-win32
LogInit:  - supports SSL with OpenSSL/1.1.1
LogInit:  - supports HTTP deflate (compression) using libz 1.2.8
LogInit:  - other features:
LogInit:      CURL_VERSION_SSL
LogInit:      CURL_VERSION_LIBZ
LogInit:      CURL_VERSION_IPV6
LogInit:      CURL_VERSION_ASYNCHDNS
LogInit:      CURL_VERSION_LARGEFILE
LogInit:      CURL_VERSION_IDN
LogInit:  CurlRequestOptions (configurable via config and command line):
LogInit:  - bVerifyPeer = true  - Libcurl will verify peer certificate
LogInit:  - bUseHttpProxy = false  - Libcurl will NOT use HTTP proxy
LogInit:  - bDontReuseConnections = false  - Libcurl will reuse connections
LogInit:  - MaxHostConnections = 16  - Libcurl will limit the number of connections to a host
LogInit:  - LocalHostAddr = Default
LogInit:  - BufferSize = 65536
LogModuleManager: Warning: ModuleManager: Unable to load module 'OnlineSubsystemSteam'  - 0 instances of that module name found.
LogInit: WinSock: version 1.1 (2.2), MaxSocks=32767, MaxUdp=65467
LogInit: Build: ++UE4+Release-4.22-CL-7053642
LogInit: Engine Version: 4.22.3-7053642+++UE4+Release-4.22
LogInit: Compatible Engine Version: 4.22.0-5660361+++UE4+Release-4.22
LogInit: Net CL: 5660361
LogInit: OS: Windows 10 (Release 1809) (), CPU: Intel(R) Core(TM) i7-9750H CPU @ 2.60GHz, GPU: Intel(R) UHD Graphics 630
LogInit: Compiled (64-bit): Jun 18 2019 03:09:11
LogInit: Compiled with Visual C++: 19.16.27025.01
LogInit: Build Configuration: Development
LogInit: Branch Name: ++UE4+Release-4.22
LogInit: Command Line: 
LogInit: Base Directory: C:/Program Files/Epic Games/UE_4.22/Engine/Binaries/Win64/
LogInit: Installed Engine Build: 1
LogDevObjectVersion: Number of dev versions registered: 23
LogDevObjectVersion:   Dev-Blueprints (B0D832E4-1F89-4F0D-ACCF-7EB736FD4AA2): 10
LogDevObjectVersion:   Dev-Build (E1C64328-A22C-4D53-A36C-8E866417BD8C): 0
LogDevObjectVersion:   Dev-Core (375EC13C-06E4-48FB-B500-84F0262A717E): 3
LogDevObjectVersion:   Dev-Editor (E4B068ED-F494-42E9-A231-DA0B2E46BB41): 30
LogDevObjectVersion:   Dev-Framework (CFFC743F-43B0-4480-9391-14DF171D2073): 35
LogDevObjectVersion:   Dev-Mobile (B02B49B5-BB20-44E9-A304-32B752E40360): 2
LogDevObjectVersion:   Dev-Networking (A4E4105C-59A1-49B5-A7C5-40C4547EDFEE): 0
LogDevObjectVersion:   Dev-Online (39C831C9-5AE6-47DC-9A44-9C173E1C8E7C): 0
LogDevObjectVersion:   Dev-Physics (78F01B33-EBEA-4F98-B9B4-84EACCB95AA2): 0
LogDevObjectVersion:   Dev-Platform (6631380F-2D4D-43E0-8009-CF276956A95A): 0
LogDevObjectVersion:   Dev-Rendering (12F88B9F-8875-4AFC-A67C-D90C383ABD29): 28
LogDevObjectVersion:   Dev-Sequencer (7B5AE74C-D270-4C10-A958-57980B212A5A): 11
LogDevObjectVersion:   Dev-VR (D7296918-1DD6-4BDD-9DE2-64A83CC13884): 2
LogDevObjectVersion:   Dev-LoadTimes (C2A15278-BFE7-4AFE-6C17-90FF531DF755): 1
LogDevObjectVersion:   Private-Geometry (6EACA3D4-40EC-4CC1-B786-8BED09428FC5): 3
LogDevObjectVersion:   Dev-AnimPhys (29E575DD-E0A3-4627-9D10-D276232CDCEA): 17
LogDevObjectVersion:   Dev-Anim (AF43A65D-7FD3-4947-9873-3E8ED9C1BB05): 2
LogDevObjectVersion:   Dev-ReflectionCapture (6B266CEC-1EC7-4B8F-A30B-E4D90942FC07): 1
LogDevObjectVersion:   Dev-Automation (0DF73D61-A23F-47EA-B727-89E90C41499A): 1
LogDevObjectVersion:   FortniteMain (601D1886-AC64-4F84-AA16-D3DE0DEAC7D6): 25
LogDevObjectVersion:   Dev-Enterprise (9DFFBCD6-494F-0158-E221-12823C92A888): 6
LogDevObjectVersion:   Dev-Niagara (F2AED0AC-9AFE-416F-8664-AA7FFA26D6FC): 1
LogDevObjectVersion:   Dev-Destruction (174F1F0B-B4C6-45A5-B13F-2EE8D0FB917D): 2
LogInit: Presizing for max 16777216 objects, including 0 objects not considered by GC, pre-allocating 0 bytes for permanent pool.
LogInit: Object subsystem initialized
LogConfig: Setting CVar [[con.DebugEarlyDefault:1]]
LogConfig: Setting CVar [[r.setres:1280x720]]
[2020.03.14-22.34.28:824][  0]LogConfig: Setting CVar [[r.VSync:0]]
[2020.03.14-22.34.28:824][  0]LogConfig: Setting CVar [[r.RHICmdBypass:0]]
[2020.03.14-22.34.28:824][  0]LogConfig: Applying CVar settings from Section [/Script/Engine.RendererSettings] File [C:/Users/pele-/Documents/GitHub/DodgeBall/Saved/Config/Windows/Engine.ini]
[2020.03.14-22.34.28:824][  0]LogConfig: Setting CVar [[r.GPUCrashDebugging:0]]
[2020.03.14-22.34.28:824][  0]LogConfig: Setting CVar [[r.MobileHDR:1]]
[2020.03.14-22.34.28:824][  0]LogConfig: Setting CVar [[r.Mobile.DisableVertexFog:1]]
[2020.03.14-22.34.28:824][  0]LogConfig: Setting CVar [[r.Shadow.CSM.MaxMobileCascades:2]]
[2020.03.14-22.34.28:824][  0]LogConfig: Setting CVar [[r.MobileMSAA:1]]
[2020.03.14-22.34.28:824][  0]LogConfig: Setting CVar [[r.Mobile.UseLegacyShadingModel:0]]
[2020.03.14-22.34.28:824][  0]LogConfig: Setting CVar [[r.Mobile.UseHWsRGBEncoding:0]]
[2020.03.14-22.34.28:824][  0]LogConfig: Setting CVar [[r.Mobile.AllowDitheredLODTransition:0]]
[2020.03.14-22.34.28:824][  0]LogConfig: Setting CVar [[r.Mobile.AllowSoftwareOcclusion:0]]
[2020.03.14-22.34.28:824][  0]LogConfig: Setting CVar [[r.DiscardUnusedQuality:0]]
[2020.03.14-22.34.28:824][  0]LogConfig: Setting CVar [[r.AllowOcclusionQueries:1]]
[2020.03.14-22.34.28:824][  0]LogConfig: Setting CVar [[r.MinScreenRadiusForLights:0.030000]]
[2020.03.14-22.34.28:824][  0]LogConfig: Setting CVar [[r.MinScreenRadiusForDepthPrepass:0.030000]]
[2020.03.14-22.34.28:824][  0]LogConfig: Setting CVar [[r.MinScreenRadiusForCSMDepth:0.010000]]
[2020.03.14-22.34.28:824][  0]LogConfig: Setting CVar [[r.PrecomputedVisibilityWarning:0]]
[2020.03.14-22.34.28:824][  0]LogConfig: Setting CVar [[r.TextureStreaming:1]]
[2020.03.14-22.34.28:824][  0]LogConfig: Setting CVar [[Compat.UseDXT5NormalMaps:0]]
[2020.03.14-22.34.28:824][  0]LogConfig: Setting CVar [[r.ClearCoatNormal:0]]
[2020.03.14-22.34.28:824][  0]LogConfig: Setting CVar [[r.ReflectionCaptureResolution:128]]
[2020.03.14-22.34.28:824][  0]LogConfig: Setting CVar [[r.ReflectionEnvironmentLightmapMixBasedOnRoughness:1]]
[2020.03.14-22.34.28:824][  0]LogConfig: Setting CVar [[r.ForwardShading:0]]
[2020.03.14-22.34.28:824][  0]LogConfig: Setting CVar [[r.VertexFoggingForOpaque:1]]
[2020.03.14-22.34.28:824][  0]LogConfig: Setting CVar [[r.AllowStaticLighting:1]]
[2020.03.14-22.34.28:824][  0]LogConfig: Setting CVar [[r.NormalMapsForStaticLighting:0]]
[2020.03.14-22.34.28:824][  0]LogConfig: Setting CVar [[r.GenerateMeshDistanceFields:0]]
[2020.03.14-22.34.28:824][  0]LogConfig: Setting CVar [[r.DistanceFieldBuild.EightBit:0]]
[2020.03.14-22.34.28:824][  0]LogConfig: Setting CVar [[r.GenerateLandscapeGIData:0]]
[2020.03.14-22.34.28:824][  0]LogConfig: Setting CVar [[r.DistanceFieldBuild.Compress:0]]
[2020.03.14-22.34.28:824][  0]LogConfig: Setting CVar [[r.TessellationAdaptivePixelsPerTriangle:48.000000]]
[2020.03.14-22.34.28:824][  0]LogConfig: Setting CVar [[r.SeparateTranslucency:1]]
[2020.03.14-22.34.28:824][  0]LogConfig: Setting CVar [[r.TranslucentSortPolicy:0]]
[2020.03.14-22.34.28:824][  0]LogConfig: Setting CVar [[r.CustomDepth:1]]
[2020.03.14-22.34.28:824][  0]LogConfig: Setting CVar [[r.CustomDepthTemporalAAJitter:1]]
[2020.03.14-22.34.28:824][  0]LogConfig: Setting CVar [[r.PostProcessing.PropagateAlpha:0]]
[2020.03.14-22.34.28:824][  0]LogConfig: Setting CVar [[r.DOF.Algorithm:1]]
[2020.03.14-22.34.28:824][  0]LogConfig: Setting CVar [[r.DefaultFeature.Bloom:1]]
[2020.03.14-22.34.28:824][  0]LogConfig: Setting CVar [[r.DefaultFeature.AmbientOcclusion:1]]
[2020.03.14-22.34.28:824][  0]LogConfig: Setting CVar [[r.DefaultFeature.AmbientOcclusionStaticFraction:1]]
[2020.03.14-22.34.28:824][  0]LogConfig: Setting CVar [[r.DefaultFeature.AutoExposure:0]]
[2020.03.14-22.34.28:824][  0]LogConfig: Setting CVar [[r.DefaultFeature.AutoExposure.Method:0]]
[2020.03.14-22.34.28:824][  0]LogConfig: Setting CVar [[r.DefaultFeature.AutoExposure.ExtendDefaultLuminanceRange:0]]
[2020.03.14-22.34.28:824][  0]LogConfig: Setting CVar [[r.UsePreExposure:0]]
[2020.03.14-22.34.28:824][  0]LogConfig: Setting CVar [[r.DefaultFeature.MotionBlur:0]]
[2020.03.14-22.34.28:824][  0]LogConfig: Setting CVar [[r.DefaultFeature.LensFlare:0]]
[2020.03.14-22.34.28:824][  0]LogConfig: Setting CVar [[r.TemporalAA.Upsampling:0]]
[2020.03.14-22.34.28:824][  0]LogConfig: Setting CVar [[r.DefaultFeature.AntiAliasing:0]]
[2020.03.14-22.34.28:824][  0]LogConfig: Setting CVar [[r.DefaultFeature.LightUnits:1]]
[2020.03.14-22.34.28:824][  0]LogConfig: Setting CVar [[r.DefaultBackBufferPixelFormat:4]]
[2020.03.14-22.34.28:824][  0]LogConfig: Setting CVar [[r.Shadow.UnbuiltPreviewInGame:1]]
[2020.03.14-22.34.28:824][  0]LogConfig: Setting CVar [[r.StencilForLODDither:0]]
[2020.03.14-22.34.28:824][  0]LogConfig: Setting CVar [[r.EarlyZPass:3]]
[2020.03.14-22.34.28:824][  0]LogConfig: Setting CVar [[r.EarlyZPassOnlyMaterialMasking:0]]
[2020.03.14-22.34.28:824][  0]LogConfig: Setting CVar [[r.DBuffer:1]]
[2020.03.14-22.34.28:824][  0]LogConfig: Setting CVar [[r.ClearSceneMethod:1]]
[2020.03.14-22.34.28:824][  0]LogConfig: Setting CVar [[r.BasePassOutputsVelocity:0]]
[2020.03.14-22.34.28:824][  0]LogConfig: Setting CVar [[r.SelectiveBasePassOutputs:0]]
[2020.03.14-22.34.28:824][  0]LogConfig: Setting CVar [[fx.GPUSimulationTextureSizeX:1024]]
[2020.03.14-22.34.28:824][  0]LogConfig: Setting CVar [[fx.GPUSimulationTextureSizeY:1024]]
[2020.03.14-22.34.28:824][  0]LogConfig: Setting CVar [[r.AllowGlobalClipPlane:0]]
[2020.03.14-22.34.28:824][  0]LogConfig: Setting CVar [[r.GBufferFormat:1]]
[2020.03.14-22.34.28:824][  0]LogConfig: Setting CVar [[r.MorphTarget.Mode:1]]
[2020.03.14-22.34.28:824][  0]LogConfig: Setting CVar [[vr.InstancedStereo:0]]
[2020.03.14-22.34.28:824][  0]LogConfig: Setting CVar [[vr.MultiView:0]]
[2020.03.14-22.34.28:824][  0]LogConfig: Setting CVar [[vr.MobileMultiView:0]]
[2020.03.14-22.34.28:824][  0]LogConfig: Setting CVar [[vr.MobileMultiView.Direct:0]]
[2020.03.14-22.34.28:824][  0]LogConfig: Setting CVar [[vr.RoundRobinOcclusion:0]]
[2020.03.14-22.34.28:824][  0]LogConfig: Setting CVar [[vr.ODSCapture:0]]
[2020.03.14-22.34.28:824][  0]LogConfig: Setting CVar [[r.WireframeCullThreshold:5.000000]]
[2020.03.14-22.34.28:824][  0]LogConfig: Setting CVar [[r.RayTracing:0]]
[2020.03.14-22.34.28:824][  0]LogConfig: Setting CVar [[r.SupportStationarySkylight:1]]
[2020.03.14-22.34.28:824][  0]LogConfig: Setting CVar [[r.SupportLowQualityLightmaps:1]]
[2020.03.14-22.34.28:824][  0]LogConfig: Setting CVar [[r.SupportPointLightWholeSceneShadows:1]]
[2020.03.14-22.34.28:824][  0]LogConfig: Setting CVar [[r.SupportAtmosphericFog:1]]
[2020.03.14-22.34.28:824][  0]LogConfig: Setting CVar [[r.SkinCache.CompileShaders:0]]
[2020.03.14-22.34.28:824][  0]LogConfig: Setting CVar [[r.Mobile.EnableStaticAndCSMShadowReceivers:1]]
[2020.03.14-22.34.28:824][  0]LogConfig: Setting CVar [[r.Mobile.EnableMovableLightCSMShaderCulling:1]]
[2020.03.14-22.34.28:824][  0]LogConfig: Setting CVar [[r.Mobile.AllowDistanceFieldShadows:1]]
[2020.03.14-22.34.28:824][  0]LogConfig: Setting CVar [[r.Mobile.AllowMovableDirectionalLights:1]]
[2020.03.14-22.34.28:824][  0]LogConfig: Setting CVar [[r.MobileNumDynamicPointLights:4]]
[2020.03.14-22.34.28:824][  0]LogConfig: Setting CVar [[r.MobileDynamicPointLightsUseStaticBranch:1]]
[2020.03.14-22.34.28:824][  0]LogConfig: Setting CVar [[r.Mobile.EnableMovableSpotlights:0]]
[2020.03.14-22.34.28:824][  0]LogConfig: Setting CVar [[r.SkinCache.SceneMemoryLimitInMB:128.000000]]
[2020.03.14-22.34.28:825][  0]LogConfig: Setting CVar [[r.GPUSkin.Limit2BoneInfluences:0]]
[2020.03.14-22.34.28:825][  0]LogConfig: Setting CVar [[r.SupportDepthOnlyIndexBuffers:1]]
[2020.03.14-22.34.28:825][  0]LogConfig: Setting CVar [[r.SupportReversedIndexBuffers:1]]
[2020.03.14-22.34.28:825][  0]LogConfig: Setting CVar [[r.SupportMaterialLayers:0]]
[2020.03.14-22.34.28:825][  0]LogConfig: Applying CVar settings from Section [/Script/Engine.RendererOverrideSettings] File [C:/Users/pele-/Documents/GitHub/DodgeBall/Saved/Config/Windows/Engine.ini]
[2020.03.14-22.34.28:825][  0]LogConfig: Applying CVar settings from Section [/Script/Engine.StreamingSettings] File [C:/Users/pele-/Documents/GitHub/DodgeBall/Saved/Config/Windows/Engine.ini]
[2020.03.14-22.34.28:825][  0]LogConfig: Setting CVar [[s.MinBulkDataSizeForAsyncLoading:131072]]
[2020.03.14-22.34.28:825][  0]LogConfig: Setting CVar [[s.AsyncLoadingThreadEnabled:0]]
[2020.03.14-22.34.28:825][  0]LogConfig: Setting CVar [[s.EventDrivenLoaderEnabled:1]]
[2020.03.14-22.34.28:825][  0]LogConfig: Setting CVar [[s.WarnIfTimeLimitExceeded:0]]
[2020.03.14-22.34.28:825][  0]LogConfig: Setting CVar [[s.TimeLimitExceededMultiplier:1.5]]
[2020.03.14-22.34.28:825][  0]LogConfig: Setting CVar [[s.TimeLimitExceededMinTime:0.005]]
[2020.03.14-22.34.28:825][  0]LogConfig: Setting CVar [[s.UseBackgroundLevelStreaming:1]]
[2020.03.14-22.34.28:825][  0]LogConfig: Setting CVar [[s.PriorityAsyncLoadingExtraTime:15.0]]
[2020.03.14-22.34.28:825][  0]LogConfig: Setting CVar [[s.LevelStreamingActorsUpdateTimeLimit:5.0]]
[2020.03.14-22.34.28:825][  0]LogConfig: Setting CVar [[s.PriorityLevelStreamingActorsUpdateExtraTime:5.0]]
[2020.03.14-22.34.28:825][  0]LogConfig: Setting CVar [[s.LevelStreamingComponentsRegistrationGranularity:10]]
[2020.03.14-22.34.28:825][  0]LogConfig: Setting CVar [[s.UnregisterComponentsTimeLimit:1.0]]
[2020.03.14-22.34.28:825][  0]LogConfig: Setting CVar [[s.LevelStreamingComponentsUnregistrationGranularity:5]]
[2020.03.14-22.34.28:825][  0]LogConfig: Applying CVar settings from Section [/Script/Engine.GarbageCollectionSettings] File [C:/Users/pele-/Documents/GitHub/DodgeBall/Saved/Config/Windows/Engine.ini]
[2020.03.14-22.34.28:825][  0]LogConfig: Setting CVar [[gc.MaxObjectsNotConsideredByGC:1]]
[2020.03.14-22.34.28:825][  0]LogConfig: Setting CVar [[gc.SizeOfPermanentObjectPool:0]]
[2020.03.14-22.34.28:825][  0]LogConfig: Setting CVar [[gc.FlushStreamingOnGC:0]]
[2020.03.14-22.34.28:825][  0]LogConfig: Setting CVar [[gc.NumRetriesBeforeForcingGC:10]]
[2020.03.14-22.34.28:825][  0]LogConfig: Setting CVar [[gc.AllowParallelGC:1]]
[2020.03.14-22.34.28:825][  0]LogConfig: Setting CVar [[gc.TimeBetweenPurgingPendingKillObjects:61.1]]
[2020.03.14-22.34.28:825][  0]LogConfig: Setting CVar [[gc.MaxObjectsInEditor:16777216]]
[2020.03.14-22.34.28:825][  0]LogConfig: Setting CVar [[gc.IncrementalBeginDestroyEnabled:1]]
[2020.03.14-22.34.28:825][  0]LogConfig: Setting CVar [[gc.CreateGCClusters:1]]
[2020.03.14-22.34.28:825][  0]LogConfig: Setting CVar [[gc.MinGCClusterSize:5]]
[2020.03.14-22.34.28:825][  0]LogConfig: Setting CVar [[gc.ActorClusteringEnabled:0]]
[2020.03.14-22.34.28:825][  0]LogConfig: Setting CVar [[gc.BlueprintClusteringEnabled:0]]
[2020.03.14-22.34.28:825][  0]LogConfig: Setting CVar [[gc.UseDisregardForGCOnDedicatedServers:0]]
[2020.03.14-22.34.28:825][  0]LogConfig: Applying CVar settings from Section [/Script/Engine.NetworkSettings] File [C:/Users/pele-/Documents/GitHub/DodgeBall/Saved/Config/Windows/Engine.ini]
[2020.03.14-22.34.28:825][  0]LogConfig: Applying CVar settings from Section [/Script/UnrealEd.CookerSettings] File [C:/Users/pele-/Documents/GitHub/DodgeBall/Saved/Config/Windows/Engine.ini]
[2020.03.14-22.34.28:827][  0]LogConfig: Applying CVar settings from Section [ViewDistanceQuality@3] File [C:/Users/pele-/Documents/GitHub/DodgeBall/Saved/Config/Windows/Scalability.ini]
[2020.03.14-22.34.28:827][  0]LogConfig: Setting CVar [[r.SkeletalMeshLODBias:0]]
[2020.03.14-22.34.28:827][  0]LogConfig: Setting CVar [[r.ViewDistanceScale:1.0]]
[2020.03.14-22.34.28:827][  0]LogConfig: Applying CVar settings from Section [AntiAliasingQuality@3] File [C:/Users/pele-/Documents/GitHub/DodgeBall/Saved/Config/Windows/Scalability.ini]
[2020.03.14-22.34.28:827][  0]LogConfig: Setting CVar [[r.PostProcessAAQuality:4]]
[2020.03.14-22.34.28:827][  0]LogConfig: Applying CVar settings from Section [ShadowQuality@3] File [C:/Users/pele-/Documents/GitHub/DodgeBall/Saved/Config/Windows/Scalability.ini]
[2020.03.14-22.34.28:827][  0]LogConfig: Setting CVar [[r.LightFunctionQuality:1]]
[2020.03.14-22.34.28:827][  0]LogConfig: Setting CVar [[r.ShadowQuality:5]]
[2020.03.14-22.34.28:827][  0]LogConfig: Setting CVar [[r.Shadow.CSM.MaxCascades:10]]
[2020.03.14-22.34.28:827][  0]LogConfig: Setting CVar [[r.Shadow.MaxResolution:2048]]
[2020.03.14-22.34.28:827][  0]LogConfig: Setting CVar [[r.Shadow.MaxCSMResolution:2048]]
[2020.03.14-22.34.28:827][  0]LogConfig: Setting CVar [[r.Shadow.RadiusThreshold:0.01]]
[2020.03.14-22.34.28:827][  0]LogConfig: Setting CVar [[r.Shadow.DistanceScale:1.0]]
[2020.03.14-22.34.28:827][  0]LogConfig: Setting CVar [[r.Shadow.CSM.TransitionScale:1.0]]
[2020.03.14-22.34.28:827][  0]LogConfig: Setting CVar [[r.Shadow.PreShadowResolutionFactor:1.0]]
[2020.03.14-22.34.28:827][  0]LogConfig: Setting CVar [[r.DistanceFieldShadowing:1]]
[2020.03.14-22.34.28:827][  0]LogConfig: Setting CVar [[r.DistanceFieldAO:1]]
[2020.03.14-22.34.28:827][  0]LogConfig: Setting CVar [[r.AOQuality:2]]
[2020.03.14-22.34.28:827][  0]LogConfig: Setting CVar [[r.VolumetricFog:1]]
[2020.03.14-22.34.28:827][  0]LogConfig: Setting CVar [[r.VolumetricFog.GridPixelSize:8]]
[2020.03.14-22.34.28:827][  0]LogConfig: Setting CVar [[r.VolumetricFog.GridSizeZ:128]]
[2020.03.14-22.34.28:827][  0]LogConfig: Setting CVar [[r.VolumetricFog.HistoryMissSupersampleCount:4]]
[2020.03.14-22.34.28:827][  0]LogConfig: Setting CVar [[r.LightMaxDrawDistanceScale:1]]
[2020.03.14-22.34.28:827][  0]LogConfig: Setting CVar [[r.CapsuleShadows:1]]
[2020.03.14-22.34.28:827][  0]LogConfig: Applying CVar settings from Section [PostProcessQuality@3] File [C:/Users/pele-/Documents/GitHub/DodgeBall/Saved/Config/Windows/Scalability.ini]
[2020.03.14-22.34.28:827][  0]LogConfig: Setting CVar [[r.MotionBlurQuality:4]]
[2020.03.14-22.34.28:827][  0]LogConfig: Setting CVar [[r.AmbientOcclusionMipLevelFactor:0.4]]
[2020.03.14-22.34.28:827][  0]LogConfig: Setting CVar [[r.AmbientOcclusionMaxQuality:100]]
[2020.03.14-22.34.28:827][  0]LogConfig: Setting CVar [[r.AmbientOcclusionLevels:-1]]
[2020.03.14-22.34.28:827][  0]LogConfig: Setting CVar [[r.AmbientOcclusionRadiusScale:1.0]]
[2020.03.14-22.34.28:827][  0]LogConfig: Setting CVar [[r.DepthOfFieldQuality:2]]
[2020.03.14-22.34.28:827][  0]LogConfig: Setting CVar [[r.RenderTargetPoolMin:400]]
[2020.03.14-22.34.28:827][  0]LogConfig: Setting CVar [[r.LensFlareQuality:2]]
[2020.03.14-22.34.28:827][  0]LogConfig: Setting CVar [[r.SceneColorFringeQuality:1]]
[2020.03.14-22.34.28:827][  0]LogConfig: Setting CVar [[r.EyeAdaptationQuality:2]]
[2020.03.14-22.34.28:827][  0]LogConfig: Setting CVar [[r.BloomQuality:5]]
[2020.03.14-22.34.28:827][  0]LogConfig: Setting CVar [[r.FastBlurThreshold:100]]
[2020.03.14-22.34.28:827][  0]LogConfig: Setting CVar [[r.Upscale.Quality:3]]
[2020.03.14-22.34.28:827][  0]LogConfig: Setting CVar [[r.Tonemapper.GrainQuantization:1]]
[2020.03.14-22.34.28:827][  0]LogConfig: Setting CVar [[r.LightShaftQuality:1]]
[2020.03.14-22.34.28:827][  0]LogConfig: Setting CVar [[r.Filter.SizeScale:1]]
[2020.03.14-22.34.28:827][  0]LogConfig: Setting CVar [[r.Tonemapper.Quality:5]]
[2020.03.14-22.34.28:827][  0]LogConfig: Setting CVar [[r.DOF.Gather.AccumulatorQuality:1        ; higher gathering accumulator quality]]
[2020.03.14-22.34.28:827][  0]LogConfig: Setting CVar [[r.DOF.Gather.PostfilterMethod:1          ; Median3x3 postfilering method]]
[2020.03.14-22.34.28:827][  0]LogConfig: Setting CVar [[r.DOF.Gather.EnableBokehSettings:0       ; no bokeh simulation when gathering]]
[2020.03.14-22.34.28:827][  0]LogConfig: Setting CVar [[r.DOF.Gather.RingCount:4                 ; medium number of samples when gathering]]
[2020.03.14-22.34.28:828][  0]LogConfig: Setting CVar [[r.DOF.Scatter.ForegroundCompositing:1    ; additive foreground scattering]]
[2020.03.14-22.34.28:828][  0]LogConfig: Setting CVar [[r.DOF.Scatter.BackgroundCompositing:2    ; additive background scattering]]
[2020.03.14-22.34.28:828][  0]LogConfig: Setting CVar [[r.DOF.Scatter.EnableBokehSettings:1      ; bokeh simulation when scattering]]
[2020.03.14-22.34.28:828][  0]LogConfig: Setting CVar [[r.DOF.Scatter.MaxSpriteRatio:0.1         ; only a maximum of 10% of scattered bokeh]]
[2020.03.14-22.34.28:828][  0]LogConfig: Setting CVar [[r.DOF.Recombine.Quality:1                ; cheap slight out of focus]]
[2020.03.14-22.34.28:828][  0]LogConfig: Setting CVar [[r.DOF.Recombine.EnableBokehSettings:0    ; no bokeh simulation on slight out of focus]]
[2020.03.14-22.34.28:828][  0]LogConfig: Setting CVar [[r.DOF.TemporalAAQuality:1                ; more stable temporal accumulation]]
[2020.03.14-22.34.28:828][  0]LogConfig: Setting CVar [[r.DOF.Kernel.MaxForegroundRadius:0.025]]
[2020.03.14-22.34.28:828][  0]LogConfig: Setting CVar [[r.DOF.Kernel.MaxBackgroundRadius:0.025]]
[2020.03.14-22.34.28:828][  0]LogConfig: Applying CVar settings from Section [TextureQuality@3] File [C:/Users/pele-/Documents/GitHub/DodgeBall/Saved/Config/Windows/Scalability.ini]
[2020.03.14-22.34.28:828][  0]LogConfig: Setting CVar [[r.Streaming.MipBias:0]]
[2020.03.14-22.34.28:828][  0]LogConfig: Setting CVar [[r.Streaming.AmortizeCPUToGPUCopy:0]]
[2020.03.14-22.34.28:828][  0]LogConfig: Setting CVar [[r.Streaming.MaxNumTexturesToStreamPerFrame:0]]
[2020.03.14-22.34.28:828][  0]LogConfig: Setting CVar [[r.Streaming.Boost:1]]
[2020.03.14-22.34.28:828][  0]LogConfig: Setting CVar [[r.MaxAnisotropy:8]]
[2020.03.14-22.34.28:828][  0]LogConfig: Setting CVar [[r.Streaming.LimitPoolSizeToVRAM:0]]
[2020.03.14-22.34.28:828][  0]LogConfig: Setting CVar [[r.Streaming.PoolSize:1000]]
[2020.03.14-22.34.28:828][  0]LogConfig: Setting CVar [[r.Streaming.MaxEffectiveScreenSize:0]]
[2020.03.14-22.34.28:828][  0]LogConfig: Applying CVar settings from Section [EffectsQuality@3] File [C:/Users/pele-/Documents/GitHub/DodgeBall/Saved/Config/Windows/Scalability.ini]
[2020.03.14-22.34.28:828][  0]LogConfig: Setting CVar [[r.TranslucencyLightingVolumeDim:64]]
[2020.03.14-22.34.28:828][  0]LogConfig: Setting CVar [[r.RefractionQuality:2]]
[2020.03.14-22.34.28:828][  0]LogConfig: Setting CVar [[r.SSR.Quality:3]]
[2020.03.14-22.34.28:828][  0]LogConfig: Setting CVar [[r.SceneColorFormat:4]]
[2020.03.14-22.34.28:828][  0]LogConfig: Setting CVar [[r.DetailMode:2]]
[2020.03.14-22.34.28:828][  0]LogConfig: Setting CVar [[r.TranslucencyVolumeBlur:1]]
[2020.03.14-22.34.28:828][  0]LogConfig: Setting CVar [[r.MaterialQualityLevel:1 ; High quality]]
[2020.03.14-22.34.28:828][  0]LogConfig: Setting CVar [[r.SSS.Scale:1]]
[2020.03.14-22.34.28:828][  0]LogConfig: Setting CVar [[r.SSS.SampleSet:2]]
[2020.03.14-22.34.28:828][  0]LogConfig: Setting CVar [[r.SSS.Quality:1]]
[2020.03.14-22.34.28:828][  0]LogConfig: Setting CVar [[r.SSS.HalfRes:1]]
[2020.03.14-22.34.28:828][  0]LogConfig: Setting CVar [[r.EmitterSpawnRateScale:1.0]]
[2020.03.14-22.34.28:828][  0]LogConfig: Setting CVar [[r.ParticleLightQuality:2]]
[2020.03.14-22.34.28:828][  0]LogConfig: Applying CVar settings from Section [FoliageQuality@3] File [C:/Users/pele-/Documents/GitHub/DodgeBall/Saved/Config/Windows/Scalability.ini]
[2020.03.14-22.34.28:828][  0]LogConfig: Setting CVar [[foliage.DensityScale:1.0]]
[2020.03.14-22.34.28:828][  0]LogConfig: Setting CVar [[grass.DensityScale:1.0]]
[2020.03.14-22.34.28:828][  0]LogInit: Selected Device Profile: [Windows]
[2020.03.14-22.34.28:828][  0]LogInit: Applying CVar settings loaded from the selected device profile: [Windows]
[2020.03.14-22.34.28:835][  0]LogHAL: Display: Platform has ~ 16 GB [17022177280 / 17179869184 / 16], which maps to Larger [LargestMinGB=32, LargerMinGB=12, DefaultMinGB=8, SmallerMinGB=6, SmallestMinGB=0)
[2020.03.14-22.34.28:835][  0]LogConfig: Setting CVar [[r.Vulkan.UseRealUBs:0		; Required until we fix HLR fall-out]]
[2020.03.14-22.34.28:835][  0]LogInit: Going up to parent DeviceProfile []
[2020.03.14-22.34.28:835][  0]LogConfig: Applying CVar settings from Section [ViewDistanceQuality@3] File [C:/Users/pele-/Documents/GitHub/DodgeBall/Saved/Config/Windows/Scalability.ini]
[2020.03.14-22.34.28:835][  0]LogConfig: Setting CVar [[r.SkeletalMeshLODBias:0]]
[2020.03.14-22.34.28:835][  0]LogConfig: Setting CVar [[r.ViewDistanceScale:1.0]]
[2020.03.14-22.34.28:835][  0]LogConfig: Applying CVar settings from Section [AntiAliasingQuality@3] File [C:/Users/pele-/Documents/GitHub/DodgeBall/Saved/Config/Windows/Scalability.ini]
[2020.03.14-22.34.28:835][  0]LogConfig: Setting CVar [[r.PostProcessAAQuality:4]]
[2020.03.14-22.34.28:835][  0]LogConfig: Applying CVar settings from Section [ShadowQuality@3] File [C:/Users/pele-/Documents/GitHub/DodgeBall/Saved/Config/Windows/Scalability.ini]
[2020.03.14-22.34.28:835][  0]LogConfig: Setting CVar [[r.LightFunctionQuality:1]]
[2020.03.14-22.34.28:835][  0]LogConfig: Setting CVar [[r.ShadowQuality:5]]
[2020.03.14-22.34.28:835][  0]LogConfig: Setting CVar [[r.Shadow.CSM.MaxCascades:10]]
[2020.03.14-22.34.28:835][  0]LogConfig: Setting CVar [[r.Shadow.MaxResolution:2048]]
[2020.03.14-22.34.28:835][  0]LogConfig: Setting CVar [[r.Shadow.MaxCSMResolution:2048]]
[2020.03.14-22.34.28:835][  0]LogConfig: Setting CVar [[r.Shadow.RadiusThreshold:0.01]]
[2020.03.14-22.34.28:835][  0]LogConfig: Setting CVar [[r.Shadow.DistanceScale:1.0]]
[2020.03.14-22.34.28:835][  0]LogConfig: Setting CVar [[r.Shadow.CSM.TransitionScale:1.0]]
[2020.03.14-22.34.28:835][  0]LogConfig: Setting CVar [[r.Shadow.PreShadowResolutionFactor:1.0]]
[2020.03.14-22.34.28:835][  0]LogConfig: Setting CVar [[r.DistanceFieldShadowing:1]]
[2020.03.14-22.34.28:835][  0]LogConfig: Setting CVar [[r.DistanceFieldAO:1]]
[2020.03.14-22.34.28:835][  0]LogConfig: Setting CVar [[r.AOQuality:2]]
[2020.03.14-22.34.28:835][  0]LogConfig: Setting CVar [[r.VolumetricFog:1]]
[2020.03.14-22.34.28:835][  0]LogConfig: Setting CVar [[r.VolumetricFog.GridPixelSize:8]]
[2020.03.14-22.34.28:835][  0]LogConfig: Setting CVar [[r.VolumetricFog.GridSizeZ:128]]
[2020.03.14-22.34.28:835][  0]LogConfig: Setting CVar [[r.VolumetricFog.HistoryMissSupersampleCount:4]]
[2020.03.14-22.34.28:835][  0]LogConfig: Setting CVar [[r.LightMaxDrawDistanceScale:1]]
[2020.03.14-22.34.28:835][  0]LogConfig: Setting CVar [[r.CapsuleShadows:1]]
[2020.03.14-22.34.28:835][  0]LogConfig: Applying CVar settings from Section [PostProcessQuality@3] File [C:/Users/pele-/Documents/GitHub/DodgeBall/Saved/Config/Windows/Scalability.ini]
[2020.03.14-22.34.28:835][  0]LogConfig: Setting CVar [[r.MotionBlurQuality:4]]
[2020.03.14-22.34.28:835][  0]LogConfig: Setting CVar [[r.AmbientOcclusionMipLevelFactor:0.4]]
[2020.03.14-22.34.28:835][  0]LogConfig: Setting CVar [[r.AmbientOcclusionMaxQuality:100]]
[2020.03.14-22.34.28:835][  0]LogConfig: Setting CVar [[r.AmbientOcclusionLevels:-1]]
[2020.03.14-22.34.28:835][  0]LogConfig: Setting CVar [[r.AmbientOcclusionRadiusScale:1.0]]
[2020.03.14-22.34.28:835][  0]LogConfig: Setting CVar [[r.DepthOfFieldQuality:2]]
[2020.03.14-22.34.28:835][  0]LogConfig: Setting CVar [[r.RenderTargetPoolMin:400]]
[2020.03.14-22.34.28:835][  0]LogConfig: Setting CVar [[r.LensFlareQuality:2]]
[2020.03.14-22.34.28:835][  0]LogConfig: Setting CVar [[r.SceneColorFringeQuality:1]]
[2020.03.14-22.34.28:835][  0]LogConfig: Setting CVar [[r.EyeAdaptationQuality:2]]
[2020.03.14-22.34.28:835][  0]LogConfig: Setting CVar [[r.BloomQuality:5]]
[2020.03.14-22.34.28:835][  0]LogConfig: Setting CVar [[r.FastBlurThreshold:100]]
[2020.03.14-22.34.28:835][  0]LogConfig: Setting CVar [[r.Upscale.Quality:3]]
[2020.03.14-22.34.28:835][  0]LogConfig: Setting CVar [[r.Tonemapper.GrainQuantization:1]]
[2020.03.14-22.34.28:835][  0]LogConfig: Setting CVar [[r.LightShaftQuality:1]]
[2020.03.14-22.34.28:835][  0]LogConfig: Setting CVar [[r.Filter.SizeScale:1]]
[2020.03.14-22.34.28:835][  0]LogConfig: Setting CVar [[r.Tonemapper.Quality:5]]
[2020.03.14-22.34.28:835][  0]LogConfig: Setting CVar [[r.DOF.Gather.AccumulatorQuality:1        ; higher gathering accumulator quality]]
[2020.03.14-22.34.28:835][  0]LogConfig: Setting CVar [[r.DOF.Gather.PostfilterMethod:1          ; Median3x3 postfilering method]]
[2020.03.14-22.34.28:835][  0]LogConfig: Setting CVar [[r.DOF.Gather.EnableBokehSettings:0       ; no bokeh simulation when gathering]]
[2020.03.14-22.34.28:835][  0]LogConfig: Setting CVar [[r.DOF.Gather.RingCount:4                 ; medium number of samples when gathering]]
[2020.03.14-22.34.28:835][  0]LogConfig: Setting CVar [[r.DOF.Scatter.ForegroundCompositing:1    ; additive foreground scattering]]
[2020.03.14-22.34.28:835][  0]LogConfig: Setting CVar [[r.DOF.Scatter.BackgroundCompositing:2    ; additive background scattering]]
[2020.03.14-22.34.28:835][  0]LogConfig: Setting CVar [[r.DOF.Scatter.EnableBokehSettings:1      ; bokeh simulation when scattering]]
[2020.03.14-22.34.28:835][  0]LogConfig: Setting CVar [[r.DOF.Scatter.MaxSpriteRatio:0.1         ; only a maximum of 10% of scattered bokeh]]
[2020.03.14-22.34.28:835][  0]LogConfig: Setting CVar [[r.DOF.Recombine.Quality:1                ; cheap slight out of focus]]
[2020.03.14-22.34.28:835][  0]LogConfig: Setting CVar [[r.DOF.Recombine.EnableBokehSettings:0    ; no bokeh simulation on slight out of focus]]
[2020.03.14-22.34.28:835][  0]LogConfig: Setting CVar [[r.DOF.TemporalAAQuality:1                ; more stable temporal accumulation]]
[2020.03.14-22.34.28:835][  0]LogConfig: Setting CVar [[r.DOF.Kernel.MaxForegroundRadius:0.025]]
[2020.03.14-22.34.28:835][  0]LogConfig: Setting CVar [[r.DOF.Kernel.MaxBackgroundRadius:0.025]]
[2020.03.14-22.34.28:835][  0]LogConfig: Applying CVar settings from Section [TextureQuality@3] File [C:/Users/pele-/Documents/GitHub/DodgeBall/Saved/Config/Windows/Scalability.ini]
[2020.03.14-22.34.28:835][  0]LogConfig: Setting CVar [[r.Streaming.MipBias:0]]
[2020.03.14-22.34.28:835][  0]LogConfig: Setting CVar [[r.Streaming.AmortizeCPUToGPUCopy:0]]
[2020.03.14-22.34.28:835][  0]LogConfig: Setting CVar [[r.Streaming.MaxNumTexturesToStreamPerFrame:0]]
[2020.03.14-22.34.28:835][  0]LogConfig: Setting CVar [[r.Streaming.Boost:1]]
[2020.03.14-22.34.28:835][  0]LogConfig: Setting CVar [[r.MaxAnisotropy:8]]
[2020.03.14-22.34.28:835][  0]LogConfig: Setting CVar [[r.Streaming.LimitPoolSizeToVRAM:0]]
[2020.03.14-22.34.28:835][  0]LogConfig: Setting CVar [[r.Streaming.PoolSize:1000]]
[2020.03.14-22.34.28:835][  0]LogConfig: Setting CVar [[r.Streaming.MaxEffectiveScreenSize:0]]
[2020.03.14-22.34.28:835][  0]LogConfig: Applying CVar settings from Section [EffectsQuality@3] File [C:/Users/pele-/Documents/GitHub/DodgeBall/Saved/Config/Windows/Scalability.ini]
[2020.03.14-22.34.28:835][  0]LogConfig: Setting CVar [[r.TranslucencyLightingVolumeDim:64]]
[2020.03.14-22.34.28:835][  0]LogConfig: Setting CVar [[r.RefractionQuality:2]]
[2020.03.14-22.34.28:835][  0]LogConfig: Setting CVar [[r.SSR.Quality:3]]
[2020.03.14-22.34.28:835][  0]LogConfig: Setting CVar [[r.SceneColorFormat:4]]
[2020.03.14-22.34.28:835][  0]LogConfig: Setting CVar [[r.DetailMode:2]]
[2020.03.14-22.34.28:835][  0]LogConfig: Setting CVar [[r.TranslucencyVolumeBlur:1]]
[2020.03.14-22.34.28:835][  0]LogConfig: Setting CVar [[r.MaterialQualityLevel:1 ; High quality]]
[2020.03.14-22.34.28:835][  0]LogConfig: Setting CVar [[r.SSS.Scale:1]]
[2020.03.14-22.34.28:835][  0]LogConfig: Setting CVar [[r.SSS.SampleSet:2]]
[2020.03.14-22.34.28:835][  0]LogConfig: Setting CVar [[r.SSS.Quality:1]]
[2020.03.14-22.34.28:835][  0]LogConfig: Setting CVar [[r.SSS.HalfRes:1]]
[2020.03.14-22.34.28:836][  0]LogConfig: Setting CVar [[r.EmitterSpawnRateScale:1.0]]
[2020.03.14-22.34.28:836][  0]LogConfig: Setting CVar [[r.ParticleLightQuality:2]]
[2020.03.14-22.34.28:836][  0]LogConfig: Applying CVar settings from Section [FoliageQuality@3] File [C:/Users/pele-/Documents/GitHub/DodgeBall/Saved/Config/Windows/Scalability.ini]
[2020.03.14-22.34.28:836][  0]LogConfig: Setting CVar [[foliage.DensityScale:1.0]]
[2020.03.14-22.34.28:836][  0]LogConfig: Setting CVar [[grass.DensityScale:1.0]]
[2020.03.14-22.34.28:836][  0]LogConfig: Applying CVar settings from Section [Startup] File [../../../Engine/Config/ConsoleVariables.ini]
[2020.03.14-22.34.28:836][  0]LogConfig: Setting CVar [[net.UseAdaptiveNetUpdateFrequency:0]]
[2020.03.14-22.34.28:836][  0]LogConfig: Setting CVar [[p.chaos.AllowCreatePhysxBodies:1]]
[2020.03.14-22.34.28:836][  0]LogConfig: Applying CVar settings from Section [ConsoleVariables] File [C:/Users/pele-/Documents/GitHub/DodgeBall/Saved/Config/Windows/Engine.ini]
[2020.03.14-22.34.28:836][  0]LogInit: Computer: LAPTOP-OS5U2E3I
[2020.03.14-22.34.28:836][  0]LogInit: User: pele
[2020.03.14-22.34.28:836][  0]LogInit: CPU Page size=4096, Cores=6
[2020.03.14-22.34.28:836][  0]LogInit: High frequency timer resolution =10.000000 MHz
[2020.03.14-22.34.28:836][  0]LogMemory: Memory total: Physical=15.9GB (16GB approx)
[2020.03.14-22.34.28:836][  0]LogMemory: Platform Memory Stats for Windows
[2020.03.14-22.34.28:836][  0]LogMemory: Process Physical Memory: 98.37 MB used, 98.37 MB peak
[2020.03.14-22.34.28:836][  0]LogMemory: Process Virtual Memory: 89.83 MB used, 89.83 MB peak
[2020.03.14-22.34.28:836][  0]LogMemory: Physical Memory: 5515.49 MB used,  10718.13 MB free, 16233.61 MB total
[2020.03.14-22.34.28:836][  0]LogMemory: Virtual Memory: 4674.66 MB used,  134213056.00 MB free, 134217728.00 MB total
[2020.03.14-22.34.28:896][  0]LogInit: Using OS detected language (en-US).
[2020.03.14-22.34.28:896][  0]LogInit: Using OS detected locale (en-US).
[2020.03.14-22.34.28:897][  0]LogTextLocalizationManager: No specific localization for 'en-US' exists, so the 'en' localization will be used.
[2020.03.14-22.34.29:023][  0]LogInit: Setting process to per monitor DPI aware
[2020.03.14-22.34.29:054][  0]LogSlate: New Slate User Created.  User Index 0, Is Virtual User: 0
[2020.03.14-22.34.29:054][  0]LogSlate: Slate User Registered.  User Index 0, Is Virtual User: 0
[2020.03.14-22.34.29:224][  0]LogHMD: Failed to initialize OpenVR with code 110
[2020.03.14-22.34.29:224][  0]LogD3D11RHI: D3D11 adapters:
[2020.03.14-22.34.29:304][  0]LogD3D11RHI:    0. 'NVIDIA GeForce RTX 2070' (Feature Level 11_0)
[2020.03.14-22.34.29:304][  0]LogD3D11RHI:       8031/0/8116 MB DedicatedVideo/DedicatedSystem/SharedSystem, Outputs:1, VendorId:0x10de
[2020.03.14-22.34.29:325][  0]LogD3D11RHI:    1. 'Intel(R) UHD Graphics 630' (Feature Level 11_0)
[2020.03.14-22.34.29:325][  0]LogD3D11RHI:       128/0/8116 MB DedicatedVideo/DedicatedSystem/SharedSystem, Outputs:0, VendorId:0x8086
[2020.03.14-22.34.29:326][  0]LogD3D11RHI:    2. 'Microsoft Basic Render Driver' (Feature Level 11_0)
[2020.03.14-22.34.29:327][  0]LogD3D11RHI:       0/0/8116 MB DedicatedVideo/DedicatedSystem/SharedSystem, Outputs:0, VendorId:0x1414
[2020.03.14-22.34.29:327][  0]LogD3D11RHI: Chosen D3D11 Adapter: 0
[2020.03.14-22.34.29:358][  0]LogD3D11RHI: Creating new Direct3DDevice
[2020.03.14-22.34.29:358][  0]LogD3D11RHI:     GPU DeviceId: 0x1f10 (for the marketing name, search the web for "GPU Device Id")
[2020.03.14-22.34.29:358][  0]LogWindows: EnumDisplayDevices:
[2020.03.14-22.34.29:358][  0]LogWindows:    0. 'Intel(R) UHD Graphics 630' (P:1 D:1)
[2020.03.14-22.34.29:358][  0]LogWindows:    1. 'Intel(R) UHD Graphics 630' (P:0 D:0)
[2020.03.14-22.34.29:358][  0]LogWindows:    2. 'Intel(R) UHD Graphics 630' (P:0 D:0)
[2020.03.14-22.34.29:359][  0]LogWindows:    3. 'NVIDIA GeForce RTX 2070' (P:0 D:0)
[2020.03.14-22.34.29:359][  0]LogWindows:    4. 'NVIDIA GeForce RTX 2070' (P:0 D:0)
[2020.03.14-22.34.29:359][  0]LogWindows:    5. 'NVIDIA GeForce RTX 2070' (P:0 D:0)
[2020.03.14-22.34.29:359][  0]LogWindows:    6. 'NVIDIA GeForce RTX 2070' (P:0 D:0)
[2020.03.14-22.34.29:359][  0]LogWindows: DebugString: PrimaryIsNotTheChoosenAdapter PrimaryIsNotTheChoosenAdapter PrimaryIsNotTheChoosenAdapter FoundDriverCount:4 
[2020.03.14-22.34.29:359][  0]LogD3D11RHI:     Adapter Name: NVIDIA GeForce RTX 2070
[2020.03.14-22.34.29:360][  0]LogD3D11RHI:   Driver Version: 442.19 (internal:26.21.14.4219, unified:442.19)
[2020.03.14-22.34.29:360][  0]LogD3D11RHI:      Driver Date: 1-29-2020
[2020.03.14-22.34.29:360][  0]LogRHI: Texture pool is 5621 MB (70% of 8031 MB)
[2020.03.14-22.34.29:410][  0]LogD3D11RHI: Async texture creation enabled
[2020.03.14-22.34.29:417][  0]LogRendererCore: FGlobalReadBuffer::InitRHI
[2020.03.14-22.34.29:418][  0]LogRendererCore: FGlobalReadBuffer::InitRHI
[2020.03.14-22.34.29:418][  0]LogRendererCore: FGlobalReadBuffer::InitRHI
[2020.03.14-22.34.29:425][  0]LogD3D11RHI: GPU Timing Frequency: 1000.000000 (Debug: 2 1)
[2020.03.14-22.34.29:703][  0]LogTemp: Display: Module 'AllDesktopTargetPlatform' loaded TargetPlatform 'AllDesktop'
[2020.03.14-22.34.29:715][  0]LogTemp: Display: Module 'MacClientTargetPlatform' loaded TargetPlatform 'MacClient'
[2020.03.14-22.34.29:727][  0]LogTemp: Display: Module 'MacNoEditorTargetPlatform' loaded TargetPlatform 'MacNoEditor'
[2020.03.14-22.34.29:739][  0]LogTemp: Display: Module 'MacServerTargetPlatform' loaded TargetPlatform 'MacServer'
[2020.03.14-22.34.29:751][  0]LogTemp: Display: Module 'MacTargetPlatform' loaded TargetPlatform 'Mac'
[2020.03.14-22.34.29:762][  0]LogTemp: Display: Module 'WindowsClientTargetPlatform' loaded TargetPlatform 'WindowsClient'
[2020.03.14-22.34.29:775][  0]LogTemp: Display: Module 'WindowsNoEditorTargetPlatform' loaded TargetPlatform 'WindowsNoEditor'
[2020.03.14-22.34.29:787][  0]LogTemp: Display: Module 'WindowsServerTargetPlatform' loaded TargetPlatform 'WindowsServer'
[2020.03.14-22.34.29:793][  0]LogTemp: Display: Module 'WindowsTargetPlatform' loaded TargetPlatform 'Windows'
[2020.03.14-22.34.29:862][  0]LogTemp: Display: Module 'AndroidTargetPlatform' loaded TargetPlatform 'Android'
[2020.03.14-22.34.29:863][  0]LogTemp: Display: Module 'AndroidTargetPlatform' loaded TargetPlatform 'Android_ASTC'
[2020.03.14-22.34.29:863][  0]LogTemp: Display: Module 'AndroidTargetPlatform' loaded TargetPlatform 'Android_ATC'
[2020.03.14-22.34.29:863][  0]LogTemp: Display: Module 'AndroidTargetPlatform' loaded TargetPlatform 'Android_DXT'
[2020.03.14-22.34.29:863][  0]LogTemp: Display: Module 'AndroidTargetPlatform' loaded TargetPlatform 'Android_ETC1'
[2020.03.14-22.34.29:863][  0]LogTemp: Display: Module 'AndroidTargetPlatform' loaded TargetPlatform 'Android_ETC1a'
[2020.03.14-22.34.29:863][  0]LogTemp: Display: Module 'AndroidTargetPlatform' loaded TargetPlatform 'Android_ETC2'
[2020.03.14-22.34.29:863][  0]LogTemp: Display: Module 'AndroidTargetPlatform' loaded TargetPlatform 'Android_PVRTC'
[2020.03.14-22.34.29:863][  0]LogTemp: Display: Module 'AndroidTargetPlatform' loaded TargetPlatform 'AndroidClient'
[2020.03.14-22.34.29:863][  0]LogTemp: Display: Module 'AndroidTargetPlatform' loaded TargetPlatform 'Android_ASTCClient'
[2020.03.14-22.34.29:863][  0]LogTemp: Display: Module 'AndroidTargetPlatform' loaded TargetPlatform 'Android_ATCClient'
[2020.03.14-22.34.29:863][  0]LogTemp: Display: Module 'AndroidTargetPlatform' loaded TargetPlatform 'Android_DXTClient'
[2020.03.14-22.34.29:863][  0]LogTemp: Display: Module 'AndroidTargetPlatform' loaded TargetPlatform 'Android_ETC1Client'
[2020.03.14-22.34.29:863][  0]LogTemp: Display: Module 'AndroidTargetPlatform' loaded TargetPlatform 'Android_ETC1aClient'
[2020.03.14-22.34.29:863][  0]LogTemp: Display: Module 'AndroidTargetPlatform' loaded TargetPlatform 'Android_ETC2Client'
[2020.03.14-22.34.29:863][  0]LogTemp: Display: Module 'AndroidTargetPlatform' loaded TargetPlatform 'Android_PVRTCClient'
[2020.03.14-22.34.29:863][  0]LogTemp: Display: Module 'AndroidTargetPlatform' loaded TargetPlatform 'Android_Multi'
[2020.03.14-22.34.29:863][  0]LogTemp: Display: Module 'AndroidTargetPlatform' loaded TargetPlatform 'Android_MultiClient'
[2020.03.14-22.34.29:864][  0]LogTemp: Display: Module 'HTML5TargetPlatform' loaded TargetPlatform 'HTML5'
[2020.03.14-22.34.29:910][  0]LogTemp: Display: Module 'IOSTargetPlatform' loaded TargetPlatform 'IOSClient'
[2020.03.14-22.34.29:910][  0]LogTemp: Display: Module 'IOSTargetPlatform' loaded TargetPlatform 'IOS'
[2020.03.14-22.34.29:931][  0]LogTemp: Display: Module 'TVOSTargetPlatform' loaded TargetPlatform 'TVOSClient'
[2020.03.14-22.34.29:931][  0]LogTemp: Display: Module 'TVOSTargetPlatform' loaded TargetPlatform 'TVOS'
[2020.03.14-22.34.29:942][  0]LogTemp: Display: Module 'LinuxClientTargetPlatform' loaded TargetPlatform 'LinuxClient'
[2020.03.14-22.34.29:952][  0]LogTemp: Display: Module 'LinuxNoEditorTargetPlatform' loaded TargetPlatform 'LinuxNoEditor'
[2020.03.14-22.34.29:963][  0]LogTemp: Display: Module 'LinuxServerTargetPlatform' loaded TargetPlatform 'LinuxServer'
[2020.03.14-22.34.29:975][  0]LogTemp: Display: Module 'LinuxTargetPlatform' loaded TargetPlatform 'Linux'
[2020.03.14-22.34.30:013][  0]LogTemp: Display: Module 'LuminTargetPlatform' loaded TargetPlatform 'Lumin'
[2020.03.14-22.34.30:013][  0]LogTemp: Display: Module 'LuminTargetPlatform' loaded TargetPlatform 'LuminClient'
[2020.03.14-22.34.30:013][  0]LogTargetPlatformManager: Display: Building Assets For Windows
[2020.03.14-22.34.30:021][  0]LogAudioDebug: Display: Lib vorbis DLL was dynamically loaded.
[2020.03.14-22.34.30:066][  0]LogShaderCompilers: Guid format shader working directory is -11 characters bigger than the processId version (../../../../../../Users/pele-/Documents/GitHub/DodgeBall/Intermediate/Shaders/WorkingDirectory/29296/).
[2020.03.14-22.34.30:066][  0]LogShaderCompilers: Cleaned the shader compiler working directory 'C:/Users/pele-/AppData/Local/Temp/UnrealShaderWorkingDir/F123CEEC40CA130F8B2A049A08E73258/'.
[2020.03.14-22.34.30:068][  0]LogXGEController: Cleaning working directory: C:/Users/pele-/AppData/Local/Temp/UnrealXGEWorkingDir/
[2020.03.14-22.34.30:068][  0]LogXGEController: Cannot use XGE Controller as Incredibuild is not installed on this machine.
[2020.03.14-22.34.30:068][  0]LogShaderCompilers: Cannot use XGE Shader Compiler as Incredibuild is not installed on this machine.
[2020.03.14-22.34.30:068][  0]LogShaderCompilers: Display: Using Local Shader Compiler.
[2020.03.14-22.34.30:537][  0]LogDerivedDataCache: Display: Max Cache Size: 512 MB
[2020.03.14-22.34.30:577][  0]LogDerivedDataCache: Loaded boot cache 0.04s 71MB C:/Users/pele-/AppData/Local/UnrealEngine/4.22/DerivedDataCache/Boot.ddc.
[2020.03.14-22.34.30:577][  0]LogDerivedDataCache: Display: Loaded Boot cache: C:/Users/pele-/AppData/Local/UnrealEngine/4.22/DerivedDataCache/Boot.ddc
[2020.03.14-22.34.30:578][  0]LogDerivedDataCache: FDerivedDataBackendGraph:  Pak pak cache file ../../../../../../Users/pele-/Documents/GitHub/DodgeBall/DerivedDataCache/DDC.ddp not found, will not use a pak cache.
[2020.03.14-22.34.30:578][  0]LogDerivedDataCache: Unable to find inner node Pak for hierarchical cache Hierarchy.
[2020.03.14-22.34.30:578][  0]LogDerivedDataCache: FDerivedDataBackendGraph:  CompressedPak pak cache file ../../../../../../Users/pele-/Documents/GitHub/DodgeBall/DerivedDataCache/Compressed.ddp not found, will not use a pak cache.
[2020.03.14-22.34.30:578][  0]LogDerivedDataCache: Unable to find inner node CompressedPak for hierarchical cache Hierarchy.
[2020.03.14-22.34.30:588][  0]LogDerivedDataCache: Display: Pak cache opened for reading ../../../Engine/DerivedDataCache/Compressed.ddp.
[2020.03.14-22.34.30:588][  0]LogDerivedDataCache: FDerivedDataBackendGraph:  EnterprisePak pak cache file ../../../Enterprise/DerivedDataCache/Compressed.ddp not found, will not use a pak cache.
[2020.03.14-22.34.30:588][  0]LogDerivedDataCache: Unable to find inner node EnterprisePak for hierarchical cache Hierarchy.
[2020.03.14-22.34.30:600][  0]LogDerivedDataCache: Using Local data cache path C:/Users/pele-/AppData/Local/UnrealEngine/Common/DerivedDataCache: Writable
[2020.03.14-22.34.30:600][  0]LogDerivedDataCache: Shared data cache path not found in *engine.ini, will not use an Shared cache.
[2020.03.14-22.34.30:600][  0]LogDerivedDataCache: Unable to find inner node Shared for hierarchical cache Hierarchy.
[2020.03.14-22.34.30:618][  0]LogMaterial: Verifying Global Shaders for PCD3D_SM5
[2020.03.14-22.34.30:618][  0]LogSlate: Using FreeType 2.6.0
[2020.03.14-22.34.30:619][  0]LogSlate: SlateFontServices - WITH_FREETYPE: 1, WITH_HARFBUZZ: 1
[2020.03.14-22.34.30:693][  0]LogAssetRegistry: FAssetRegistry took 0.0322 seconds to start up
[2020.03.14-22.34.30:961][  0]LogInit: Selected Device Profile: [Windows]
[2020.03.14-22.34.31:009][  0]LogMeshReduction: Using QuadricMeshReduction for automatic static mesh reduction
[2020.03.14-22.34.31:009][  0]LogMeshReduction: Using SimplygonMeshReduction for automatic skeletal mesh reduction
[2020.03.14-22.34.31:009][  0]LogMeshReduction: Using ProxyLODMeshReduction for automatic mesh merging
[2020.03.14-22.34.31:009][  0]LogMeshReduction: No distributed automatic mesh merging module available
[2020.03.14-22.34.31:009][  0]LogMeshMerging: No distributed automatic mesh merging module available
[2020.03.14-22.34.31:082][  0]LogNetVersion: DodgeBall 1.0.0, NetCL: 5660361, EngineNetVer: 10, GameNetVer: 0 (Checksum: 2105125027)
[2020.03.14-22.34.31:397][  0]LogPackageLocalizationCache: Processed 10 localized package path(s) for 1 prioritized culture(s) in 0.022298 seconds
[2020.03.14-22.34.31:401][  0]LogUObjectArray: 42205 objects as part of root set at end of initial load.
[2020.03.14-22.34.31:401][  0]LogUObjectAllocator: 7325032 out of 0 bytes used by permanent object pool.
[2020.03.14-22.34.31:401][  0]LogUObjectArray: CloseDisregardForGC: 0/0 objects in disregard for GC pool
[2020.03.14-22.34.32:094][  0]LogTcpMessaging: Initializing TcpMessaging bridge
[2020.03.14-22.34.32:108][  0]LogUdpMessaging: Initializing bridge on interface 0.0.0.0:0 to multicast group 230.0.0.1:6666.
[2020.03.14-22.34.32:215][  0]SourceControl: Source control is disabled
[2020.03.14-22.34.32:215][  0]SourceControl: Source control is disabled
[2020.03.14-22.34.32:216][  0]SourceControl: Source control is disabled
[2020.03.14-22.34.32:217][  0]SourceControl: Source control is disabled
[2020.03.14-22.34.32:224][  0]LogVSAccessor: Display: Unable to create Visual Studio setup instance: 80040154
[2020.03.14-22.34.32:225][  0]LogVSAccessor: Display: Unable to create Visual Studio setup instance: 80040154
[2020.03.14-22.34.32:301][  0]LogAndroidPermission: UAndroidPermissionCallbackProxy::GetInstance
[2020.03.14-22.34.32:980][  0]LogOcInput: OculusInput pre-init called
[2020.03.14-22.34.33:563][  0]LogEngine: Initializing Engine...
[2020.03.14-22.34.33:564][  0]LogHMD: Failed to initialize OpenVR with code 110
[2020.03.14-22.34.33:565][  0]LogStats: UGameplayTagsManager::InitializeManager -  0.000 s
[2020.03.14-22.34.33:730][  0]LogInit: Initializing FReadOnlyCVARCache
[2020.03.14-22.34.33:741][  0]LogAIModule: Creating AISystem for world Untitled
[2020.03.14-22.34.33:756][  0]LogInit: XAudio2 using 'Speakers (Realtek(R) Audio)' : 6 channels at 48 kHz using 32 bits per sample (channel mask 0x3f)
[2020.03.14-22.34.33:972][  0]LogInit: FAudioDevice initialized.
[2020.03.14-22.34.33:972][  0]LogNetVersion: Set ProjectVersion to 1.0.0.0. Version Checksum will be recalculated on next use.
[2020.03.14-22.34.34:015][  0]LogDerivedDataCache: Saved boot cache 0.04s 71MB C:/Users/pele-/AppData/Local/UnrealEngine/4.22/DerivedDataCache/Boot.ddc.
[2020.03.14-22.34.34:021][  0]LogInit: Texture streaming: Enabled
[2020.03.14-22.34.34:037][  0]LogEngineSessionManager: EngineSessionManager initialized
[2020.03.14-22.34.34:055][  0]LogInit: Transaction tracking system initialized
[2020.03.14-22.34.34:075][  0]BlueprintLog: New page: Editor Load
[2020.03.14-22.34.34:145][  0]LocalizationService: Localization service is disabled
[2020.03.14-22.34.34:253][  0]LogVSAccessor: Display: Unable to create Visual Studio setup instance: 80040154
[2020.03.14-22.34.34:253][  0]LogVSAccessor: Display: Unable to create Visual Studio setup instance: 80040154
[2020.03.14-22.34.34:414][  0]LogFileCache: Scanning file cache for directory 'C:/Users/pele-/Documents/GitHub/DodgeBall/Content/' took 0.01s
[2020.03.14-22.34.34:414][  0]LogCook: Display: Max memory allowance for cook 16384mb min free memory 0mb
[2020.03.14-22.34.34:414][  0]LogCook: Display: Mobile HDR setting 1
[2020.03.14-22.34.34:566][  0]SourceControl: Source control is disabled
[2020.03.14-22.34.34:566][  0]Cmd: MAP LOAD FILE="../../../../../../Users/pele-/Documents/GitHub/DodgeBall/Content/ThirdPersonBP/Maps/ThirdPersonExampleMap.umap" TEMPLATE=0 SHOWPROGRESS=1 FEATURELEVEL=3
[2020.03.14-22.34.34:567][  0]LightingResults: New page: Lighting Build
[2020.03.14-22.34.34:569][  0]MapCheck: New page: Map Check
[2020.03.14-22.34.34:569][  0]LightingResults: New page: Lighting Build
[2020.03.14-22.34.34:594][  0]LogUObjectHash: Compacting FUObjectHashTables data took   1.25ms
[2020.03.14-22.34.35:034][  0]LogAIModule: Creating AISystem for world ThirdPersonExampleMap
[2020.03.14-22.34.35:047][  0]LogEditorServer: Finished looking for orphan Actors (0.000 secs)
[2020.03.14-22.34.35:077][  0]LogUObjectHash: Compacting FUObjectHashTables data took   1.67ms
[2020.03.14-22.34.35:078][  0]Cmd: MAP CHECKDEP NOCLEARLOG
[2020.03.14-22.34.35:078][  0]MapCheck: Map check complete: 0 Error(s), 0 Warning(s), took 0.149ms to complete.
[2020.03.14-22.34.35:078][  0]LogFileHelpers: Loading map 'ThirdPersonExampleMap' took 0.511
[2020.03.14-22.34.35:177][  0]LogSlate: Updating window title bar state: overlay mode, drag disabled, window buttons hidden, title bar hidden
[2020.03.14-22.34.35:183][  0]LogSlate: Updating window title bar state: overlay mode, drag disabled, window buttons hidden, title bar hidden
[2020.03.14-22.34.35:189][  0]LogSlate: Updating window title bar state: overlay mode, drag disabled, window buttons hidden, title bar hidden
[2020.03.14-22.34.35:195][  0]LogSlate: Updating window title bar state: overlay mode, drag disabled, window buttons hidden, title bar hidden
[2020.03.14-22.34.35:200][  0]LogCollectionManager: Loaded 0 collections in 0.001592 seconds
[2020.03.14-22.34.35:227][  0]LogFileCache: Scanning file cache for directory 'C:/Users/pele-/Documents/GitHub/DodgeBall/Saved/Collections/' took 0.01s
[2020.03.14-22.34.35:227][  0]LogFileCache: Scanning file cache for directory 'C:/Users/pele-/Documents/GitHub/DodgeBall/Content/Developers/pele/Collections/' took 0.01s
[2020.03.14-22.34.35:227][  0]LogFileCache: Scanning file cache for directory 'C:/Users/pele-/Documents/GitHub/DodgeBall/Content/Collections/' took 0.00s
[2020.03.14-22.34.35:227][  0]LogCollectionManager: Rebuilt the GUID cache for 0 collections in 0.000001 seconds
[2020.03.14-22.34.35:234][  0]LogContentBrowser: Native class hierarchy populated in 0.0070 seconds. Added 2732 classes and 659 folders.
[2020.03.14-22.34.35:240][  0]LogContentBrowser: Native class hierarchy updated for 'WidgetCarousel' in 0.0002 seconds. Added 0 classes and 0 folders.
[2020.03.14-22.34.35:241][  0]LogPakFile: Registered encryption key '00000000000000000000000000000000': 0 pak files mounted, 0 remain pending
[2020.03.14-22.34.35:242][  0]LogPakFile: Registered encryption key '00000000000000000000000000000000': 0 pak files mounted, 0 remain pending
[2020.03.14-22.34.35:242][  0]LogPakFile: Registered encryption key '00000000000000000000000000000000': 0 pak files mounted, 0 remain pending
[2020.03.14-22.34.35:242][  0]LogPakFile: Registered encryption key '00000000000000000000000000000000': 0 pak files mounted, 0 remain pending
[2020.03.14-22.34.35:243][  0]LogPakFile: Registered encryption key '00000000000000000000000000000000': 0 pak files mounted, 0 remain pending
[2020.03.14-22.34.35:243][  0]LogPakFile: Registered encryption key '00000000000000000000000000000000': 0 pak files mounted, 0 remain pending
[2020.03.14-22.34.35:244][  0]LogPakFile: Registered encryption key '00000000000000000000000000000000': 0 pak files mounted, 0 remain pending
[2020.03.14-22.34.35:244][  0]LogPakFile: Registered encryption key '00000000000000000000000000000000': 0 pak files mounted, 0 remain pending
[2020.03.14-22.34.35:244][  0]LogPakFile: Registered encryption key '00000000000000000000000000000000': 0 pak files mounted, 0 remain pending
[2020.03.14-22.34.35:245][  0]LogPakFile: Registered encryption key '00000000000000000000000000000000': 0 pak files mounted, 0 remain pending
[2020.03.14-22.34.35:245][  0]LogPakFile: Registered encryption key '00000000000000000000000000000000': 0 pak files mounted, 0 remain pending
[2020.03.14-22.34.35:245][  0]LogPakFile: Registered encryption key '00000000000000000000000000000000': 0 pak files mounted, 0 remain pending
[2020.03.14-22.34.35:246][  0]LogPakFile: Registered encryption key '00000000000000000000000000000000': 0 pak files mounted, 0 remain pending
[2020.03.14-22.34.35:246][  0]LogPakFile: Registered encryption key '00000000000000000000000000000000': 0 pak files mounted, 0 remain pending
[2020.03.14-22.34.35:247][  0]LogPakFile: Registered encryption key '00000000000000000000000000000000': 0 pak files mounted, 0 remain pending
[2020.03.14-22.34.35:247][  0]LogPakFile: Registered encryption key '00000000000000000000000000000000': 0 pak files mounted, 0 remain pending
[2020.03.14-22.34.35:247][  0]LogPakFile: Registered encryption key '00000000000000000000000000000000': 0 pak files mounted, 0 remain pending
[2020.03.14-22.34.35:248][  0]LogPakFile: Registered encryption key '00000000000000000000000000000000': 0 pak files mounted, 0 remain pending
[2020.03.14-22.34.35:248][  0]LogPakFile: Registered encryption key '00000000000000000000000000000000': 0 pak files mounted, 0 remain pending
[2020.03.14-22.34.35:249][  0]LogPakFile: Registered encryption key '00000000000000000000000000000000': 0 pak files mounted, 0 remain pending
[2020.03.14-22.34.35:249][  0]LogPakFile: Registered encryption key '00000000000000000000000000000000': 0 pak files mounted, 0 remain pending
[2020.03.14-22.34.35:249][  0]LogPakFile: Registered encryption key '00000000000000000000000000000000': 0 pak files mounted, 0 remain pending
[2020.03.14-22.34.35:251][  0]LogPakFile: Registered encryption key '00000000000000000000000000000000': 0 pak files mounted, 0 remain pending
[2020.03.14-22.34.35:251][  0]LogPakFile: Registered encryption key '00000000000000000000000000000000': 0 pak files mounted, 0 remain pending
[2020.03.14-22.34.35:251][  0]LogPakFile: Registered encryption key '00000000000000000000000000000000': 0 pak files mounted, 0 remain pending
[2020.03.14-22.34.35:252][  0]LogPakFile: Registered encryption key '00000000000000000000000000000000': 0 pak files mounted, 0 remain pending
[2020.03.14-22.34.35:280][  0]LogContentBrowser: Native class hierarchy updated for 'AddContentDialog' in 0.0002 seconds. Added 0 classes and 0 folders.
[2020.03.14-22.34.35:285][  0]LogContentBrowser: Native class hierarchy updated for 'SceneOutliner' in 0.0002 seconds. Added 1 classes and 2 folders.
[2020.03.14-22.34.35:357][  0]LogSlate: Took 0.000132 seconds to synchronously load lazily loaded font '../../../Engine/Content/Slate/Fonts/Roboto-Regular.ttf' (155K)
[2020.03.14-22.34.35:358][  0]LogSlate: Took 0.000112 seconds to synchronously load lazily loaded font '../../../Engine/Content/Slate/Fonts/Roboto-Bold.ttf' (160K)
[2020.03.14-22.34.35:362][  0]LogSlate: Took 0.000235 seconds to synchronously load lazily loaded font '../../../Engine/Content/Editor/Slate/Fonts/FontAwesome.ttf' (139K)
[2020.03.14-22.34.35:431][  0]LogRenderer: Reallocating scene render targets to support 964x436 Format 10 NumSamples 1 (Frame:1).
[2020.03.14-22.34.35:582][  0]LogContentBrowser: Native class hierarchy updated for 'HierarchicalLODOutliner' in 0.0002 seconds. Added 0 classes and 0 folders.
[2020.03.14-22.34.35:582][  0]LogLoad: (Engine Initialization) Total time: 8.62 seconds
[2020.03.14-22.34.35:582][  0]LogLoad: (Engine Initialization) Total Blueprint compile time: 0.00 seconds
[2020.03.14-22.34.35:614][  0]LogAssetRegistry: Asset discovery search completed in 4.9443 seconds
[2020.03.14-22.34.35:616][  0]LogCollectionManager: Rebuilt the object cache for 0 collections in 0.000000 seconds (found 0 objects)
[2020.03.14-22.34.35:616][  0]LogCollectionManager: Fixed up redirectors for 0 collections in 0.000040 seconds (updated 0 objects)
[2020.03.14-22.34.35:617][  0]LogContentStreaming: Texture pool size now 1000 MB
[2020.03.14-22.34.35:704][  0]LogSlate: Took 0.000089 seconds to synchronously load lazily loaded font '../../../Engine/Content/Slate/Fonts/Roboto-Light.ttf' (167K)
[2020.03.14-22.34.37:024][142]LogSlate: FSceneViewport::OnFocusLost() reason 2
[2020.03.14-22.34.39:826][477]LogSlate: FSceneViewport::OnFocusLost() reason 2
[2020.03.14-22.34.41:779][710]LogSlate: FSceneViewport::OnFocusLost() reason 2
[2020.03.14-22.35.10:384][132]Cmd: CLOSE_SLATE_MAINFRAME
[2020.03.14-22.35.10:406][132]LogUObjectHash: Compacting FUObjectHashTables data took   0.50ms
[2020.03.14-22.35.10:453][132]LogSlate: Window 'Plugins' being destroyed
[2020.03.14-22.35.10:457][132]LogDirectoryWatcher: A directory notification for '../../../Engine/Plugins/' was aborted.
[2020.03.14-22.35.10:458][132]LogSlate: Window 'DodgeBall - Unreal Editor' being destroyed
[2020.03.14-22.35.10:458][132]LogWindowsTextInputMethodSystem: Display: IME system now deactivated.
[2020.03.14-22.35.10:722][133]Cmd: QUIT_EDITOR
[2020.03.14-22.35.10:748][133]LogExit: Preparing to exit.
[2020.03.14-22.35.11:153][133]LogExit: Editor shut down
[2020.03.14-22.35.11:153][133]LogExit: Transaction tracking system shut down
[2020.03.14-22.35.11:284][133]LogExit: Object subsystem successfully closed.
[2020.03.14-22.35.11:301][133]LogShaderCompilers: Display: Shaders left to compile 0
[2020.03.14-22.35.11:304][133]LogD3D11RHI: Shutdown
[2020.03.14-22.35.11:304][133]LogD3D11RHI: CleanupD3DDevice
[2020.03.14-22.35.11:304][133]LogRendererCore: FGlobalReadBuffer::ReleaseRHI
[2020.03.14-22.35.11:304][133]LogRendererCore: FGlobalDynamicReadBuffer::Cleanup()
[2020.03.14-22.35.11:304][133]LogRendererCore: FGlobalReadBuffer::ReleaseRHI
[2020.03.14-22.35.11:304][133]LogRendererCore: FGlobalDynamicReadBuffer::Cleanup()
[2020.03.14-22.35.11:304][133]LogRendererCore: FGlobalReadBuffer::ReleaseRHI
[2020.03.14-22.35.11:304][133]LogRendererCore: FGlobalDynamicReadBuffer::Cleanup()
[2020.03.14-22.35.11:376][133]LogD3D11RHI: ~FD3D11DynamicRHI
[2020.03.14-22.35.11:402][133]LogModuleManager: Shutting down and abandoning module HierarchicalLODOutliner (643)
[2020.03.14-22.35.11:402][133]LogModuleManager: Shutting down and abandoning module SceneOutliner (641)
[2020.03.14-22.35.11:402][133]LogModuleManager: Shutting down and abandoning module AddContentDialog (639)
[2020.03.14-22.35.11:402][133]LogModuleManager: Shutting down and abandoning module WidgetCarousel (638)
[2020.03.14-22.35.11:402][133]LogModuleManager: Shutting down and abandoning module EditorWidgets (635)
[2020.03.14-22.35.11:402][133]LogModuleManager: Shutting down and abandoning module CollectionManager (633)
[2020.03.14-22.35.11:402][133]LogModuleManager: Shutting down and abandoning module StatsViewer (631)
[2020.03.14-22.35.11:402][133]LogModuleManager: Shutting down and abandoning module FoliageEdit (629)
[2020.03.14-22.35.11:402][133]LogModuleManager: Shutting down and abandoning module LandscapeEditor (627)
[2020.03.14-22.35.11:402][133]LogModuleManager: Shutting down and abandoning module MeshPaintMode (625)
[2020.03.14-22.35.11:403][133]LogModuleManager: Shutting down and abandoning module SceneDepthPickerMode (623)
[2020.03.14-22.35.11:403][133]LogModuleManager: Shutting down and abandoning module ActorPickerMode (621)
[2020.03.14-22.35.11:403][133]LogModuleManager: Shutting down and abandoning module GeometryMode (619)
[2020.03.14-22.35.11:403][133]LogModuleManager: Shutting down and abandoning module TextureAlignMode (617)
[2020.03.14-22.35.11:403][133]LogModuleManager: Shutting down and abandoning module BspMode (615)
[2020.03.14-22.35.11:403][133]LogModuleManager: Shutting down and abandoning module PIEPreviewDeviceProfileSelector (613)
[2020.03.14-22.35.11:403][133]LogModuleManager: Shutting down and abandoning module SequenceRecorderSections (611)
[2020.03.14-22.35.11:403][133]LogModuleManager: Shutting down and abandoning module AutomationWorker (609)
[2020.03.14-22.35.11:403][133]LogModuleManager: Shutting down and abandoning module OculusMR (607)
[2020.03.14-22.35.11:403][133]LogModuleManager: Shutting down and abandoning module AudioCaptureEditor (605)
[2020.03.14-22.35.11:403][133]LogModuleManager: Shutting down and abandoning module MatineeToLevelSequence (603)
[2020.03.14-22.35.11:403][133]LogModuleManager: Shutting down and abandoning module LevelSequenceEditor (601)
[2020.03.14-22.35.11:403][133]LogModuleManager: Shutting down and abandoning module PlacementMode (600)
[2020.03.14-22.35.11:403][133]LogModuleManager: Shutting down and abandoning module MaterialEditor (599)
[2020.03.14-22.35.11:403][133]LogModuleManager: Shutting down and abandoning module ActorSequenceEditor (595)
[2020.03.14-22.35.11:403][133]LogModuleManager: Shutting down and abandoning module WmfMediaFactory (593)
[2020.03.14-22.35.11:403][133]LogModuleManager: Shutting down and abandoning module WmfMediaEditor (591)
[2020.03.14-22.35.11:403][133]LogModuleManager: Shutting down and abandoning module WebMMediaFactory (589)
[2020.03.14-22.35.11:403][133]LogModuleManager: Shutting down and abandoning module WebMMediaEditor (587)
[2020.03.14-22.35.11:403][133]LogModuleManager: Shutting down and abandoning module WebMMedia (585)
[2020.03.14-22.35.11:403][133]LogModuleManager: Shutting down and abandoning module MediaPlayerEditor (583)
[2020.03.14-22.35.11:403][133]LogModuleManager: Shutting down and abandoning module MediaCompositingEditor (581)
[2020.03.14-22.35.11:403][133]LogModuleManager: Shutting down and abandoning module SequenceRecorder (580)
[2020.03.14-22.35.11:403][133]LogModuleManager: Shutting down and abandoning module OpenExrWrapper (577)
[2020.03.14-22.35.11:403][133]LogModuleManager: Shutting down and abandoning module ImgMediaFactory (575)
[2020.03.14-22.35.11:403][133]LogModuleManager: Shutting down and abandoning module ImgMediaEditor (573)
[2020.03.14-22.35.11:403][133]LogModuleManager: Shutting down and abandoning module AvfMediaFactory (571)
[2020.03.14-22.35.11:403][133]LogModuleManager: Shutting down and abandoning module AvfMediaEditor (569)
[2020.03.14-22.35.11:403][133]LogModuleManager: Shutting down and abandoning module AndroidMediaFactory (567)
[2020.03.14-22.35.11:403][133]LogModuleManager: Shutting down and abandoning module AndroidMediaEditor (565)
[2020.03.14-22.35.11:403][133]LogModuleManager: Shutting down and abandoning module MagicLeapCameraPreviewFactory (563)
[2020.03.14-22.35.11:403][133]LogModuleManager: Shutting down and abandoning module MagicLeapMediaCodecFactory (561)
[2020.03.14-22.35.11:403][133]LogModuleManager: Shutting down and abandoning module MagicLeapMediaFactory (559)
[2020.03.14-22.35.11:403][133]LogModuleManager: Shutting down and abandoning module MagicLeapMediaEditor (557)
[2020.03.14-22.35.11:403][133]LogModuleManager: Shutting down and abandoning module CharacterAI (555)
[2020.03.14-22.35.11:403][133]LogModuleManager: Shutting down and abandoning module SmartSnapping (553)
[2020.03.14-22.35.11:403][133]LogModuleManager: Shutting down and abandoning module SessionServices (551)
[2020.03.14-22.35.11:403][133]LogModuleManager: Shutting down and abandoning module MeshPaint (549)
[2020.03.14-22.35.11:403][133]LogModuleManager: Shutting down and abandoning module ViewportSnapping (547)
[2020.03.14-22.35.11:403][133]LogModuleManager: Shutting down and abandoning module ViewportInteraction (545)
[2020.03.14-22.35.11:403][133]LogModuleManager: Shutting down and abandoning module ClothPainter (543)
[2020.03.14-22.35.11:403][133]LogModuleManager: Shutting down and abandoning module SkeletalMeshEditor (542)
[2020.03.14-22.35.11:403][133]LogModuleManager: Shutting down and abandoning module LogVisualizer (539)
[2020.03.14-22.35.11:403][133]LogModuleManager: Shutting down and abandoning module IntroTutorials (537)
[2020.03.14-22.35.11:403][133]LogModuleManager: Shutting down and abandoning module GameProjectGeneration (536)
[2020.03.14-22.35.11:403][133]LogModuleManager: Shutting down and abandoning module LuminPlatformEditor (533)
[2020.03.14-22.35.11:403][133]LogModuleManager: Shutting down and abandoning module IOSPlatformEditor (531)
[2020.03.14-22.35.11:403][133]LogModuleManager: Shutting down and abandoning module HTML5PlatformEditor (529)
[2020.03.14-22.35.11:403][133]LogModuleManager: Shutting down and abandoning module AndroidPlatformEditor (527)
[2020.03.14-22.35.11:403][133]LogModuleManager: Shutting down and abandoning module AndroidDeviceDetection (526)
[2020.03.14-22.35.12:234][133]LogModuleManager: Shutting down and abandoning module WindowsPlatformEditor (523)
[2020.03.14-22.35.12:234][133]LogModuleManager: Shutting down and abandoning module LuminRuntimeSettings (521)
[2020.03.14-22.35.12:234][133]LogModuleManager: Shutting down and abandoning module IOSRuntimeSettings (519)
[2020.03.14-22.35.12:234][133]LogModuleManager: Shutting down and abandoning module AndroidRuntimeSettings (517)
[2020.03.14-22.35.12:234][133]LogModuleManager: Shutting down and abandoning module TimeManagementEditor (515)
[2020.03.14-22.35.12:234][133]LogModuleManager: Shutting down and abandoning module InputBindingEditor (513)
[2020.03.14-22.35.12:234][133]LogModuleManager: Shutting down and abandoning module MergeActors (511)
[2020.03.14-22.35.12:234][133]LogModuleManager: Shutting down and abandoning module LocalizationDashboard (509)
[2020.03.14-22.35.12:234][133]LogModuleManager: Shutting down and abandoning module LocalizationService (508)
[2020.03.14-22.35.12:234][133]LogModuleManager: Shutting down and abandoning module HardwareTargeting (505)
[2020.03.14-22.35.12:234][133]LogModuleManager: Shutting down and abandoning module DeviceProfileEditor (503)
[2020.03.14-22.35.12:234][133]LogModuleManager: Shutting down and abandoning module UndoHistory (501)
[2020.03.14-22.35.12:234][133]LogModuleManager: Shutting down and abandoning module XmlParser (499)
[2020.03.14-22.35.12:234][133]LogModuleManager: Shutting down and abandoning module Blutility (497)
[2020.03.14-22.35.12:234][133]LogModuleManager: Shutting down and abandoning module ProjectSettingsViewer (495)
[2020.03.14-22.35.12:234][133]LogModuleManager: Shutting down and abandoning module ProjectTargetPlatformEditor (494)
[2020.03.14-22.35.12:234][133]LogModuleManager: Shutting down and abandoning module EditorSettingsViewer (491)
[2020.03.14-22.35.12:234][133]LogModuleManager: Shutting down and abandoning module SettingsEditor (489)
[2020.03.14-22.35.12:234][133]LogModuleManager: Shutting down and abandoning module ProjectLauncher (487)
[2020.03.14-22.35.12:234][133]LogModuleManager: Shutting down and abandoning module SessionFrontend (485)
[2020.03.14-22.35.12:234][133]LogModuleManager: Shutting down and abandoning module ProfilerClient (483)
[2020.03.14-22.35.12:234][133]LogModuleManager: Shutting down and abandoning module DeviceManager (481)
[2020.03.14-22.35.12:234][133]LogModuleManager: Shutting down and abandoning module TargetDeviceServices (480)
[2020.03.14-22.35.12:278][133]LogModuleManager: Shutting down and abandoning module AutomationController (477)
[2020.03.14-22.35.12:278][133]LogModuleManager: Shutting down and abandoning module AutomationWindow (475)
[2020.03.14-22.35.12:278][133]LogModuleManager: Shutting down and abandoning module Layers (473)
[2020.03.14-22.35.12:278][133]LogModuleManager: Shutting down and abandoning module ComponentVisualizers (471)
[2020.03.14-22.35.12:278][133]LogModuleManager: Shutting down and abandoning module DetailCustomizations (469)
[2020.03.14-22.35.12:278][133]LogModuleManager: Shutting down and abandoning module PackagesDialog (467)
[2020.03.14-22.35.12:278][133]LogModuleManager: Shutting down and abandoning module AnimationBlueprintEditor (465)
[2020.03.14-22.35.12:278][133]LogModuleManager: Shutting down and abandoning module Persona (463)
[2020.03.14-22.35.12:278][133]LogModuleManager: Shutting down and abandoning module AdvancedPreviewScene (462)
[2020.03.14-22.35.12:278][133]LogModuleManager: Shutting down and abandoning module AnimGraph (460)
[2020.03.14-22.35.12:278][133]LogModuleManager: Shutting down and abandoning module Kismet (457)
[2020.03.14-22.35.12:278][133]LogModuleManager: Shutting down and abandoning module GraphEditor (455)
[2020.03.14-22.35.12:278][133]LogModuleManager: Shutting down and abandoning module ClassViewer (453)
[2020.03.14-22.35.12:278][133]LogModuleManager: Shutting down and abandoning module Toolbox (451)
[2020.03.14-22.35.12:278][133]LogModuleManager: Shutting down and abandoning module ModuleUI (449)
[2020.03.14-22.35.12:278][133]LogModuleManager: Shutting down and abandoning module MovieSceneTools (447)
[2020.03.14-22.35.12:278][133]LogModuleManager: Shutting down and abandoning module OutputLog (445)
[2020.03.14-22.35.12:278][133]LogModuleManager: Shutting down and abandoning module GammaUI (443)
[2020.03.14-22.35.12:278][133]LogModuleManager: Shutting down and abandoning module Documentation (441)
[2020.03.14-22.35.12:278][133]LogModuleManager: Shutting down and abandoning module LiveCoding (439)
[2020.03.14-22.35.12:278][133]LogModuleManager: Shutting down and abandoning module LevelSequence (437)
[2020.03.14-22.35.12:278][133]LogModuleManager: Shutting down and abandoning module MovieSceneTracks (435)
[2020.03.14-22.35.12:278][133]LogModuleManager: Shutting down and abandoning module MovieScene (433)
[2020.03.14-22.35.12:278][133]LogModuleManager: Shutting down and abandoning module StreamingPauseRendering (431)
[2020.03.14-22.35.12:278][133]LogModuleManager: Shutting down and abandoning module LauncherPlatform (429)
[2020.03.14-22.35.12:278][133]LogModuleManager: Shutting down and abandoning module AnalyticsET (427)
[2020.03.14-22.35.12:278][133]LogModuleManager: Shutting down and abandoning module PortalServices (425)
[2020.03.14-22.35.12:278][133]LogModuleManager: Shutting down and abandoning module PortalRpc (423)
[2020.03.14-22.35.12:278][133]LogModuleManager: Shutting down and abandoning module MessagingRpc (421)
[2020.03.14-22.35.12:278][133]LogModuleManager: Shutting down and abandoning module AIModule (419)
[2020.03.14-22.35.12:279][133]LogModuleManager: Shutting down and abandoning module GameplayDebugger (418)
[2020.03.14-22.35.12:279][133]LogModuleManager: Shutting down and abandoning module AITestSuite (416)
[2020.03.14-22.35.12:279][133]LogModuleManager: Shutting down and abandoning module NavigationSystem (414)
[2020.03.14-22.35.12:279][133]LogModuleManager: Shutting down and abandoning module DesktopPlatform (411)
[2020.03.14-22.35.12:279][133]LogModuleManager: Shutting down and abandoning module ImageWriteQueue (409)
[2020.03.14-22.35.12:281][133]LogModuleManager: Shutting down and abandoning module ProfilerService (407)
[2020.03.14-22.35.12:513][133]LogModuleManager: Shutting down and abandoning module TaskGraph (405)
[2020.03.14-22.35.12:513][133]LogModuleManager: Shutting down and abandoning module SteamVRController (403)
[2020.03.14-22.35.12:513][133]LogModuleManager: Shutting down and abandoning module ProceduralMeshComponentEditor (401)
[2020.03.14-22.35.12:513][133]LogModuleManager: Shutting down and abandoning module ProceduralMeshComponent (399)
[2020.03.14-22.35.12:513][133]LogModuleManager: Shutting down and abandoning module OculusEditor (397)
[2020.03.14-22.35.12:513][133]LogModuleManager: Shutting down and abandoning module OculusInput (395)
[2020.03.14-22.35.12:513][133]LogModuleManager: Shutting down and abandoning module MobilePatchingUtils (393)
[2020.03.14-22.35.12:513][133]LogModuleManager: Shutting down and abandoning module EditableMesh (391)
[2020.03.14-22.35.12:513][133]LogModuleManager: Shutting down and abandoning module CustomMeshComponent (389)
[2020.03.14-22.35.12:513][133]LogModuleManager: Shutting down and abandoning module CableComponent (387)
[2020.03.14-22.35.12:513][133]LogModuleManager: Shutting down and abandoning module AudioCapture (385)
[2020.03.14-22.35.12:513][133]LogModuleManager: Shutting down and abandoning module ArchVisCharacter (383)
[2020.03.14-22.35.12:513][133]LogModuleManager: Shutting down and abandoning module AndroidPermission (381)
[2020.03.14-22.35.12:513][133]LogModuleManager: Shutting down and abandoning module NUTUnrealEngine4 (379)
[2020.03.14-22.35.12:513][133]LogModuleManager: Shutting down and abandoning module NetcodeUnitTest (377)
[2020.03.14-22.35.12:513][133]LogModuleManager: Shutting down and abandoning module MediaCompositing (375)
[2020.03.14-22.35.12:513][133]LogModuleManager: Shutting down and abandoning module LinearTimecode (373)
[2020.03.14-22.35.12:513][133]LogModuleManager: Shutting down and abandoning module ImgMedia (371)
[2020.03.14-22.35.12:513][133]LogModuleManager: Shutting down and abandoning module MagicLeapHelperVulkan (369)
[2020.03.14-22.35.12:514][133]LogModuleManager: Shutting down and abandoning module MagicLeapHelperOpenGL (367)
[2020.03.14-22.35.12:514][133]LogModuleManager: Shutting down and abandoning module MagicLeapAudio (365)
[2020.03.14-22.35.12:514][133]LogModuleManager: Shutting down and abandoning module HTML5Networking (363)
[2020.03.14-22.35.12:514][133]LogModuleManager: Shutting down and abandoning module GeometryCacheTracks (361)
[2020.03.14-22.35.12:514][133]LogModuleManager: Shutting down and abandoning module GeometryCacheSequencer (359)
[2020.03.14-22.35.12:514][133]LogModuleManager: Shutting down and abandoning module BackChannel (357)
[2020.03.14-22.35.12:514][133]LogModuleManager: Shutting down and abandoning module AppleVision (355)
[2020.03.14-22.35.12:514][133]LogModuleManager: Shutting down and abandoning module AppleImageUtilsBlueprintSupport (353)
[2020.03.14-22.35.12:514][133]LogModuleManager: Shutting down and abandoning module AppleImageUtils (351)
[2020.03.14-22.35.12:514][133]LogModuleManager: Shutting down and abandoning module AlembicImporter (349)
[2020.03.14-22.35.12:514][133]LogModuleManager: Shutting down and abandoning module AlembicLibrary (348)
[2020.03.14-22.35.12:514][133]LogModuleManager: Shutting down and abandoning module GeometryCache (347)
[2020.03.14-22.35.12:514][133]LogModuleManager: Shutting down and abandoning module GeometryCacheEd (346)
[2020.03.14-22.35.12:514][133]LogModuleManager: Shutting down and abandoning module VariantManagerContent (341)
[2020.03.14-22.35.12:514][133]LogModuleManager: Shutting down and abandoning module DatasmithContentEditor (339)
[2020.03.14-22.35.12:514][133]LogModuleManager: Shutting down and abandoning module SpeedTreeImporter (337)
[2020.03.14-22.35.12:514][133]LogModuleManager: Shutting down and abandoning module PluginBrowser (335)
[2020.03.14-22.35.12:514][133]LogModuleManager: Shutting down and abandoning module MobileLauncherProfileWizard (333)
[2020.03.14-22.35.12:514][133]LogModuleManager: Shutting down and abandoning module MaterialAnalyzer (331)
[2020.03.14-22.35.12:514][133]LogModuleManager: Shutting down and abandoning module CryptoKeysOpenSSL (329)
[2020.03.14-22.35.12:514][133]LogModuleManager: Shutting down and abandoning module CryptoKeys (327)
[2020.03.14-22.35.12:514][133]LogModuleManager: Shutting down and abandoning module VisualStudioSourceCodeAccess (325)
[2020.03.14-22.35.12:514][133]LogModuleManager: Shutting down and abandoning module VisualStudioCodeSourceCodeAccess (323)
[2020.03.14-22.35.12:514][133]LogModuleManager: Shutting down and abandoning module UObjectPlugin (321)
[2020.03.14-22.35.12:514][133]LogModuleManager: Shutting down and abandoning module SubversionSourceControl (319)
[2020.03.14-22.35.12:514][133]LogModuleManager: Shutting down and abandoning module PerforceSourceControl (317)
[2020.03.14-22.35.12:514][133]LogModuleManager: Shutting down and abandoning module GitSourceControl (315)
[2020.03.14-22.35.12:514][133]LogModuleManager: Shutting down and abandoning module SourceControl (314)
[2020.03.14-22.35.12:514][133]LogModuleManager: Shutting down and abandoning module CLionSourceCodeAccess (311)
[2020.03.14-22.35.12:514][133]LogModuleManager: Shutting down and abandoning module AnimationSharingEd (309)
[2020.03.14-22.35.12:514][133]LogModuleManager: Shutting down and abandoning module ActorLayerUtilitiesEditor (307)
[2020.03.14-22.35.12:514][133]LogModuleManager: Shutting down and abandoning module ActorLayerUtilities (305)
[2020.03.14-22.35.12:514][133]LogModuleManager: Shutting down and abandoning module LightPropagationVolumeEditor (303)
[2020.03.14-22.35.12:514][133]LogModuleManager: Shutting down and abandoning module PaperTiledImporter (301)
[2020.03.14-22.35.12:514][133]LogModuleManager: Shutting down and abandoning module PaperSpriteSheetImporter (299)
[2020.03.14-22.35.12:514][133]LogModuleManager: Shutting down and abandoning module Paper2DEditor (297)
[2020.03.14-22.35.12:514][133]LogModuleManager: Shutting down and abandoning module SignificanceManager (295)
[2020.03.14-22.35.12:514][133]LogModuleManager: Shutting down and abandoning module RuntimePhysXCooking (293)
[2020.03.14-22.35.12:514][133]LogModuleManager: Shutting down and abandoning module PhysXVehiclesEditor (291)
[2020.03.14-22.35.12:514][133]LogModuleManager: Shutting down and abandoning module PhysXVehicles (289)
[2020.03.14-22.35.12:514][133]LogModuleManager: Shutting down and abandoning module LocationServicesBPLibrary (287)
[2020.03.14-22.35.12:514][133]LogModuleManager: Shutting down and abandoning module ActorSequence (285)
[2020.03.14-22.35.12:514][133]LogModuleManager: Shutting down and abandoning module UdpMessaging (283)
[2020.03.14-22.35.12:615][133]LogModuleManager: Shutting down and abandoning module TcpMessaging (281)
[2020.03.14-22.35.12:715][133]LogModuleManager: Shutting down and abandoning module MagicLeapIdentity (279)
[2020.03.14-22.35.12:715][133]LogModuleManager: Shutting down and abandoning module MagicLeapSecureStorage (277)
[2020.03.14-22.35.12:715][133]LogModuleManager: Shutting down and abandoning module MagicLeapHandTracking (275)
[2020.03.14-22.35.12:715][133]LogModuleManager: Shutting down and abandoning module MagicLeapEyeTracker (273)
[2020.03.14-22.35.12:715][133]LogModuleManager: Shutting down and abandoning module MagicLeapController (271)
[2020.03.14-22.35.12:715][133]LogSlate: Slate User Destroyed.  User Index 0, Is Virtual User: 0
[2020.03.14-22.35.12:715][133]LogModuleManager: Shutting down and abandoning module MagicLeapAR (269)
[2020.03.14-22.35.12:715][133]LogModuleManager: Shutting down and abandoning module AugmentedReality (268)
[2020.03.14-22.35.12:715][133]LogModuleManager: Shutting down and abandoning module GameplayTagsEditor (265)
[2020.03.14-22.35.12:715][133]LogModuleManager: Shutting down and abandoning module FacialAnimationEditor (263)
[2020.03.14-22.35.12:715][133]LogModuleManager: Shutting down and abandoning module FacialAnimation (261)
[2020.03.14-22.35.12:715][133]LogModuleManager: Shutting down and abandoning module DataValidation (259)
[2020.03.14-22.35.12:715][133]LogModuleManager: Shutting down and abandoning module AssetManagerEditor (257)
[2020.03.14-22.35.12:715][133]LogModuleManager: Shutting down and abandoning module LevelEditor (256)
[2020.03.14-22.35.12:715][133]LogModuleManager: Shutting down and abandoning module PixelInspectorModule (255)
[2020.03.14-22.35.12:715][133]LogModuleManager: Shutting down and abandoning module CommonMenuExtensions (253)
[2020.03.14-22.35.12:715][133]LogModuleManager: Shutting down and abandoning module MainFrame (251)
[2020.03.14-22.35.12:716][133]LogModuleManager: Shutting down and abandoning module HotReload (250)
[2020.03.14-22.35.12:716][133]LogModuleManager: Shutting down and abandoning module ContentBrowser (246)
[2020.03.14-22.35.12:716][133]LogModuleManager: Shutting down and abandoning module TreeMap (244)
[2020.03.14-22.35.12:716][133]LogModuleManager: Shutting down and abandoning module AnimationSharing (241)
[2020.03.14-22.35.12:716][133]LogModuleManager: Shutting down and abandoning module LightPropagationVolumeRuntime (239)
[2020.03.14-22.35.12:716][133]LogModuleManager: Shutting down and abandoning module AISupportModule (237)
[2020.03.14-22.35.12:716][133]LogModuleManager: Shutting down and abandoning module Paper2D (235)
[2020.03.14-22.35.12:716][133]LogModuleManager: Shutting down and abandoning module WindowsMoviePlayer (233)
[2020.03.14-22.35.12:717][133]LogModuleManager: Shutting down and abandoning module WebMMoviePlayer (231)
[2020.03.14-22.35.12:717][133]LogModuleManager: Shutting down and abandoning module PacketHandler (229)
[2020.03.14-22.35.12:717][133]LogModuleManager: Shutting down and abandoning module ClothingSystemEditor (227)
[2020.03.14-22.35.12:717][133]LogModuleManager: Shutting down and abandoning module ClothingSystemRuntime (225)
[2020.03.14-22.35.12:717][133]LogModuleManager: Shutting down and abandoning module MediaAssets (223)
[2020.03.14-22.35.12:717][133]LogModuleManager: Shutting down and abandoning module Overlay (221)
[2020.03.14-22.35.12:717][133]LogModuleManager: Shutting down and abandoning module OverlayEditor (220)
[2020.03.14-22.35.12:717][133]LogModuleManager: Shutting down and abandoning module VREditor (217)
[2020.03.14-22.35.12:717][133]LogModuleManager: Shutting down and abandoning module StringTableEditor (215)
[2020.03.14-22.35.12:717][133]LogModuleManager: Shutting down and abandoning module GameplayTasksEditor (213)
[2020.03.14-22.35.12:717][133]LogModuleManager: Shutting down and abandoning module BehaviorTreeEditor (211)
[2020.03.14-22.35.12:717][133]LogModuleManager: Shutting down and abandoning module FunctionalTesting (209)
[2020.03.14-22.35.12:717][133]LogModuleManager: Shutting down and abandoning module CollisionAnalyzer (207)
[2020.03.14-22.35.12:717][133]LogModuleManager: Shutting down and abandoning module WorkspaceMenuStructure (206)
[2020.03.14-22.35.12:717][133]LogModuleManager: Shutting down and abandoning module UMG (203)
[2020.03.14-22.35.12:717][133]LogModuleManager: Shutting down and abandoning module UMGEditor (202)
[2020.03.14-22.35.12:717][133]LogModuleManager: Shutting down and abandoning module Sequencer (201)
[2020.03.14-22.35.12:717][133]LogModuleManager: Shutting down and abandoning module MessageLog (198)
[2020.03.14-22.35.12:717][133]LogModuleManager: Shutting down and abandoning module SlateReflector (193)
[2020.03.14-22.35.12:717][133]LogModuleManager: Shutting down and abandoning module Slate (191)
[2020.03.14-22.35.12:717][133]LogModuleManager: Shutting down and abandoning module EditorStyle (189)
[2020.03.14-22.35.12:718][133]LogModuleManager: Shutting down and abandoning module UnrealEd (187)
[2020.03.14-22.35.12:718][133]LogModuleManager: Shutting down and abandoning module MRMesh (185)
[2020.03.14-22.35.12:718][133]LogModuleManager: Shutting down and abandoning module SourceCodeAccess (183)
[2020.03.14-22.35.12:718][133]LogModuleManager: Shutting down and abandoning module HeadMountedDisplay (181)
[2020.03.14-22.35.12:718][133]LogModuleManager: Shutting down and abandoning module XAudio2 (179)
[2020.03.14-22.35.12:718][133]LogModuleManager: Shutting down and abandoning module Networking (177)
[2020.03.14-22.35.12:718][133]LogModuleManager: Shutting down and abandoning module Core (175)
[2020.03.14-22.35.12:718][133]LogModuleManager: Shutting down and abandoning module KismetCompiler (173)
[2020.03.14-22.35.12:718][133]LogModuleManager: Shutting down and abandoning module MeshUtilities (171)
[2020.03.14-22.35.12:718][133]LogModuleManager: Shutting down and abandoning module MeshMergeUtilities (170)
[2020.03.14-22.35.12:718][133]LogModuleManager: Shutting down and abandoning module MeshReductionInterface (169)
[2020.03.14-22.35.12:718][133]LogModuleManager: Shutting down and abandoning module SkeletalMeshReduction (168)
[2020.03.14-22.35.12:718][133]LogModuleManager: Shutting down and abandoning module ProxyLODMeshReduction (166)
[2020.03.14-22.35.12:718][133]LogModuleManager: Shutting down and abandoning module QuadricMeshReduction (164)
[2020.03.14-22.35.12:718][133]LogModuleManager: Shutting down and abandoning module MaterialBaking (160)
[2020.03.14-22.35.12:718][133]LogModuleManager: Shutting down and abandoning module DerivedDataCache (155)
[2020.03.14-22.35.13:139][133]LogDerivedDataCache: Shutdown
[2020.03.14-22.35.13:139][133]LogModuleManager: Shutting down and abandoning module XGEController (153)
[2020.03.14-22.35.13:139][133]LogXGEController: Cleaning working directory: C:/Users/pele-/AppData/Local/Temp/UnrealXGEWorkingDir/
[2020.03.14-22.35.13:139][133]LogModuleManager: Shutting down and abandoning module TargetPlatform (151)
[2020.03.14-22.35.13:139][133]LogModuleManager: Shutting down and abandoning module VulkanShaderFormat (150)
[2020.03.14-22.35.13:139][133]LogModuleManager: Shutting down and abandoning module ShaderFormatVectorVM (148)
[2020.03.14-22.35.13:140][133]LogModuleManager: Shutting down and abandoning module ShaderFormatOpenGL (146)
[2020.03.14-22.35.13:140][133]LogModuleManager: Shutting down and abandoning module ShaderFormatD3D (144)
[2020.03.14-22.35.13:140][133]LogModuleManager: Shutting down and abandoning module MetalShaderFormat (142)
[2020.03.14-22.35.13:140][133]LogModuleManager: Shutting down and abandoning module TextureFormatUncompressed (140)
[2020.03.14-22.35.13:140][133]LogModuleManager: Shutting down and abandoning module TextureFormatPVR (138)
[2020.03.14-22.35.13:140][133]LogModuleManager: Shutting down and abandoning module TextureFormatDXT (136)
[2020.03.14-22.35.13:140][133]LogModuleManager: Shutting down and abandoning module TextureFormatIntelISPCTexComp (134)
[2020.03.14-22.35.13:140][133]LogModuleManager: Shutting down and abandoning module TextureFormatASTC (132)
[2020.03.14-22.35.13:140][133]LogModuleManager: Shutting down and abandoning module ImageWrapper (131)
[2020.03.14-22.35.13:140][133]LogModuleManager: Shutting down and abandoning module TextureFormatAndroid (128)
[2020.03.14-22.35.13:140][133]LogModuleManager: Shutting down and abandoning module AudioFormatOpus (126)
[2020.03.14-22.35.13:140][133]LogModuleManager: Shutting down and abandoning module AudioFormatOgg (124)
[2020.03.14-22.35.13:140][133]LogModuleManager: Shutting down and abandoning module AudioFormatADPCM (122)
[2020.03.14-22.35.13:140][133]LogModuleManager: Shutting down and abandoning module LuminTargetPlatform (120)
[2020.03.14-22.35.13:140][133]LogModuleManager: Shutting down and abandoning module LinuxTargetPlatform (118)
[2020.03.14-22.35.13:140][133]LogModuleManager: Shutting down and abandoning module LinuxServerTargetPlatform (116)
[2020.03.14-22.35.13:140][133]LogModuleManager: Shutting down and abandoning module LinuxNoEditorTargetPlatform (114)
[2020.03.14-22.35.13:140][133]LogModuleManager: Shutting down and abandoning module LinuxClientTargetPlatform (112)
[2020.03.14-22.35.13:140][133]LogModuleManager: Shutting down and abandoning module TVOSTargetPlatform (110)
[2020.03.14-22.35.13:141][133]LogModuleManager: Shutting down and abandoning module Messaging (108)
[2020.03.14-22.35.13:141][133]LogModuleManager: Shutting down and abandoning module IOSTargetPlatform (106)
[2020.03.14-22.35.13:141][133]LogModuleManager: Shutting down and abandoning module HTML5TargetPlatform (104)
[2020.03.14-22.35.13:141][133]LogModuleManager: Shutting down and abandoning module AndroidTargetPlatform (102)
[2020.03.14-22.35.13:147][133]LogModuleManager: Shutting down and abandoning module WindowsTargetPlatform (100)
[2020.03.14-22.35.13:147][133]LogModuleManager: Shutting down and abandoning module WindowsServerTargetPlatform (98)
[2020.03.14-22.35.13:147][133]LogModuleManager: Shutting down and abandoning module WindowsNoEditorTargetPlatform (96)
[2020.03.14-22.35.13:147][133]LogModuleManager: Shutting down and abandoning module WindowsClientTargetPlatform (94)
[2020.03.14-22.35.13:147][133]LogModuleManager: Shutting down and abandoning module MacTargetPlatform (92)
[2020.03.14-22.35.13:147][133]LogModuleManager: Shutting down and abandoning module MacServerTargetPlatform (90)
[2020.03.14-22.35.13:147][133]LogModuleManager: Shutting down and abandoning module MacNoEditorTargetPlatform (88)
[2020.03.14-22.35.13:147][133]LogModuleManager: Shutting down and abandoning module MacClientTargetPlatform (86)
[2020.03.14-22.35.13:147][133]LogModuleManager: Shutting down and abandoning module AllDesktopTargetPlatform (84)
[2020.03.14-22.35.13:147][133]LogModuleManager: Shutting down and abandoning module InputCore (81)
[2020.03.14-22.35.13:147][133]LogModuleManager: Shutting down and abandoning module Settings (79)
[2020.03.14-22.35.13:147][133]LogModuleManager: Shutting down and abandoning module DirectoryWatcher (77)
[2020.03.14-22.35.13:147][133]LogModuleManager: Shutting down and abandoning module PhysXCooking (75)
[2020.03.14-22.35.13:147][133]LogModuleManager: Shutting down and abandoning module SteamVR (73)
[2020.03.14-22.35.13:147][133]LogHMD: Freeing OpenVRDLLHandle.
[2020.03.14-22.35.13:147][133]LogModuleManager: Shutting down and abandoning module OculusHMD (71)
[2020.03.14-22.35.13:147][133]LogModuleManager: Shutting down and abandoning module ExampleDeviceProfileSelector (69)
[2020.03.14-22.35.13:147][133]LogModuleManager: Shutting down and abandoning module LauncherChunkInstaller (67)
[2020.03.14-22.35.13:147][133]LogModuleManager: Shutting down and abandoning module OnlineBlueprintSupport (65)
[2020.03.14-22.35.13:147][133]LogModuleManager: Shutting down and abandoning module OnlineSubsystem (61)
[2020.03.14-22.35.13:148][133]LogModuleManager: Shutting down and abandoning module XMPP (55)
[2020.03.14-22.35.13:148][133]LogModuleManager: Shutting down and abandoning module WebSockets (54)
[2020.03.14-22.35.13:169][133]LogModuleManager: Shutting down and abandoning module HTTP (51)
[2020.03.14-22.35.13:169][133]LogHttp: Display: Http module shutting down, but needs to wait on 1 outstanding Http requests:
[2020.03.14-22.35.13:169][133]LogHttp: Display: 	verb=[POST] url=[https://datarouter.ol.epicgames.com/datarouter/api/v1/public/data?SessionID=%7B1D4EA0A1-4B80-2219-8CFC-F39688D73A75%7D&AppID=UEEditor.Rocket.Release&AppVersion=4.22.3-7053642%2B%2B%2BUE4%2BRelease-4.22&UserID=5e65e32c49fb3327bcc71984c35b196f%7C380c2ea17c47443eb148131f975a6aac%7Ca1bdbcbb-52b4-4415-bc73-166df4ed695b&AppEnvironment=datacollector-binary&UploadType=eteventstream] status=Processing
[2020.03.14-22.35.13:198][133]LogModuleManager: Shutting down and abandoning module SSL (50)
[2020.03.14-22.35.13:199][133]LogModuleManager: Shutting down and abandoning module WmfMedia (46)
[2020.03.14-22.35.13:200][133]LogModuleManager: Shutting down and abandoning module Media (45)
[2020.03.14-22.35.13:206][133]LogModuleManager: Shutting down and abandoning module MagicLeap (42)
[2020.03.14-22.35.13:206][133]LogModuleManager: Shutting down and abandoning module DatasmithContent (40)
[2020.03.14-22.35.13:207][133]LogModuleManager: Shutting down and abandoning module AnimationModifiers (38)
[2020.03.14-22.35.13:207][133]LogModuleManager: Shutting down and abandoning module PropertyEditor (37)
[2020.03.14-22.35.13:207][133]LogModuleManager: Shutting down and abandoning module AudioEditor (34)
[2020.03.14-22.35.13:207][133]LogModuleManager: Shutting down and abandoning module TextureCompressor (32)
[2020.03.14-22.35.13:207][133]LogModuleManager: Shutting down and abandoning module RenderCore (30)
[2020.03.14-22.35.13:207][133]LogModuleManager: Shutting down and abandoning module Landscape (28)
[2020.03.14-22.35.13:207][133]LogModuleManager: Shutting down and abandoning module SlateRHIRenderer (26)
[2020.03.14-22.35.13:207][133]LogModuleManager: Shutting down and abandoning module OpenGLDrv (24)
[2020.03.14-22.35.13:207][133]LogModuleManager: Shutting down and abandoning module D3D11RHI (22)
[2020.03.14-22.35.13:207][133]LogModuleManager: Shutting down and abandoning module AnimGraphRuntime (20)
[2020.03.14-22.35.13:207][133]LogModuleManager: Shutting down and abandoning module Renderer (18)
[2020.03.14-22.35.13:207][133]LogModuleManager: Shutting down and abandoning module Engine (16)
[2020.03.14-22.35.13:207][133]LogModuleManager: Shutting down and abandoning module CoreUObject (14)
[2020.03.14-22.35.13:207][133]LogModuleManager: Shutting down and abandoning module NetworkFile (12)
[2020.03.14-22.35.13:207][133]LogModuleManager: Shutting down and abandoning module CookedIterativeFile (10)
[2020.03.14-22.35.13:207][133]LogModuleManager: Shutting down and abandoning module StreamingFile (8)
[2020.03.14-22.35.13:207][133]LogModuleManager: Shutting down and abandoning module SandboxFile (6)
[2020.03.14-22.35.13:207][133]LogModuleManager: Shutting down and abandoning module PakFile (4)
[2020.03.14-22.35.13:207][133]LogModuleManager: Shutting down and abandoning module RSA (3)
[2020.03.14-22.35.13:215][133]LogExit: Exiting.
[2020.03.14-22.35.13:229][133]Log file closed, 03/14/20 15:35:13
