Log file open, 03/14/20 17:08:30
LogWindows: Failed to load 'aqProf.dll' (GetLastError=126)
LogWindows: File 'aqProf.dll' does not exist
LogWindows: Failed to load 'VtuneApi.dll' (GetLastError=126)
LogWindows: File 'VtuneApi.dll' does not exist
LogWindows: Failed to load 'VtuneApi32e.dll' (GetLastError=126)
LogWindows: File 'VtuneApi32e.dll' does not exist
LogConsoleResponse: Display: Failed to find resolution value strings in scalability ini. Falling back to default.
LogInit: Display: Running engine for game: DodgeBall
LogPakFile: Registered encryption key '00000000000000000000000000000000': 0 pak files mounted, 0 remain pending
LogPlatformFile: Not using cached read wrapper
LogTaskGraph: Started task graph with 5 named threads and 35 total threads with 3 sets of task threads.
LogStats: Stats thread started at 0.396146
LogD3D11RHI: Loaded GFSDK_Aftermath_Lib.x64.dll
LogICUInternationalization: ICU TimeZone Detection - Raw Offset: -8:00, Platform Override: ''
LogPluginManager: Mounting plugin Paper2D
LogPluginManager: Mounting plugin AISupport
LogPluginManager: Mounting plugin LightPropagationVolume
LogPluginManager: Mounting plugin ActorLayerUtilities
LogPluginManager: Mounting plugin AnimationSharing
LogPluginManager: Mounting plugin CLionSourceCodeAccess
LogPluginManager: Mounting plugin CodeLiteSourceCodeAccess
LogPluginManager: Mounting plugin GitSourceControl
LogPluginManager: Mounting plugin KDevelopSourceCodeAccess
LogPluginManager: Mounting plugin NullSourceCodeAccess
LogPluginManager: Mounting plugin PerforceSourceControl
LogPluginManager: Mounting plugin SubversionSourceControl
LogPluginManager: Mounting plugin UObjectPlugin
LogPluginManager: Mounting plugin VisualStudioCodeSourceCodeAccess
LogPluginManager: Mounting plugin VisualStudioSourceCodeAccess
LogPluginManager: Mounting plugin XCodeSourceCodeAccess
LogPluginManager: Mounting plugin AssetManagerEditor
LogPluginManager: Mounting plugin CryptoKeys
LogPluginManager: Mounting plugin DataValidation
LogPluginManager: Mounting plugin FacialAnimation
LogPluginManager: Mounting plugin GameplayTagsEditor
LogPluginManager: Mounting plugin MacGraphicsSwitching
LogPluginManager: Mounting plugin MaterialAnalyzer
LogPluginManager: Mounting plugin MobileLauncherProfileWizard
LogPluginManager: Mounting plugin PluginBrowser
LogPluginManager: Mounting plugin SpeedTreeImporter
LogPluginManager: Mounting plugin DatasmithContent
LogPluginManager: Mounting plugin VariantManagerContent
LogPluginManager: Mounting plugin AlembicImporter
LogPluginManager: Mounting plugin AppleImageUtils
LogPluginManager: Mounting plugin AppleVision
LogPluginManager: Mounting plugin BackChannel
LogPluginManager: Mounting plugin CharacterAI
LogPluginManager: Mounting plugin GeometryCache
LogPluginManager: Mounting plugin HTML5Networking
LogPluginManager: Mounting plugin ProxyLODPlugin
LogPluginManager: Mounting plugin SkeletalReduction
LogPluginManager: Mounting plugin MagicLeap
LogPluginManager: Mounting plugin MagicLeapMedia
LogPluginManager: Mounting plugin AndroidMedia
LogPluginManager: Mounting plugin AvfMedia
LogPluginManager: Mounting plugin ImgMedia
LogPluginManager: Mounting plugin LinearTimecode
LogPluginManager: Mounting plugin MediaCompositing
LogPluginManager: Mounting plugin MediaPlayerEditor
LogPluginManager: Mounting plugin WebMMedia
LogPluginManager: Mounting plugin WmfMedia
LogPluginManager: Mounting plugin TcpMessaging
LogPluginManager: Mounting plugin UdpMessaging
LogPluginManager: Mounting plugin ActorSequence
LogPluginManager: Mounting plugin LevelSequenceEditor
LogPluginManager: Mounting plugin MatineeToLevelSequence
LogPluginManager: Mounting plugin NetcodeUnitTest
LogPluginManager: Mounting plugin NUTUnrealEngine4
LogPluginManager: Mounting plugin OnlineSubsystemGooglePlay
LogPluginManager: Mounting plugin OnlineSubsystemIOS
LogPluginManager: Mounting plugin OnlineSubsystem
LogPluginManager: Mounting plugin OnlineSubsystemNull
LogPluginManager: Mounting plugin OnlineSubsystemSteam
LogPluginManager: Mounting plugin OnlineSubsystemUtils
LogPluginManager: Mounting plugin LauncherChunkInstaller
LogPluginManager: Mounting plugin AndroidDeviceProfileSelector
LogPluginManager: Mounting plugin AndroidMoviePlayer
LogPluginManager: Mounting plugin AndroidPermission
LogPluginManager: Mounting plugin AppleMoviePlayer
LogPluginManager: Mounting plugin ArchVisCharacter
LogPluginManager: Mounting plugin AudioCapture
LogPluginManager: Mounting plugin CableComponent
LogPluginManager: Mounting plugin CustomMeshComponent
LogPluginManager: Mounting plugin EditableMesh
LogPluginManager: Mounting plugin ExampleDeviceProfileSelector
LogPluginManager: Mounting plugin Firebase
LogPluginManager: Mounting plugin GoogleCloudMessaging
LogPluginManager: Mounting plugin IOSDeviceProfileSelector
LogPluginManager: Mounting plugin LinuxDeviceProfileSelector
LogPluginManager: Mounting plugin LocationServicesBPLibrary
LogPluginManager: Mounting plugin MobilePatchingUtils
LogPluginManager: Mounting plugin OculusVR
LogPluginManager: Mounting plugin PhysXVehicles
LogPluginManager: Mounting plugin ProceduralMeshComponent
LogPluginManager: Mounting plugin RuntimePhysXCooking
LogPluginManager: Mounting plugin SignificanceManager
LogPluginManager: Mounting plugin SteamVR
LogPluginManager: Mounting plugin WebMMoviePlayer
LogPluginManager: Mounting plugin WindowsMoviePlayer
LogInit: Using libcurl 7.55.1-DEV
LogInit:  - built for x86_64-pc-win32
LogInit:  - supports SSL with OpenSSL/1.1.1
LogInit:  - supports HTTP deflate (compression) using libz 1.2.8
LogInit:  - other features:
LogInit:      CURL_VERSION_SSL
LogInit:      CURL_VERSION_LIBZ
LogInit:      CURL_VERSION_IPV6
LogInit:      CURL_VERSION_ASYNCHDNS
LogInit:      CURL_VERSION_LARGEFILE
LogInit:      CURL_VERSION_IDN
LogInit:  CurlRequestOptions (configurable via config and command line):
LogInit:  - bVerifyPeer = true  - Libcurl will verify peer certificate
LogInit:  - bUseHttpProxy = false  - Libcurl will NOT use HTTP proxy
LogInit:  - bDontReuseConnections = false  - Libcurl will reuse connections
LogInit:  - MaxHostConnections = 16  - Libcurl will limit the number of connections to a host
LogInit:  - LocalHostAddr = Default
LogInit:  - BufferSize = 65536
LogOnline: Display: STEAM: Loading Steam SDK 1.39
LogOnline: STEAM: Steam User is subscribed 1
LogOnline: STEAM: [AppId: 480] Client API initialized 1
LogOnline: STEAM: [AppId: 480] Game Server API initialized 1
LogOnline: STEAM: Missing P2PCleanupTimeout key in OnlineSubsystemSteam of DefaultEngine.ini, using default
LogInit: WinSock: version 1.1 (2.2), MaxSocks=32767, MaxUdp=65467
LogInit: Build: ++UE4+Release-4.22-CL-7053642
LogInit: Engine Version: 4.22.3-7053642+++UE4+Release-4.22
LogInit: Compatible Engine Version: 4.22.0-5660361+++UE4+Release-4.22
LogInit: Net CL: 5660361
LogInit: OS: Windows 10 (Release 1809) (), CPU: Intel(R) Core(TM) i7-9750H CPU @ 2.60GHz, GPU: Intel(R) UHD Graphics 630
LogInit: Compiled (64-bit): Jun 18 2019 03:09:11
LogInit: Compiled with Visual C++: 19.16.27025.01
LogInit: Build Configuration: Development
LogInit: Branch Name: ++UE4+Release-4.22
LogInit: Command Line:  -game
LogInit: Base Directory: C:/Program Files/Epic Games/UE_4.22/Engine/Binaries/Win64/
LogInit: Installed Engine Build: 1
LogDevObjectVersion: Number of dev versions registered: 23
LogDevObjectVersion:   Dev-Blueprints (B0D832E4-1F89-4F0D-ACCF-7EB736FD4AA2): 10
LogDevObjectVersion:   Dev-Build (E1C64328-A22C-4D53-A36C-8E866417BD8C): 0
LogDevObjectVersion:   Dev-Core (375EC13C-06E4-48FB-B500-84F0262A717E): 3
LogDevObjectVersion:   Dev-Editor (E4B068ED-F494-42E9-A231-DA0B2E46BB41): 30
LogDevObjectVersion:   Dev-Framework (CFFC743F-43B0-4480-9391-14DF171D2073): 35
LogDevObjectVersion:   Dev-Mobile (B02B49B5-BB20-44E9-A304-32B752E40360): 2
LogDevObjectVersion:   Dev-Networking (A4E4105C-59A1-49B5-A7C5-40C4547EDFEE): 0
LogDevObjectVersion:   Dev-Online (39C831C9-5AE6-47DC-9A44-9C173E1C8E7C): 0
LogDevObjectVersion:   Dev-Physics (78F01B33-EBEA-4F98-B9B4-84EACCB95AA2): 0
LogDevObjectVersion:   Dev-Platform (6631380F-2D4D-43E0-8009-CF276956A95A): 0
LogDevObjectVersion:   Dev-Rendering (12F88B9F-8875-4AFC-A67C-D90C383ABD29): 28
LogDevObjectVersion:   Dev-Sequencer (7B5AE74C-D270-4C10-A958-57980B212A5A): 11
LogDevObjectVersion:   Dev-VR (D7296918-1DD6-4BDD-9DE2-64A83CC13884): 2
LogDevObjectVersion:   Dev-LoadTimes (C2A15278-BFE7-4AFE-6C17-90FF531DF755): 1
LogDevObjectVersion:   Private-Geometry (6EACA3D4-40EC-4CC1-B786-8BED09428FC5): 3
LogDevObjectVersion:   Dev-AnimPhys (29E575DD-E0A3-4627-9D10-D276232CDCEA): 17
LogDevObjectVersion:   Dev-Anim (AF43A65D-7FD3-4947-9873-3E8ED9C1BB05): 2
LogDevObjectVersion:   Dev-ReflectionCapture (6B266CEC-1EC7-4B8F-A30B-E4D90942FC07): 1
LogDevObjectVersion:   Dev-Automation (0DF73D61-A23F-47EA-B727-89E90C41499A): 1
LogDevObjectVersion:   FortniteMain (601D1886-AC64-4F84-AA16-D3DE0DEAC7D6): 25
LogDevObjectVersion:   Dev-Enterprise (9DFFBCD6-494F-0158-E221-12823C92A888): 6
LogDevObjectVersion:   Dev-Niagara (F2AED0AC-9AFE-416F-8664-AA7FFA26D6FC): 1
LogDevObjectVersion:   Dev-Destruction (174F1F0B-B4C6-45A5-B13F-2EE8D0FB917D): 2
LogInit: Presizing for max 16777216 objects, including 0 objects not considered by GC, pre-allocating 0 bytes for permanent pool.
LogInit: Object subsystem initialized
LogConfig: Setting CVar [[con.DebugEarlyDefault:1]]
LogConfig: Setting CVar [[r.setres:1280x720]]
[2020.03.15-00.08.31:139][  0]LogConfig: Setting CVar [[con.DebugEarlyDefault:1]]
[2020.03.15-00.08.31:139][  0]LogConfig: Setting CVar [[r.setres:1280x720]]
[2020.03.15-00.08.31:139][  0]LogConfig: Applying CVar settings from Section [/Script/Engine.RendererSettings] File [C:/Users/pele-/Documents/GitHub/DodgeBall/Saved/Config/Windows/Engine.ini]
[2020.03.15-00.08.31:139][  0]LogConfig: Setting CVar [[r.GPUCrashDebugging:0]]
[2020.03.15-00.08.31:139][  0]LogConfig: Setting CVar [[r.MobileHDR:1]]
[2020.03.15-00.08.31:139][  0]LogConfig: Setting CVar [[r.Mobile.DisableVertexFog:1]]
[2020.03.15-00.08.31:139][  0]LogConfig: Setting CVar [[r.Shadow.CSM.MaxMobileCascades:2]]
[2020.03.15-00.08.31:139][  0]LogConfig: Setting CVar [[r.MobileMSAA:1]]
[2020.03.15-00.08.31:139][  0]LogConfig: Setting CVar [[r.Mobile.UseLegacyShadingModel:0]]
[2020.03.15-00.08.31:139][  0]LogConfig: Setting CVar [[r.Mobile.UseHWsRGBEncoding:0]]
[2020.03.15-00.08.31:139][  0]LogConfig: Setting CVar [[r.Mobile.AllowDitheredLODTransition:0]]
[2020.03.15-00.08.31:139][  0]LogConfig: Setting CVar [[r.Mobile.AllowSoftwareOcclusion:0]]
[2020.03.15-00.08.31:139][  0]LogConfig: Setting CVar [[r.DiscardUnusedQuality:0]]
[2020.03.15-00.08.31:139][  0]LogConfig: Setting CVar [[r.AllowOcclusionQueries:1]]
[2020.03.15-00.08.31:139][  0]LogConfig: Setting CVar [[r.MinScreenRadiusForLights:0.030000]]
[2020.03.15-00.08.31:139][  0]LogConfig: Setting CVar [[r.MinScreenRadiusForDepthPrepass:0.030000]]
[2020.03.15-00.08.31:139][  0]LogConfig: Setting CVar [[r.MinScreenRadiusForCSMDepth:0.010000]]
[2020.03.15-00.08.31:139][  0]LogConfig: Setting CVar [[r.PrecomputedVisibilityWarning:0]]
[2020.03.15-00.08.31:139][  0]LogConfig: Setting CVar [[r.TextureStreaming:1]]
[2020.03.15-00.08.31:139][  0]LogConfig: Setting CVar [[Compat.UseDXT5NormalMaps:0]]
[2020.03.15-00.08.31:139][  0]LogConfig: Setting CVar [[r.ClearCoatNormal:0]]
[2020.03.15-00.08.31:139][  0]LogConfig: Setting CVar [[r.ReflectionCaptureResolution:128]]
[2020.03.15-00.08.31:139][  0]LogConfig: Setting CVar [[r.ReflectionEnvironmentLightmapMixBasedOnRoughness:1]]
[2020.03.15-00.08.31:139][  0]LogConfig: Setting CVar [[r.ForwardShading:0]]
[2020.03.15-00.08.31:139][  0]LogConfig: Setting CVar [[r.VertexFoggingForOpaque:1]]
[2020.03.15-00.08.31:139][  0]LogConfig: Setting CVar [[r.AllowStaticLighting:1]]
[2020.03.15-00.08.31:139][  0]LogConfig: Setting CVar [[r.NormalMapsForStaticLighting:0]]
[2020.03.15-00.08.31:139][  0]LogConfig: Setting CVar [[r.GenerateMeshDistanceFields:0]]
[2020.03.15-00.08.31:139][  0]LogConfig: Setting CVar [[r.DistanceFieldBuild.EightBit:0]]
[2020.03.15-00.08.31:139][  0]LogConfig: Setting CVar [[r.GenerateLandscapeGIData:0]]
[2020.03.15-00.08.31:139][  0]LogConfig: Setting CVar [[r.DistanceFieldBuild.Compress:0]]
[2020.03.15-00.08.31:139][  0]LogConfig: Setting CVar [[r.TessellationAdaptivePixelsPerTriangle:48.000000]]
[2020.03.15-00.08.31:139][  0]LogConfig: Setting CVar [[r.SeparateTranslucency:1]]
[2020.03.15-00.08.31:139][  0]LogConfig: Setting CVar [[r.TranslucentSortPolicy:0]]
[2020.03.15-00.08.31:139][  0]LogConfig: Setting CVar [[r.CustomDepth:1]]
[2020.03.15-00.08.31:139][  0]LogConfig: Setting CVar [[r.CustomDepthTemporalAAJitter:1]]
[2020.03.15-00.08.31:139][  0]LogConfig: Setting CVar [[r.PostProcessing.PropagateAlpha:0]]
[2020.03.15-00.08.31:139][  0]LogConfig: Setting CVar [[r.DOF.Algorithm:1]]
[2020.03.15-00.08.31:139][  0]LogConfig: Setting CVar [[r.DefaultFeature.Bloom:1]]
[2020.03.15-00.08.31:139][  0]LogConfig: Setting CVar [[r.DefaultFeature.AmbientOcclusion:1]]
[2020.03.15-00.08.31:139][  0]LogConfig: Setting CVar [[r.DefaultFeature.AmbientOcclusionStaticFraction:1]]
[2020.03.15-00.08.31:139][  0]LogConfig: Setting CVar [[r.DefaultFeature.AutoExposure:0]]
[2020.03.15-00.08.31:139][  0]LogConfig: Setting CVar [[r.DefaultFeature.AutoExposure.Method:0]]
[2020.03.15-00.08.31:139][  0]LogConfig: Setting CVar [[r.DefaultFeature.AutoExposure.ExtendDefaultLuminanceRange:0]]
[2020.03.15-00.08.31:140][  0]LogConfig: Setting CVar [[r.UsePreExposure:0]]
[2020.03.15-00.08.31:140][  0]LogConfig: Setting CVar [[r.DefaultFeature.MotionBlur:0]]
[2020.03.15-00.08.31:140][  0]LogConfig: Setting CVar [[r.DefaultFeature.LensFlare:0]]
[2020.03.15-00.08.31:140][  0]LogConfig: Setting CVar [[r.TemporalAA.Upsampling:0]]
[2020.03.15-00.08.31:140][  0]LogConfig: Setting CVar [[r.DefaultFeature.AntiAliasing:0]]
[2020.03.15-00.08.31:140][  0]LogConfig: Setting CVar [[r.DefaultFeature.LightUnits:1]]
[2020.03.15-00.08.31:140][  0]LogConfig: Setting CVar [[r.DefaultBackBufferPixelFormat:4]]
[2020.03.15-00.08.31:140][  0]LogConfig: Setting CVar [[r.Shadow.UnbuiltPreviewInGame:1]]
[2020.03.15-00.08.31:140][  0]LogConfig: Setting CVar [[r.StencilForLODDither:0]]
[2020.03.15-00.08.31:140][  0]LogConfig: Setting CVar [[r.EarlyZPass:3]]
[2020.03.15-00.08.31:140][  0]LogConfig: Setting CVar [[r.EarlyZPassOnlyMaterialMasking:0]]
[2020.03.15-00.08.31:140][  0]LogConfig: Setting CVar [[r.DBuffer:1]]
[2020.03.15-00.08.31:140][  0]LogConfig: Setting CVar [[r.ClearSceneMethod:1]]
[2020.03.15-00.08.31:140][  0]LogConfig: Setting CVar [[r.BasePassOutputsVelocity:0]]
[2020.03.15-00.08.31:140][  0]LogConfig: Setting CVar [[r.SelectiveBasePassOutputs:0]]
[2020.03.15-00.08.31:140][  0]LogConfig: Setting CVar [[fx.GPUSimulationTextureSizeX:1024]]
[2020.03.15-00.08.31:140][  0]LogConfig: Setting CVar [[fx.GPUSimulationTextureSizeY:1024]]
[2020.03.15-00.08.31:140][  0]LogConfig: Setting CVar [[r.AllowGlobalClipPlane:0]]
[2020.03.15-00.08.31:140][  0]LogConfig: Setting CVar [[r.GBufferFormat:1]]
[2020.03.15-00.08.31:140][  0]LogConfig: Setting CVar [[r.MorphTarget.Mode:1]]
[2020.03.15-00.08.31:140][  0]LogConfig: Setting CVar [[vr.InstancedStereo:0]]
[2020.03.15-00.08.31:140][  0]LogConfig: Setting CVar [[vr.MultiView:0]]
[2020.03.15-00.08.31:140][  0]LogConfig: Setting CVar [[vr.MobileMultiView:0]]
[2020.03.15-00.08.31:140][  0]LogConfig: Setting CVar [[vr.MobileMultiView.Direct:0]]
[2020.03.15-00.08.31:140][  0]LogConfig: Setting CVar [[vr.RoundRobinOcclusion:0]]
[2020.03.15-00.08.31:140][  0]LogConfig: Setting CVar [[vr.ODSCapture:0]]
[2020.03.15-00.08.31:140][  0]LogConfig: Setting CVar [[r.WireframeCullThreshold:5.000000]]
[2020.03.15-00.08.31:140][  0]LogConfig: Setting CVar [[r.RayTracing:0]]
[2020.03.15-00.08.31:140][  0]LogConfig: Setting CVar [[r.SupportStationarySkylight:1]]
[2020.03.15-00.08.31:140][  0]LogConfig: Setting CVar [[r.SupportLowQualityLightmaps:1]]
[2020.03.15-00.08.31:140][  0]LogConfig: Setting CVar [[r.SupportPointLightWholeSceneShadows:1]]
[2020.03.15-00.08.31:140][  0]LogConfig: Setting CVar [[r.SupportAtmosphericFog:1]]
[2020.03.15-00.08.31:140][  0]LogConfig: Setting CVar [[r.SkinCache.CompileShaders:0]]
[2020.03.15-00.08.31:140][  0]LogConfig: Setting CVar [[r.Mobile.EnableStaticAndCSMShadowReceivers:1]]
[2020.03.15-00.08.31:140][  0]LogConfig: Setting CVar [[r.Mobile.EnableMovableLightCSMShaderCulling:1]]
[2020.03.15-00.08.31:140][  0]LogConfig: Setting CVar [[r.Mobile.AllowDistanceFieldShadows:1]]
[2020.03.15-00.08.31:140][  0]LogConfig: Setting CVar [[r.Mobile.AllowMovableDirectionalLights:1]]
[2020.03.15-00.08.31:140][  0]LogConfig: Setting CVar [[r.MobileNumDynamicPointLights:4]]
[2020.03.15-00.08.31:140][  0]LogConfig: Setting CVar [[r.MobileDynamicPointLightsUseStaticBranch:1]]
[2020.03.15-00.08.31:140][  0]LogConfig: Setting CVar [[r.Mobile.EnableMovableSpotlights:0]]
[2020.03.15-00.08.31:140][  0]LogConfig: Setting CVar [[r.SkinCache.SceneMemoryLimitInMB:128.000000]]
[2020.03.15-00.08.31:140][  0]LogConfig: Setting CVar [[r.GPUSkin.Limit2BoneInfluences:0]]
[2020.03.15-00.08.31:140][  0]LogConfig: Setting CVar [[r.SupportDepthOnlyIndexBuffers:1]]
[2020.03.15-00.08.31:140][  0]LogConfig: Setting CVar [[r.SupportReversedIndexBuffers:1]]
[2020.03.15-00.08.31:140][  0]LogConfig: Setting CVar [[r.SupportMaterialLayers:0]]
[2020.03.15-00.08.31:140][  0]LogConfig: Applying CVar settings from Section [/Script/Engine.RendererOverrideSettings] File [C:/Users/pele-/Documents/GitHub/DodgeBall/Saved/Config/Windows/Engine.ini]
[2020.03.15-00.08.31:140][  0]LogConfig: Applying CVar settings from Section [/Script/Engine.StreamingSettings] File [C:/Users/pele-/Documents/GitHub/DodgeBall/Saved/Config/Windows/Engine.ini]
[2020.03.15-00.08.31:140][  0]LogConfig: Setting CVar [[s.MinBulkDataSizeForAsyncLoading:131072]]
[2020.03.15-00.08.31:140][  0]LogConfig: Setting CVar [[s.AsyncLoadingThreadEnabled:0]]
[2020.03.15-00.08.31:140][  0]LogConfig: Setting CVar [[s.EventDrivenLoaderEnabled:1]]
[2020.03.15-00.08.31:140][  0]LogConfig: Setting CVar [[s.WarnIfTimeLimitExceeded:0]]
[2020.03.15-00.08.31:140][  0]LogConfig: Setting CVar [[s.TimeLimitExceededMultiplier:1.5]]
[2020.03.15-00.08.31:140][  0]LogConfig: Setting CVar [[s.TimeLimitExceededMinTime:0.005]]
[2020.03.15-00.08.31:140][  0]LogConfig: Setting CVar [[s.UseBackgroundLevelStreaming:1]]
[2020.03.15-00.08.31:140][  0]LogConfig: Setting CVar [[s.PriorityAsyncLoadingExtraTime:15.0]]
[2020.03.15-00.08.31:140][  0]LogConfig: Setting CVar [[s.LevelStreamingActorsUpdateTimeLimit:5.0]]
[2020.03.15-00.08.31:140][  0]LogConfig: Setting CVar [[s.PriorityLevelStreamingActorsUpdateExtraTime:5.0]]
[2020.03.15-00.08.31:140][  0]LogConfig: Setting CVar [[s.LevelStreamingComponentsRegistrationGranularity:10]]
[2020.03.15-00.08.31:140][  0]LogConfig: Setting CVar [[s.UnregisterComponentsTimeLimit:1.0]]
[2020.03.15-00.08.31:140][  0]LogConfig: Setting CVar [[s.LevelStreamingComponentsUnregistrationGranularity:5]]
[2020.03.15-00.08.31:140][  0]LogConfig: Applying CVar settings from Section [/Script/Engine.GarbageCollectionSettings] File [C:/Users/pele-/Documents/GitHub/DodgeBall/Saved/Config/Windows/Engine.ini]
[2020.03.15-00.08.31:140][  0]LogConfig: Setting CVar [[gc.MaxObjectsNotConsideredByGC:1]]
[2020.03.15-00.08.31:140][  0]LogConfig: Setting CVar [[gc.SizeOfPermanentObjectPool:0]]
[2020.03.15-00.08.31:140][  0]LogConfig: Setting CVar [[gc.FlushStreamingOnGC:0]]
[2020.03.15-00.08.31:140][  0]LogConfig: Setting CVar [[gc.NumRetriesBeforeForcingGC:10]]
[2020.03.15-00.08.31:140][  0]LogConfig: Setting CVar [[gc.AllowParallelGC:1]]
[2020.03.15-00.08.31:140][  0]LogConfig: Setting CVar [[gc.TimeBetweenPurgingPendingKillObjects:61.1]]
[2020.03.15-00.08.31:140][  0]LogConfig: Setting CVar [[gc.MaxObjectsInEditor:16777216]]
[2020.03.15-00.08.31:140][  0]LogConfig: Setting CVar [[gc.IncrementalBeginDestroyEnabled:1]]
[2020.03.15-00.08.31:140][  0]LogConfig: Setting CVar [[gc.CreateGCClusters:1]]
[2020.03.15-00.08.31:140][  0]LogConfig: Setting CVar [[gc.MinGCClusterSize:5]]
[2020.03.15-00.08.31:140][  0]LogConfig: Setting CVar [[gc.ActorClusteringEnabled:0]]
[2020.03.15-00.08.31:140][  0]LogConfig: Setting CVar [[gc.BlueprintClusteringEnabled:0]]
[2020.03.15-00.08.31:140][  0]LogConfig: Setting CVar [[gc.UseDisregardForGCOnDedicatedServers:0]]
[2020.03.15-00.08.31:140][  0]LogConfig: Applying CVar settings from Section [/Script/Engine.NetworkSettings] File [C:/Users/pele-/Documents/GitHub/DodgeBall/Saved/Config/Windows/Engine.ini]
[2020.03.15-00.08.31:140][  0]LogConfig: Applying CVar settings from Section [/Script/UnrealEd.CookerSettings] File [C:/Users/pele-/Documents/GitHub/DodgeBall/Saved/Config/Windows/Engine.ini]
[2020.03.15-00.08.31:142][  0]LogConfig: Applying CVar settings from Section [ViewDistanceQuality@3] File [C:/Users/pele-/Documents/GitHub/DodgeBall/Saved/Config/Windows/Scalability.ini]
[2020.03.15-00.08.31:142][  0]LogConfig: Setting CVar [[r.SkeletalMeshLODBias:0]]
[2020.03.15-00.08.31:142][  0]LogConfig: Setting CVar [[r.ViewDistanceScale:1.0]]
[2020.03.15-00.08.31:142][  0]LogConfig: Applying CVar settings from Section [AntiAliasingQuality@3] File [C:/Users/pele-/Documents/GitHub/DodgeBall/Saved/Config/Windows/Scalability.ini]
[2020.03.15-00.08.31:142][  0]LogConfig: Setting CVar [[r.PostProcessAAQuality:4]]
[2020.03.15-00.08.31:142][  0]LogConfig: Applying CVar settings from Section [ShadowQuality@3] File [C:/Users/pele-/Documents/GitHub/DodgeBall/Saved/Config/Windows/Scalability.ini]
[2020.03.15-00.08.31:142][  0]LogConfig: Setting CVar [[r.LightFunctionQuality:1]]
[2020.03.15-00.08.31:142][  0]LogConfig: Setting CVar [[r.ShadowQuality:5]]
[2020.03.15-00.08.31:142][  0]LogConfig: Setting CVar [[r.Shadow.CSM.MaxCascades:10]]
[2020.03.15-00.08.31:142][  0]LogConfig: Setting CVar [[r.Shadow.MaxResolution:2048]]
[2020.03.15-00.08.31:142][  0]LogConfig: Setting CVar [[r.Shadow.MaxCSMResolution:2048]]
[2020.03.15-00.08.31:142][  0]LogConfig: Setting CVar [[r.Shadow.RadiusThreshold:0.01]]
[2020.03.15-00.08.31:142][  0]LogConfig: Setting CVar [[r.Shadow.DistanceScale:1.0]]
[2020.03.15-00.08.31:142][  0]LogConfig: Setting CVar [[r.Shadow.CSM.TransitionScale:1.0]]
[2020.03.15-00.08.31:142][  0]LogConfig: Setting CVar [[r.Shadow.PreShadowResolutionFactor:1.0]]
[2020.03.15-00.08.31:142][  0]LogConfig: Setting CVar [[r.DistanceFieldShadowing:1]]
[2020.03.15-00.08.31:142][  0]LogConfig: Setting CVar [[r.DistanceFieldAO:1]]
[2020.03.15-00.08.31:142][  0]LogConfig: Setting CVar [[r.AOQuality:2]]
[2020.03.15-00.08.31:142][  0]LogConfig: Setting CVar [[r.VolumetricFog:1]]
[2020.03.15-00.08.31:142][  0]LogConfig: Setting CVar [[r.VolumetricFog.GridPixelSize:8]]
[2020.03.15-00.08.31:142][  0]LogConfig: Setting CVar [[r.VolumetricFog.GridSizeZ:128]]
[2020.03.15-00.08.31:142][  0]LogConfig: Setting CVar [[r.VolumetricFog.HistoryMissSupersampleCount:4]]
[2020.03.15-00.08.31:142][  0]LogConfig: Setting CVar [[r.LightMaxDrawDistanceScale:1]]
[2020.03.15-00.08.31:142][  0]LogConfig: Setting CVar [[r.CapsuleShadows:1]]
[2020.03.15-00.08.31:142][  0]LogConfig: Applying CVar settings from Section [PostProcessQuality@3] File [C:/Users/pele-/Documents/GitHub/DodgeBall/Saved/Config/Windows/Scalability.ini]
[2020.03.15-00.08.31:142][  0]LogConfig: Setting CVar [[r.MotionBlurQuality:4]]
[2020.03.15-00.08.31:142][  0]LogConfig: Setting CVar [[r.AmbientOcclusionMipLevelFactor:0.4]]
[2020.03.15-00.08.31:142][  0]LogConfig: Setting CVar [[r.AmbientOcclusionMaxQuality:100]]
[2020.03.15-00.08.31:142][  0]LogConfig: Setting CVar [[r.AmbientOcclusionLevels:-1]]
[2020.03.15-00.08.31:142][  0]LogConfig: Setting CVar [[r.AmbientOcclusionRadiusScale:1.0]]
[2020.03.15-00.08.31:142][  0]LogConfig: Setting CVar [[r.DepthOfFieldQuality:2]]
[2020.03.15-00.08.31:142][  0]LogConfig: Setting CVar [[r.RenderTargetPoolMin:400]]
[2020.03.15-00.08.31:142][  0]LogConfig: Setting CVar [[r.LensFlareQuality:2]]
[2020.03.15-00.08.31:142][  0]LogConfig: Setting CVar [[r.SceneColorFringeQuality:1]]
[2020.03.15-00.08.31:142][  0]LogConfig: Setting CVar [[r.EyeAdaptationQuality:2]]
[2020.03.15-00.08.31:142][  0]LogConfig: Setting CVar [[r.BloomQuality:5]]
[2020.03.15-00.08.31:142][  0]LogConfig: Setting CVar [[r.FastBlurThreshold:100]]
[2020.03.15-00.08.31:142][  0]LogConfig: Setting CVar [[r.Upscale.Quality:3]]
[2020.03.15-00.08.31:142][  0]LogConfig: Setting CVar [[r.Tonemapper.GrainQuantization:1]]
[2020.03.15-00.08.31:142][  0]LogConfig: Setting CVar [[r.LightShaftQuality:1]]
[2020.03.15-00.08.31:142][  0]LogConfig: Setting CVar [[r.Filter.SizeScale:1]]
[2020.03.15-00.08.31:142][  0]LogConfig: Setting CVar [[r.Tonemapper.Quality:5]]
[2020.03.15-00.08.31:142][  0]LogConfig: Setting CVar [[r.DOF.Gather.AccumulatorQuality:1        ; higher gathering accumulator quality]]
[2020.03.15-00.08.31:142][  0]LogConfig: Setting CVar [[r.DOF.Gather.PostfilterMethod:1          ; Median3x3 postfilering method]]
[2020.03.15-00.08.31:142][  0]LogConfig: Setting CVar [[r.DOF.Gather.EnableBokehSettings:0       ; no bokeh simulation when gathering]]
[2020.03.15-00.08.31:142][  0]LogConfig: Setting CVar [[r.DOF.Gather.RingCount:4                 ; medium number of samples when gathering]]
[2020.03.15-00.08.31:142][  0]LogConfig: Setting CVar [[r.DOF.Scatter.ForegroundCompositing:1    ; additive foreground scattering]]
[2020.03.15-00.08.31:142][  0]LogConfig: Setting CVar [[r.DOF.Scatter.BackgroundCompositing:2    ; additive background scattering]]
[2020.03.15-00.08.31:143][  0]LogConfig: Setting CVar [[r.DOF.Scatter.EnableBokehSettings:1      ; bokeh simulation when scattering]]
[2020.03.15-00.08.31:143][  0]LogConfig: Setting CVar [[r.DOF.Scatter.MaxSpriteRatio:0.1         ; only a maximum of 10% of scattered bokeh]]
[2020.03.15-00.08.31:143][  0]LogConfig: Setting CVar [[r.DOF.Recombine.Quality:1                ; cheap slight out of focus]]
[2020.03.15-00.08.31:143][  0]LogConfig: Setting CVar [[r.DOF.Recombine.EnableBokehSettings:0    ; no bokeh simulation on slight out of focus]]
[2020.03.15-00.08.31:143][  0]LogConfig: Setting CVar [[r.DOF.TemporalAAQuality:1                ; more stable temporal accumulation]]
[2020.03.15-00.08.31:143][  0]LogConfig: Setting CVar [[r.DOF.Kernel.MaxForegroundRadius:0.025]]
[2020.03.15-00.08.31:143][  0]LogConfig: Setting CVar [[r.DOF.Kernel.MaxBackgroundRadius:0.025]]
[2020.03.15-00.08.31:143][  0]LogConfig: Applying CVar settings from Section [TextureQuality@3] File [C:/Users/pele-/Documents/GitHub/DodgeBall/Saved/Config/Windows/Scalability.ini]
[2020.03.15-00.08.31:143][  0]LogConfig: Setting CVar [[r.Streaming.MipBias:0]]
[2020.03.15-00.08.31:143][  0]LogConfig: Setting CVar [[r.Streaming.AmortizeCPUToGPUCopy:0]]
[2020.03.15-00.08.31:143][  0]LogConfig: Setting CVar [[r.Streaming.MaxNumTexturesToStreamPerFrame:0]]
[2020.03.15-00.08.31:143][  0]LogConfig: Setting CVar [[r.Streaming.Boost:1]]
[2020.03.15-00.08.31:143][  0]LogConfig: Setting CVar [[r.MaxAnisotropy:8]]
[2020.03.15-00.08.31:143][  0]LogConfig: Setting CVar [[r.Streaming.LimitPoolSizeToVRAM:0]]
[2020.03.15-00.08.31:143][  0]LogConfig: Setting CVar [[r.Streaming.PoolSize:1000]]
[2020.03.15-00.08.31:143][  0]LogConfig: Setting CVar [[r.Streaming.MaxEffectiveScreenSize:0]]
[2020.03.15-00.08.31:143][  0]LogConfig: Applying CVar settings from Section [EffectsQuality@3] File [C:/Users/pele-/Documents/GitHub/DodgeBall/Saved/Config/Windows/Scalability.ini]
[2020.03.15-00.08.31:143][  0]LogConfig: Setting CVar [[r.TranslucencyLightingVolumeDim:64]]
[2020.03.15-00.08.31:143][  0]LogConfig: Setting CVar [[r.RefractionQuality:2]]
[2020.03.15-00.08.31:143][  0]LogConfig: Setting CVar [[r.SSR.Quality:3]]
[2020.03.15-00.08.31:143][  0]LogConfig: Setting CVar [[r.SceneColorFormat:4]]
[2020.03.15-00.08.31:143][  0]LogConfig: Setting CVar [[r.DetailMode:2]]
[2020.03.15-00.08.31:143][  0]LogConfig: Setting CVar [[r.TranslucencyVolumeBlur:1]]
[2020.03.15-00.08.31:143][  0]LogConfig: Setting CVar [[r.MaterialQualityLevel:1 ; High quality]]
[2020.03.15-00.08.31:143][  0]LogConfig: Setting CVar [[r.SSS.Scale:1]]
[2020.03.15-00.08.31:143][  0]LogConfig: Setting CVar [[r.SSS.SampleSet:2]]
[2020.03.15-00.08.31:143][  0]LogConfig: Setting CVar [[r.SSS.Quality:1]]
[2020.03.15-00.08.31:143][  0]LogConfig: Setting CVar [[r.SSS.HalfRes:1]]
[2020.03.15-00.08.31:143][  0]LogConfig: Setting CVar [[r.EmitterSpawnRateScale:1.0]]
[2020.03.15-00.08.31:143][  0]LogConfig: Setting CVar [[r.ParticleLightQuality:2]]
[2020.03.15-00.08.31:143][  0]LogConfig: Applying CVar settings from Section [FoliageQuality@3] File [C:/Users/pele-/Documents/GitHub/DodgeBall/Saved/Config/Windows/Scalability.ini]
[2020.03.15-00.08.31:143][  0]LogConfig: Setting CVar [[foliage.DensityScale:1.0]]
[2020.03.15-00.08.31:143][  0]LogConfig: Setting CVar [[grass.DensityScale:1.0]]
[2020.03.15-00.08.31:143][  0]LogInit: Selected Device Profile: [Windows]
[2020.03.15-00.08.31:143][  0]LogInit: Applying CVar settings loaded from the selected device profile: [Windows]
[2020.03.15-00.08.31:150][  0]LogHAL: Display: Platform has ~ 16 GB [17022177280 / 17179869184 / 16], which maps to Larger [LargestMinGB=32, LargerMinGB=12, DefaultMinGB=8, SmallerMinGB=6, SmallestMinGB=0)
[2020.03.15-00.08.31:150][  0]LogConfig: Setting CVar [[r.Vulkan.UseRealUBs:0		; Required until we fix HLR fall-out]]
[2020.03.15-00.08.31:150][  0]LogInit: Going up to parent DeviceProfile []
[2020.03.15-00.08.31:150][  0]LogConfig: Applying CVar settings from Section [ViewDistanceQuality@3] File [C:/Users/pele-/Documents/GitHub/DodgeBall/Saved/Config/Windows/Scalability.ini]
[2020.03.15-00.08.31:150][  0]LogConfig: Setting CVar [[r.SkeletalMeshLODBias:0]]
[2020.03.15-00.08.31:150][  0]LogConfig: Setting CVar [[r.ViewDistanceScale:1.0]]
[2020.03.15-00.08.31:150][  0]LogConfig: Applying CVar settings from Section [AntiAliasingQuality@3] File [C:/Users/pele-/Documents/GitHub/DodgeBall/Saved/Config/Windows/Scalability.ini]
[2020.03.15-00.08.31:150][  0]LogConfig: Setting CVar [[r.PostProcessAAQuality:4]]
[2020.03.15-00.08.31:150][  0]LogConfig: Applying CVar settings from Section [ShadowQuality@3] File [C:/Users/pele-/Documents/GitHub/DodgeBall/Saved/Config/Windows/Scalability.ini]
[2020.03.15-00.08.31:150][  0]LogConfig: Setting CVar [[r.LightFunctionQuality:1]]
[2020.03.15-00.08.31:150][  0]LogConfig: Setting CVar [[r.ShadowQuality:5]]
[2020.03.15-00.08.31:150][  0]LogConfig: Setting CVar [[r.Shadow.CSM.MaxCascades:10]]
[2020.03.15-00.08.31:150][  0]LogConfig: Setting CVar [[r.Shadow.MaxResolution:2048]]
[2020.03.15-00.08.31:150][  0]LogConfig: Setting CVar [[r.Shadow.MaxCSMResolution:2048]]
[2020.03.15-00.08.31:150][  0]LogConfig: Setting CVar [[r.Shadow.RadiusThreshold:0.01]]
[2020.03.15-00.08.31:150][  0]LogConfig: Setting CVar [[r.Shadow.DistanceScale:1.0]]
[2020.03.15-00.08.31:150][  0]LogConfig: Setting CVar [[r.Shadow.CSM.TransitionScale:1.0]]
[2020.03.15-00.08.31:150][  0]LogConfig: Setting CVar [[r.Shadow.PreShadowResolutionFactor:1.0]]
[2020.03.15-00.08.31:150][  0]LogConfig: Setting CVar [[r.DistanceFieldShadowing:1]]
[2020.03.15-00.08.31:150][  0]LogConfig: Setting CVar [[r.DistanceFieldAO:1]]
[2020.03.15-00.08.31:150][  0]LogConfig: Setting CVar [[r.AOQuality:2]]
[2020.03.15-00.08.31:150][  0]LogConfig: Setting CVar [[r.VolumetricFog:1]]
[2020.03.15-00.08.31:150][  0]LogConfig: Setting CVar [[r.VolumetricFog.GridPixelSize:8]]
[2020.03.15-00.08.31:150][  0]LogConfig: Setting CVar [[r.VolumetricFog.GridSizeZ:128]]
[2020.03.15-00.08.31:150][  0]LogConfig: Setting CVar [[r.VolumetricFog.HistoryMissSupersampleCount:4]]
[2020.03.15-00.08.31:150][  0]LogConfig: Setting CVar [[r.LightMaxDrawDistanceScale:1]]
[2020.03.15-00.08.31:150][  0]LogConfig: Setting CVar [[r.CapsuleShadows:1]]
[2020.03.15-00.08.31:150][  0]LogConfig: Applying CVar settings from Section [PostProcessQuality@3] File [C:/Users/pele-/Documents/GitHub/DodgeBall/Saved/Config/Windows/Scalability.ini]
[2020.03.15-00.08.31:150][  0]LogConfig: Setting CVar [[r.MotionBlurQuality:4]]
[2020.03.15-00.08.31:150][  0]LogConfig: Setting CVar [[r.AmbientOcclusionMipLevelFactor:0.4]]
[2020.03.15-00.08.31:150][  0]LogConfig: Setting CVar [[r.AmbientOcclusionMaxQuality:100]]
[2020.03.15-00.08.31:150][  0]LogConfig: Setting CVar [[r.AmbientOcclusionLevels:-1]]
[2020.03.15-00.08.31:150][  0]LogConfig: Setting CVar [[r.AmbientOcclusionRadiusScale:1.0]]
[2020.03.15-00.08.31:150][  0]LogConfig: Setting CVar [[r.DepthOfFieldQuality:2]]
[2020.03.15-00.08.31:150][  0]LogConfig: Setting CVar [[r.RenderTargetPoolMin:400]]
[2020.03.15-00.08.31:150][  0]LogConfig: Setting CVar [[r.LensFlareQuality:2]]
[2020.03.15-00.08.31:150][  0]LogConfig: Setting CVar [[r.SceneColorFringeQuality:1]]
[2020.03.15-00.08.31:150][  0]LogConfig: Setting CVar [[r.EyeAdaptationQuality:2]]
[2020.03.15-00.08.31:150][  0]LogConfig: Setting CVar [[r.BloomQuality:5]]
[2020.03.15-00.08.31:150][  0]LogConfig: Setting CVar [[r.FastBlurThreshold:100]]
[2020.03.15-00.08.31:150][  0]LogConfig: Setting CVar [[r.Upscale.Quality:3]]
[2020.03.15-00.08.31:150][  0]LogConfig: Setting CVar [[r.Tonemapper.GrainQuantization:1]]
[2020.03.15-00.08.31:150][  0]LogConfig: Setting CVar [[r.LightShaftQuality:1]]
[2020.03.15-00.08.31:150][  0]LogConfig: Setting CVar [[r.Filter.SizeScale:1]]
[2020.03.15-00.08.31:150][  0]LogConfig: Setting CVar [[r.Tonemapper.Quality:5]]
[2020.03.15-00.08.31:150][  0]LogConfig: Setting CVar [[r.DOF.Gather.AccumulatorQuality:1        ; higher gathering accumulator quality]]
[2020.03.15-00.08.31:150][  0]LogConfig: Setting CVar [[r.DOF.Gather.PostfilterMethod:1          ; Median3x3 postfilering method]]
[2020.03.15-00.08.31:150][  0]LogConfig: Setting CVar [[r.DOF.Gather.EnableBokehSettings:0       ; no bokeh simulation when gathering]]
[2020.03.15-00.08.31:150][  0]LogConfig: Setting CVar [[r.DOF.Gather.RingCount:4                 ; medium number of samples when gathering]]
[2020.03.15-00.08.31:150][  0]LogConfig: Setting CVar [[r.DOF.Scatter.ForegroundCompositing:1    ; additive foreground scattering]]
[2020.03.15-00.08.31:150][  0]LogConfig: Setting CVar [[r.DOF.Scatter.BackgroundCompositing:2    ; additive background scattering]]
[2020.03.15-00.08.31:150][  0]LogConfig: Setting CVar [[r.DOF.Scatter.EnableBokehSettings:1      ; bokeh simulation when scattering]]
[2020.03.15-00.08.31:150][  0]LogConfig: Setting CVar [[r.DOF.Scatter.MaxSpriteRatio:0.1         ; only a maximum of 10% of scattered bokeh]]
[2020.03.15-00.08.31:150][  0]LogConfig: Setting CVar [[r.DOF.Recombine.Quality:1                ; cheap slight out of focus]]
[2020.03.15-00.08.31:150][  0]LogConfig: Setting CVar [[r.DOF.Recombine.EnableBokehSettings:0    ; no bokeh simulation on slight out of focus]]
[2020.03.15-00.08.31:150][  0]LogConfig: Setting CVar [[r.DOF.TemporalAAQuality:1                ; more stable temporal accumulation]]
[2020.03.15-00.08.31:150][  0]LogConfig: Setting CVar [[r.DOF.Kernel.MaxForegroundRadius:0.025]]
[2020.03.15-00.08.31:150][  0]LogConfig: Setting CVar [[r.DOF.Kernel.MaxBackgroundRadius:0.025]]
[2020.03.15-00.08.31:150][  0]LogConfig: Applying CVar settings from Section [TextureQuality@3] File [C:/Users/pele-/Documents/GitHub/DodgeBall/Saved/Config/Windows/Scalability.ini]
[2020.03.15-00.08.31:150][  0]LogConfig: Setting CVar [[r.Streaming.MipBias:0]]
[2020.03.15-00.08.31:150][  0]LogConfig: Setting CVar [[r.Streaming.AmortizeCPUToGPUCopy:0]]
[2020.03.15-00.08.31:150][  0]LogConfig: Setting CVar [[r.Streaming.MaxNumTexturesToStreamPerFrame:0]]
[2020.03.15-00.08.31:150][  0]LogConfig: Setting CVar [[r.Streaming.Boost:1]]
[2020.03.15-00.08.31:150][  0]LogConfig: Setting CVar [[r.MaxAnisotropy:8]]
[2020.03.15-00.08.31:150][  0]LogConfig: Setting CVar [[r.Streaming.LimitPoolSizeToVRAM:0]]
[2020.03.15-00.08.31:150][  0]LogConfig: Setting CVar [[r.Streaming.PoolSize:1000]]
[2020.03.15-00.08.31:150][  0]LogConfig: Setting CVar [[r.Streaming.MaxEffectiveScreenSize:0]]
[2020.03.15-00.08.31:150][  0]LogConfig: Applying CVar settings from Section [EffectsQuality@3] File [C:/Users/pele-/Documents/GitHub/DodgeBall/Saved/Config/Windows/Scalability.ini]
[2020.03.15-00.08.31:150][  0]LogConfig: Setting CVar [[r.TranslucencyLightingVolumeDim:64]]
[2020.03.15-00.08.31:150][  0]LogConfig: Setting CVar [[r.RefractionQuality:2]]
[2020.03.15-00.08.31:150][  0]LogConfig: Setting CVar [[r.SSR.Quality:3]]
[2020.03.15-00.08.31:150][  0]LogConfig: Setting CVar [[r.SceneColorFormat:4]]
[2020.03.15-00.08.31:150][  0]LogConfig: Setting CVar [[r.DetailMode:2]]
[2020.03.15-00.08.31:150][  0]LogConfig: Setting CVar [[r.TranslucencyVolumeBlur:1]]
[2020.03.15-00.08.31:150][  0]LogConfig: Setting CVar [[r.MaterialQualityLevel:1 ; High quality]]
[2020.03.15-00.08.31:150][  0]LogConfig: Setting CVar [[r.SSS.Scale:1]]
[2020.03.15-00.08.31:150][  0]LogConfig: Setting CVar [[r.SSS.SampleSet:2]]
[2020.03.15-00.08.31:150][  0]LogConfig: Setting CVar [[r.SSS.Quality:1]]
[2020.03.15-00.08.31:151][  0]LogConfig: Setting CVar [[r.SSS.HalfRes:1]]
[2020.03.15-00.08.31:151][  0]LogConfig: Setting CVar [[r.EmitterSpawnRateScale:1.0]]
[2020.03.15-00.08.31:151][  0]LogConfig: Setting CVar [[r.ParticleLightQuality:2]]
[2020.03.15-00.08.31:151][  0]LogConfig: Applying CVar settings from Section [FoliageQuality@3] File [C:/Users/pele-/Documents/GitHub/DodgeBall/Saved/Config/Windows/Scalability.ini]
[2020.03.15-00.08.31:151][  0]LogConfig: Setting CVar [[foliage.DensityScale:1.0]]
[2020.03.15-00.08.31:151][  0]LogConfig: Setting CVar [[grass.DensityScale:1.0]]
[2020.03.15-00.08.31:151][  0]LogConfig: Applying CVar settings from Section [Startup] File [../../../Engine/Config/ConsoleVariables.ini]
[2020.03.15-00.08.31:151][  0]LogConfig: Setting CVar [[net.UseAdaptiveNetUpdateFrequency:0]]
[2020.03.15-00.08.31:151][  0]LogConfig: Setting CVar [[p.chaos.AllowCreatePhysxBodies:1]]
[2020.03.15-00.08.31:151][  0]LogConfig: Applying CVar settings from Section [ConsoleVariables] File [C:/Users/pele-/Documents/GitHub/DodgeBall/Saved/Config/Windows/Engine.ini]
[2020.03.15-00.08.31:151][  0]LogInit: Computer: LAPTOP-OS5U2E3I
[2020.03.15-00.08.31:151][  0]LogInit: User: pele
[2020.03.15-00.08.31:151][  0]LogInit: CPU Page size=4096, Cores=6
[2020.03.15-00.08.31:151][  0]LogInit: High frequency timer resolution =10.000000 MHz
[2020.03.15-00.08.31:151][  0]LogMemory: Memory total: Physical=15.9GB (16GB approx)
[2020.03.15-00.08.31:151][  0]LogMemory: Platform Memory Stats for Windows
[2020.03.15-00.08.31:151][  0]LogMemory: Process Physical Memory: 134.71 MB used, 134.71 MB peak
[2020.03.15-00.08.31:151][  0]LogMemory: Process Virtual Memory: 106.55 MB used, 106.55 MB peak
[2020.03.15-00.08.31:151][  0]LogMemory: Physical Memory: 5683.71 MB used,  10549.90 MB free, 16233.61 MB total
[2020.03.15-00.08.31:151][  0]LogMemory: Virtual Memory: 4830.79 MB used,  134212896.00 MB free, 134217728.00 MB total
[2020.03.15-00.08.31:229][  0]LogInit: Using OS detected language (en-US).
[2020.03.15-00.08.31:229][  0]LogInit: Using OS detected locale (en-US).
[2020.03.15-00.08.31:230][  0]LogTextLocalizationManager: No specific localization for 'en-US' exists, so the 'en' localization will be used.
[2020.03.15-00.08.31:402][  0]LogSlate: New Slate User Created.  User Index 0, Is Virtual User: 0
[2020.03.15-00.08.31:402][  0]LogSlate: Slate User Registered.  User Index 0, Is Virtual User: 0
[2020.03.15-00.08.31:460][  0]LogHMD: Failed to initialize OpenVR with code 110
[2020.03.15-00.08.31:460][  0]LogD3D11RHI: D3D11 adapters:
[2020.03.15-00.08.31:581][  0]LogD3D11RHI:    0. 'NVIDIA GeForce RTX 2070' (Feature Level 11_0)
[2020.03.15-00.08.31:581][  0]LogD3D11RHI:       8031/0/8116 MB DedicatedVideo/DedicatedSystem/SharedSystem, Outputs:1, VendorId:0x10de
[2020.03.15-00.08.31:616][  0]LogD3D11RHI:    1. 'Intel(R) UHD Graphics 630' (Feature Level 11_0)
[2020.03.15-00.08.31:616][  0]LogD3D11RHI:       128/0/8116 MB DedicatedVideo/DedicatedSystem/SharedSystem, Outputs:0, VendorId:0x8086
[2020.03.15-00.08.31:620][  0]LogD3D11RHI:    2. 'Microsoft Basic Render Driver' (Feature Level 11_0)
[2020.03.15-00.08.31:620][  0]LogD3D11RHI:       0/0/8116 MB DedicatedVideo/DedicatedSystem/SharedSystem, Outputs:0, VendorId:0x1414
[2020.03.15-00.08.31:620][  0]LogD3D11RHI: Chosen D3D11 Adapter: 0
[2020.03.15-00.08.31:659][  0]LogD3D11RHI: Creating new Direct3DDevice
[2020.03.15-00.08.31:659][  0]LogD3D11RHI:     GPU DeviceId: 0x1f10 (for the marketing name, search the web for "GPU Device Id")
[2020.03.15-00.08.31:659][  0]LogWindows: EnumDisplayDevices:
[2020.03.15-00.08.31:660][  0]LogWindows:    0. 'Intel(R) UHD Graphics 630' (P:1 D:1)
[2020.03.15-00.08.31:660][  0]LogWindows:    1. 'Intel(R) UHD Graphics 630' (P:0 D:0)
[2020.03.15-00.08.31:660][  0]LogWindows:    2. 'Intel(R) UHD Graphics 630' (P:0 D:0)
[2020.03.15-00.08.31:660][  0]LogWindows:    3. 'NVIDIA GeForce RTX 2070' (P:0 D:0)
[2020.03.15-00.08.31:661][  0]LogWindows:    4. 'NVIDIA GeForce RTX 2070' (P:0 D:0)
[2020.03.15-00.08.31:661][  0]LogWindows:    5. 'NVIDIA GeForce RTX 2070' (P:0 D:0)
[2020.03.15-00.08.31:661][  0]LogWindows:    6. 'NVIDIA GeForce RTX 2070' (P:0 D:0)
[2020.03.15-00.08.31:661][  0]LogWindows: DebugString: PrimaryIsNotTheChoosenAdapter PrimaryIsNotTheChoosenAdapter PrimaryIsNotTheChoosenAdapter FoundDriverCount:4 
[2020.03.15-00.08.31:661][  0]LogD3D11RHI:     Adapter Name: NVIDIA GeForce RTX 2070
[2020.03.15-00.08.31:661][  0]LogD3D11RHI:   Driver Version: 442.19 (internal:26.21.14.4219, unified:442.19)
[2020.03.15-00.08.31:661][  0]LogD3D11RHI:      Driver Date: 1-29-2020
[2020.03.15-00.08.31:661][  0]LogRHI: Texture pool is 5621 MB (70% of 8031 MB)
[2020.03.15-00.08.31:720][  0]LogD3D11RHI: Async texture creation enabled
[2020.03.15-00.08.31:728][  0]LogRendererCore: FGlobalReadBuffer::InitRHI
[2020.03.15-00.08.31:728][  0]LogRendererCore: FGlobalReadBuffer::InitRHI
[2020.03.15-00.08.31:728][  0]LogRendererCore: FGlobalReadBuffer::InitRHI
[2020.03.15-00.08.31:736][  0]LogD3D11RHI: GPU Timing Frequency: 1000.000000 (Debug: 2 1)
[2020.03.15-00.08.32:054][  0]LogTemp: Display: Module 'WindowsClientTargetPlatform' loaded TargetPlatform 'WindowsClient'
[2020.03.15-00.08.32:067][  0]LogTemp: Display: Module 'WindowsNoEditorTargetPlatform' loaded TargetPlatform 'WindowsNoEditor'
[2020.03.15-00.08.32:079][  0]LogTemp: Display: Module 'WindowsServerTargetPlatform' loaded TargetPlatform 'WindowsServer'
[2020.03.15-00.08.32:086][  0]LogTemp: Display: Module 'WindowsTargetPlatform' loaded TargetPlatform 'Windows'
[2020.03.15-00.08.32:086][  0]LogTargetPlatformManager: Display: Building Assets For Windows
[2020.03.15-00.08.32:095][  0]LogAudioDebug: Display: Lib vorbis DLL was dynamically loaded.
[2020.03.15-00.08.32:146][  0]LogShaderCompilers: Guid format shader working directory is -11 characters bigger than the processId version (../../../../../../Users/pele-/Documents/GitHub/DodgeBall/Intermediate/Shaders/WorkingDirectory/30736/).
[2020.03.15-00.08.32:147][  0]LogShaderCompilers: Cleaned the shader compiler working directory 'C:/Users/pele-/AppData/Local/Temp/UnrealShaderWorkingDir/E7E06C074CEB2110B288BFBF2F220786/'.
[2020.03.15-00.08.32:149][  0]LogXGEController: Cleaning working directory: C:/Users/pele-/AppData/Local/Temp/UnrealXGEWorkingDir/
[2020.03.15-00.08.32:149][  0]LogXGEController: Cannot use XGE Controller as Incredibuild is not installed on this machine.
[2020.03.15-00.08.32:149][  0]LogShaderCompilers: Cannot use XGE Shader Compiler as Incredibuild is not installed on this machine.
[2020.03.15-00.08.32:149][  0]LogShaderCompilers: Display: Using Local Shader Compiler.
[2020.03.15-00.08.32:629][  0]LogDerivedDataCache: Display: Max Cache Size: 512 MB
[2020.03.15-00.08.32:670][  0]LogDerivedDataCache: Loaded boot cache 0.04s 71MB C:/Users/pele-/AppData/Local/UnrealEngine/4.22/DerivedDataCache/Boot.ddc.
[2020.03.15-00.08.32:670][  0]LogDerivedDataCache: Display: Loaded Boot cache: C:/Users/pele-/AppData/Local/UnrealEngine/4.22/DerivedDataCache/Boot.ddc
[2020.03.15-00.08.32:670][  0]LogDerivedDataCache: FDerivedDataBackendGraph:  Pak pak cache file ../../../../../../Users/pele-/Documents/GitHub/DodgeBall/DerivedDataCache/DDC.ddp not found, will not use a pak cache.
[2020.03.15-00.08.32:670][  0]LogDerivedDataCache: Unable to find inner node Pak for hierarchical cache Hierarchy.
[2020.03.15-00.08.32:670][  0]LogDerivedDataCache: FDerivedDataBackendGraph:  CompressedPak pak cache file ../../../../../../Users/pele-/Documents/GitHub/DodgeBall/DerivedDataCache/Compressed.ddp not found, will not use a pak cache.
[2020.03.15-00.08.32:670][  0]LogDerivedDataCache: Unable to find inner node CompressedPak for hierarchical cache Hierarchy.
[2020.03.15-00.08.32:681][  0]LogDerivedDataCache: Display: Pak cache opened for reading ../../../Engine/DerivedDataCache/Compressed.ddp.
[2020.03.15-00.08.32:681][  0]LogDerivedDataCache: FDerivedDataBackendGraph:  EnterprisePak pak cache file ../../../Enterprise/DerivedDataCache/Compressed.ddp not found, will not use a pak cache.
[2020.03.15-00.08.32:681][  0]LogDerivedDataCache: Unable to find inner node EnterprisePak for hierarchical cache Hierarchy.
[2020.03.15-00.08.32:693][  0]LogDerivedDataCache: Using Local data cache path C:/Users/pele-/AppData/Local/UnrealEngine/Common/DerivedDataCache: Writable
[2020.03.15-00.08.32:693][  0]LogDerivedDataCache: Shared data cache path not found in *engine.ini, will not use an Shared cache.
[2020.03.15-00.08.32:693][  0]LogDerivedDataCache: Unable to find inner node Shared for hierarchical cache Hierarchy.
[2020.03.15-00.08.32:711][  0]LogMaterial: Verifying Global Shaders for PCD3D_SM5
[2020.03.15-00.08.32:712][  0]LogSlate: Using FreeType 2.6.0
[2020.03.15-00.08.32:713][  0]LogSlate: SlateFontServices - WITH_FREETYPE: 1, WITH_HARFBUZZ: 1
[2020.03.15-00.08.33:312][  0]LogInit: Using OS detected language (en-US).
[2020.03.15-00.08.33:312][  0]LogInit: Using OS detected locale (en-US).
[2020.03.15-00.08.33:313][  0]LogTextLocalizationManager: No localization for 'en-US' exists, so 'en' will be used for the language.
[2020.03.15-00.08.33:313][  0]LogTextLocalizationManager: No localization for 'en-US' exists, so 'en' will be used for the locale.
[2020.03.15-00.08.33:313][  0]LogSlate: FontCache flush requested. Reason: Culture for localization was changed
[2020.03.15-00.08.33:313][  0]LogSlate: FontCache flush requested. Reason: Culture for localization was changed
[2020.03.15-00.08.33:314][  0]LogTextLocalizationManager: Compacting localization data took   0.02ms
[2020.03.15-00.08.33:324][  0]LogAssetRegistry: FAssetRegistry took 0.0055 seconds to start up
[2020.03.15-00.08.33:487][  0]LogPackageLocalizationCache: Processed 10 localized package path(s) for 1 prioritized culture(s) in 0.008637 seconds
[2020.03.15-00.08.33:609][  0]LogInit: Selected Device Profile: [Windows]
[2020.03.15-00.08.33:721][  0]LogMeshReduction: Using QuadricMeshReduction for automatic static mesh reduction
[2020.03.15-00.08.33:721][  0]LogMeshReduction: Using SimplygonMeshReduction for automatic skeletal mesh reduction
[2020.03.15-00.08.33:721][  0]LogMeshReduction: Using ProxyLODMeshReduction for automatic mesh merging
[2020.03.15-00.08.33:721][  0]LogMeshReduction: No distributed automatic mesh merging module available
[2020.03.15-00.08.33:721][  0]LogMeshMerging: No distributed automatic mesh merging module available
[2020.03.15-00.08.33:730][  0]LogNetVersion: DodgeBall 1.0.0, NetCL: 5660361, EngineNetVer: 10, GameNetVer: 0 (Checksum: 2105125027)
[2020.03.15-00.08.34:157][  0]LogMoviePlayer: Initializing movie player
[2020.03.15-00.08.34:303][  0]SourceControl: Source control is disabled
[2020.03.15-00.08.34:304][  0]SourceControl: Source control is disabled
[2020.03.15-00.08.34:305][  0]SourceControl: Source control is disabled
[2020.03.15-00.08.34:314][  0]LogVSAccessor: Display: Unable to create Visual Studio setup instance: 80040154
[2020.03.15-00.08.34:315][  0]LogVSAccessor: Display: Unable to create Visual Studio setup instance: 80040154
[2020.03.15-00.08.34:356][  0]LogAndroidPermission: UAndroidPermissionCallbackProxy::GetInstance
[2020.03.15-00.08.34:615][  0]LogOcInput: OculusInput pre-init called
[2020.03.15-00.08.34:624][  0]LogUObjectArray: 46468 objects as part of root set at end of initial load.
[2020.03.15-00.08.34:624][  0]LogUObjectAllocator: 8170472 out of 0 bytes used by permanent object pool.
[2020.03.15-00.08.34:624][  0]LogUObjectArray: CloseDisregardForGC: 0/0 objects in disregard for GC pool
[2020.03.15-00.08.34:748][  0]LogEngine: Initializing Engine...
[2020.03.15-00.08.34:749][  0]LogHMD: Failed to initialize OpenVR with code 110
[2020.03.15-00.08.34:760][  0]LogStats: UGameplayTagsManager::InitializeManager -  0.000 s
[2020.03.15-00.08.34:884][  0]LogInit: Initializing FReadOnlyCVARCache
[2020.03.15-00.08.34:892][  0]LogInit: XAudio2 using 'Speakers (Realtek(R) Audio)' : 6 channels at 48 kHz using 32 bits per sample (channel mask 0x3f)
[2020.03.15-00.08.35:089][  0]LogInit: FAudioDevice initialized.
[2020.03.15-00.08.35:101][  0]LogNetVersion: Set ProjectVersion to 1.0.0.0. Version Checksum will be recalculated on next use.
[2020.03.15-00.08.35:143][  0]LogDerivedDataCache: Saved boot cache 0.04s 71MB C:/Users/pele-/AppData/Local/UnrealEngine/4.22/DerivedDataCache/Boot.ddc.
[2020.03.15-00.08.35:149][  0]LogInit: Texture streaming: Enabled
[2020.03.15-00.08.35:309][  0]LogSlate: Updating window title bar state: overlay mode, drag disabled, window buttons hidden, title bar hidden
[2020.03.15-00.08.35:309][  0]LogInit: Display: Game Engine Initialized.
[2020.03.15-00.08.35:357][  0]LogInit: Display: Starting Game.
[2020.03.15-00.08.35:357][  0]LogNet: Browse: /Game/ThirdPersonBP/Maps/MainMenuMap?Name=Player
[2020.03.15-00.08.35:357][  0]LogLoad: LoadMap: /Game/ThirdPersonBP/Maps/MainMenuMap?Name=Player
[2020.03.15-00.08.35:385][  0]LogUObjectHash: Compacting FUObjectHashTables data took   1.62ms
[2020.03.15-00.08.35:406][  0]LogAIModule: Creating AISystem for world MainMenuMap
[2020.03.15-00.08.35:406][  0]LogLoad: Game class is 'MainMenuGameMode_C'
[2020.03.15-00.08.35:407][  0]LogWorld: Bringing World /Game/ThirdPersonBP/Maps/MainMenuMap.MainMenuMap up for play (max tick rate 0) at 2020.03.14-17.08.35
[2020.03.15-00.08.35:407][  0]LogWorld: Bringing up level for play took: 0.000400
[2020.03.15-00.08.35:408][  0]LogGameMode: FindPlayerStart: PATHS NOT DEFINED or NO PLAYERSTART with positive rating
[2020.03.15-00.08.35:412][  0]LogLoad: Took 0.055686 seconds to LoadMap(/Game/ThirdPersonBP/Maps/MainMenuMap)
[2020.03.15-00.08.35:466][  0]LogRenderer: Reallocating scene render targets to support 1536x864 Format 10 NumSamples 1 (Frame:1).
[2020.03.15-00.08.35:466][  0]LogLoad: (Engine Initialization) Total time: 6.32 seconds
[2020.03.15-00.08.35:466][  0]LogLoad: (Engine Initialization) Total Blueprint compile time: 0.00 seconds
[2020.03.15-00.08.35:485][  0]LogContentStreaming: Texture pool size now 1000 MB
[2020.03.15-00.08.44:428][551]LogSlate: FSceneViewport::OnFocusLost() reason 0
[2020.03.15-00.08.44:574][560]LogSlate: Took 0.000196 seconds to synchronously load lazily loaded font '../../../Engine/Content/Slate/Fonts/Roboto-Regular.ttf' (155K)
[2020.03.15-00.08.49:866][889]LogOnlineSession: Verbose: OSS: dumping NamedSession: 
[2020.03.15-00.08.49:866][889]LogOnlineSession: Verbose: OSS: 	SessionName: GameSession
[2020.03.15-00.08.49:866][889]LogOnlineSession: Verbose: OSS: 	HostingPlayerNum: 0
[2020.03.15-00.08.49:866][889]LogOnlineSession: Verbose: OSS: 	SessionState: Pending
[2020.03.15-00.08.49:866][889]LogOnlineSession: Verbose: OSS: 	RegisteredPlayers: 
[2020.03.15-00.08.49:866][889]LogOnlineSession: Verbose: OSS: 	    0 registered players
[2020.03.15-00.08.49:866][889]LogOnlineSession: Verbose: OSS: dumping Session: 
[2020.03.15-00.08.49:866][889]LogOnlineSession: Verbose: OSS: 	OwningPlayerName: ayyPele
[2020.03.15-00.08.49:867][889]LogOnlineSession: Verbose: OSS: 	OwningPlayerId: ayyPele [0x1C7AA2A5EA0]
[2020.03.15-00.08.49:867][889]LogOnlineSession: Verbose: OSS: 	NumOpenPrivateConnections: 0
[2020.03.15-00.08.49:867][889]LogOnlineSession: Verbose: OSS: 	NumOpenPublicConnections: 19
[2020.03.15-00.08.49:867][889]LogOnlineSession: Verbose: OSS: 	SessionInfo: HostIP: INVALID SteamP2P: 76561198152334416:7777 Type: Lobby session SessionId: Lobby[0x18600000BCA9CEE]
[2020.03.15-00.08.49:867][889]LogOnlineSession: Verbose: OSS: dumping SessionSettings: 
[2020.03.15-00.08.49:867][889]LogOnlineSession: Verbose: OSS: 	NumPublicConnections: 20
[2020.03.15-00.08.49:867][889]LogOnlineSession: Verbose: OSS: 	NumPrivateConnections: 0
[2020.03.15-00.08.49:867][889]LogOnlineSession: Verbose: OSS: 	bIsLanMatch: false
[2020.03.15-00.08.49:867][889]LogOnlineSession: Verbose: OSS: 	bIsDedicated: false
[2020.03.15-00.08.49:867][889]LogOnlineSession: Verbose: OSS: 	bUsesStats: false
[2020.03.15-00.08.49:867][889]LogOnlineSession: Verbose: OSS: 	bShouldAdvertise: true
[2020.03.15-00.08.49:867][889]LogOnlineSession: Verbose: OSS: 	bAllowJoinInProgress: true
[2020.03.15-00.08.49:867][889]LogOnlineSession: Verbose: OSS: 	bAllowInvites: false
[2020.03.15-00.08.49:867][889]LogOnlineSession: Verbose: OSS: 	bUsesPresence: true
[2020.03.15-00.08.49:867][889]LogOnlineSession: Verbose: OSS: 	bAllowJoinViaPresence: true
[2020.03.15-00.08.49:867][889]LogOnlineSession: Verbose: OSS: 	bAllowJoinViaPresenceFriendsOnly: false
[2020.03.15-00.08.49:867][889]LogOnlineSession: Verbose: OSS: 	BuildUniqueId: 0x00565ec9
[2020.03.15-00.08.49:867][889]LogOnlineSession: Verbose: OSS: 	Settings:
[2020.03.15-00.08.49:953][889]LogPackageName: SearchForPackageOnDisk took   0.086s to resolve ThirdPersonExampleMap.umap.
[2020.03.15-00.08.50:036][889]LogPackageName: SearchForPackageOnDisk took   0.082s to resolve ThirdPersonExampleMap.umap.
[2020.03.15-00.08.50:036][889]LogNet: Browse: /Game/ThirdPersonBP/Maps/ThirdPersonExampleMap?listen
[2020.03.15-00.08.50:036][889]LogLoad: LoadMap: /Game/ThirdPersonBP/Maps/ThirdPersonExampleMap?listen
[2020.03.15-00.08.50:061][889]LogUObjectHash: Compacting FUObjectHashTables data took   1.46ms
[2020.03.15-00.08.50:413][889]LogAIModule: Creating AISystem for world ThirdPersonExampleMap
[2020.03.15-00.08.50:421][889]LogLoad: Game class is 'MainMenuGameMode_C'
[2020.03.15-00.08.50:422][889]LogTemp: Display: ParseSettings for GameNetDriver
[2020.03.15-00.08.50:422][889]LogTemp: Display: ParseSettings for SteamNetDriver_0
[2020.03.15-00.08.50:422][889]LogTemp: Display: ParseSettings for GameNetDriver
[2020.03.15-00.08.50:422][889]LogNet: ReplicationDriverClass is null! Not using ReplicationDriver.
[2020.03.15-00.08.50:422][889]PacketHandlerLog: DDoS detection status: detection enabled: 0 analytics enabled: 0
[2020.03.15-00.08.50:422][889]LogNet: Display: SteamNetDriver_0 bound to port 7777
[2020.03.15-00.08.50:422][889]PacketHandlerLog: Loaded PacketHandler component: Engine.EngineHandlerComponentFactory (StatelessConnectHandlerComponent)
[2020.03.15-00.08.50:422][889]LogNet: GameNetDriver SteamNetDriver_0 IpNetDriver listening on port 7777
[2020.03.15-00.08.50:429][889]LogWorld: Bringing World /Game/ThirdPersonBP/Maps/ThirdPersonExampleMap.ThirdPersonExampleMap up for play (max tick rate 0) at 2020.03.14-17.08.50
[2020.03.15-00.08.50:430][889]LogWorld: Bringing up level for play took: 0.007116
[2020.03.15-00.08.50:432][889]LogLoad: Took 0.396165 seconds to LoadMap(/Game/ThirdPersonBP/Maps/ThirdPersonExampleMap)
[2020.03.15-00.09.22:468][874]LogSlate: FSceneViewport::OnFocusLost() reason 0
[2020.03.15-00.09.25:985][ 92]LogSlate: FSceneViewport::OnFocusLost() reason 0
[2020.03.15-00.09.26:130][101]LogScript: Warning: Accessed None trying to read property FoundGames
	MainGameInstance_C /Engine/Transient.GameEngine_0:MainGameInstance_C_0
	Function /Game/ThirdPersonBP/Blueprints/MainGameInstance.MainGameInstance_C:ExecuteUbergraph_MainGameInstance:011E
[2020.03.15-00.09.26:130][101]LogScript: Warning: Script call stack:
	Function /Game/UI/MainMenuWidget.MainMenuWidget_C:BndEvt__FindGame_K2Node_ComponentBoundEvent_1_OnButtonClickedEvent__DelegateSignature
	Function /Game/UI/MainMenuWidget.MainMenuWidget_C:ExecuteUbergraph_MainMenuWidget
	Function /Game/ThirdPersonBP/Blueprints/MainGameInstance.MainGameInstance_C:ShowFound
	Function /Game/ThirdPersonBP/Blueprints/MainGameInstance.MainGameInstance_C:ExecuteUbergraph_MainGameInstance

[2020.03.15-00.12.55:035][ 49]LogSlate: Window 'DodgeBall (64-bit Development PCD3D_SM5) ' being destroyed
[2020.03.15-00.12.55:036][ 49]LogWindowsTextInputMethodSystem: Display: IME system now deactivated.
[2020.03.15-00.12.55:041][ 49]LogSlate: Updating window title bar state: overlay mode, drag disabled, window buttons hidden, title bar hidden
[2020.03.15-00.12.55:041][ 49]LogEngine: All Windows Closed
[2020.03.15-00.12.55:041][ 49]LogWindows: FPlatformMisc::RequestExit(0)
[2020.03.15-00.12.55:052][ 50]LogNet: World NetDriver shutdown SteamNetDriver_0 [GameNetDriver]
[2020.03.15-00.12.55:052][ 50]LogNet: DestroyNamedNetDriver SteamNetDriver_0 [GameNetDriver]
[2020.03.15-00.12.55:053][ 50]LogExit: GameNetDriver SteamNetDriver_0 shut down
[2020.03.15-00.12.55:913][ 50]LogExit: Preparing to exit.
[2020.03.15-00.12.55:913][ 50]LogMoviePlayer: Shutting down movie player
[2020.03.15-00.12.55:923][ 50]LogSlate: Updating window title bar state: overlay mode, drag disabled, window buttons hidden, title bar hidden
[2020.03.15-00.12.55:929][ 50]LogExit: Game engine shut down
[2020.03.15-00.12.55:970][ 50]LogExit: Object subsystem successfully closed.
[2020.03.15-00.12.55:991][ 50]LogShaderCompilers: Display: Shaders left to compile 0
[2020.03.15-00.12.55:993][ 50]LogD3D11RHI: Shutdown
[2020.03.15-00.12.55:993][ 50]LogD3D11RHI: CleanupD3DDevice
[2020.03.15-00.12.55:994][ 50]LogRendererCore: FGlobalReadBuffer::ReleaseRHI
[2020.03.15-00.12.55:994][ 50]LogRendererCore: FGlobalDynamicReadBuffer::Cleanup()
[2020.03.15-00.12.55:994][ 50]LogRendererCore: FGlobalReadBuffer::ReleaseRHI
[2020.03.15-00.12.55:994][ 50]LogRendererCore: FGlobalDynamicReadBuffer::Cleanup()
[2020.03.15-00.12.55:994][ 50]LogRendererCore: FGlobalReadBuffer::ReleaseRHI
[2020.03.15-00.12.55:994][ 50]LogRendererCore: FGlobalDynamicReadBuffer::Cleanup()
[2020.03.15-00.12.56:044][ 50]LogD3D11RHI: ~FD3D11DynamicRHI
[2020.03.15-00.12.56:059][ 50]LogModuleManager: Shutting down and abandoning module SequenceRecorderSections (400)
[2020.03.15-00.12.56:059][ 50]LogModuleManager: Shutting down and abandoning module SequenceRecorder (398)
[2020.03.15-00.12.56:059][ 50]LogModuleManager: Shutting down and abandoning module AutomationController (396)
[2020.03.15-00.12.56:059][ 50]LogModuleManager: Shutting down and abandoning module AutomationWorker (394)
[2020.03.15-00.12.56:059][ 50]LogModuleManager: Shutting down and abandoning module Voice (392)
[2020.03.15-00.12.56:059][ 50]LogModuleManager: Shutting down and abandoning module AIModule (390)
[2020.03.15-00.12.56:059][ 50]LogModuleManager: Shutting down and abandoning module GameplayDebugger (389)
[2020.03.15-00.12.56:059][ 50]LogModuleManager: Shutting down and abandoning module AITestSuite (387)
[2020.03.15-00.12.56:059][ 50]LogModuleManager: Shutting down and abandoning module NavigationSystem (385)
[2020.03.15-00.12.56:059][ 50]LogModuleManager: Shutting down and abandoning module OculusMR (382)
[2020.03.15-00.12.56:059][ 50]LogModuleManager: Shutting down and abandoning module WmfMediaFactory (380)
[2020.03.15-00.12.56:059][ 50]LogModuleManager: Shutting down and abandoning module WebMMediaFactory (378)
[2020.03.15-00.12.56:059][ 50]LogModuleManager: Shutting down and abandoning module WebMMedia (376)
[2020.03.15-00.12.56:059][ 50]LogModuleManager: Shutting down and abandoning module OpenExrWrapper (374)
[2020.03.15-00.12.56:059][ 50]LogModuleManager: Shutting down and abandoning module ImgMediaFactory (372)
[2020.03.15-00.12.56:059][ 50]LogModuleManager: Shutting down and abandoning module AvfMediaFactory (370)
[2020.03.15-00.12.56:059][ 50]LogModuleManager: Shutting down and abandoning module MagicLeapCameraPreviewFactory (368)
[2020.03.15-00.12.56:059][ 50]LogModuleManager: Shutting down and abandoning module MagicLeapMediaCodecFactory (366)
[2020.03.15-00.12.56:059][ 50]LogModuleManager: Shutting down and abandoning module MagicLeapMediaFactory (364)
[2020.03.15-00.12.56:059][ 50]LogModuleManager: Shutting down and abandoning module CharacterAI (362)
[2020.03.15-00.12.56:059][ 50]LogModuleManager: Shutting down and abandoning module SessionServices (360)
[2020.03.15-00.12.56:059][ 50]LogModuleManager: Shutting down and abandoning module MovieSceneCapture (358)
[2020.03.15-00.12.56:059][ 50]LogModuleManager: Shutting down and abandoning module LiveCoding (356)
[2020.03.15-00.12.56:060][ 50]LogModuleManager: Shutting down and abandoning module LevelSequence (354)
[2020.03.15-00.12.56:060][ 50]LogModuleManager: Shutting down and abandoning module MovieSceneTracks (352)
[2020.03.15-00.12.56:060][ 50]LogModuleManager: Shutting down and abandoning module MovieScene (350)
[2020.03.15-00.12.56:060][ 50]LogModuleManager: Shutting down and abandoning module StreamingPauseRendering (348)
[2020.03.15-00.12.56:060][ 50]LogModuleManager: Shutting down and abandoning module PortalServices (346)
[2020.03.15-00.12.56:060][ 50]LogModuleManager: Shutting down and abandoning module PortalRpc (344)
[2020.03.15-00.12.56:060][ 50]LogModuleManager: Shutting down and abandoning module MessagingRpc (342)
[2020.03.15-00.12.56:060][ 50]LogModuleManager: Shutting down and abandoning module ImageWriteQueue (340)
[2020.03.15-00.12.56:062][ 50]LogModuleManager: Shutting down and abandoning module ProfilerService (338)
[2020.03.15-00.12.56:182][ 50]LogModuleManager: Shutting down and abandoning module TaskGraph (336)
[2020.03.15-00.12.56:182][ 50]LogModuleManager: Shutting down and abandoning module SteamVRController (334)
[2020.03.15-00.12.56:182][ 50]LogModuleManager: Shutting down and abandoning module ProceduralMeshComponent (332)
[2020.03.15-00.12.56:182][ 50]LogModuleManager: Shutting down and abandoning module OculusInput (330)
[2020.03.15-00.12.56:182][ 50]LogModuleManager: Shutting down and abandoning module MobilePatchingUtils (328)
[2020.03.15-00.12.56:182][ 50]LogModuleManager: Shutting down and abandoning module EditableMesh (326)
[2020.03.15-00.12.56:182][ 50]LogModuleManager: Shutting down and abandoning module CustomMeshComponent (324)
[2020.03.15-00.12.56:182][ 50]LogModuleManager: Shutting down and abandoning module CableComponent (322)
[2020.03.15-00.12.56:182][ 50]LogModuleManager: Shutting down and abandoning module AudioCapture (320)
[2020.03.15-00.12.56:182][ 50]LogModuleManager: Shutting down and abandoning module ArchVisCharacter (318)
[2020.03.15-00.12.56:182][ 50]LogModuleManager: Shutting down and abandoning module AndroidPermission (316)
[2020.03.15-00.12.56:182][ 50]LogModuleManager: Shutting down and abandoning module NUTUnrealEngine4 (312)
[2020.03.15-00.12.56:182][ 50]LogModuleManager: Shutting down and abandoning module NetcodeUnitTest (310)
[2020.03.15-00.12.56:183][ 50]LogModuleManager: Shutting down and abandoning module MediaCompositing (308)
[2020.03.15-00.12.56:183][ 50]LogModuleManager: Shutting down and abandoning module LinearTimecode (306)
[2020.03.15-00.12.56:183][ 50]LogModuleManager: Shutting down and abandoning module ImgMedia (304)
[2020.03.15-00.12.56:183][ 50]LogModuleManager: Shutting down and abandoning module MagicLeapHelperVulkan (302)
[2020.03.15-00.12.56:183][ 50]LogModuleManager: Shutting down and abandoning module MagicLeapHelperOpenGL (300)
[2020.03.15-00.12.56:183][ 50]LogModuleManager: Shutting down and abandoning module MagicLeapAudio (298)
[2020.03.15-00.12.56:183][ 50]LogModuleManager: Shutting down and abandoning module HTML5Networking (296)
[2020.03.15-00.12.56:183][ 50]LogModuleManager: Shutting down and abandoning module GeometryCacheTracks (294)
[2020.03.15-00.12.56:183][ 50]LogModuleManager: Shutting down and abandoning module GeometryCacheSequencer (293)
[2020.03.15-00.12.56:183][ 50]LogModuleManager: Shutting down and abandoning module GeometryCache (290)
[2020.03.15-00.12.56:183][ 50]LogModuleManager: Shutting down and abandoning module GeometryCacheEd (289)
[2020.03.15-00.12.56:183][ 50]LogModuleManager: Shutting down and abandoning module BackChannel (286)
[2020.03.15-00.12.56:183][ 50]LogModuleManager: Shutting down and abandoning module AppleVision (284)
[2020.03.15-00.12.56:183][ 50]LogModuleManager: Shutting down and abandoning module AppleImageUtilsBlueprintSupport (282)
[2020.03.15-00.12.56:183][ 50]LogModuleManager: Shutting down and abandoning module AppleImageUtils (280)
[2020.03.15-00.12.56:183][ 50]LogModuleManager: Shutting down and abandoning module VariantManagerContent (278)
[2020.03.15-00.12.56:183][ 50]LogModuleManager: Shutting down and abandoning module CryptoKeysOpenSSL (276)
[2020.03.15-00.12.56:183][ 50]LogModuleManager: Shutting down and abandoning module CryptoKeys (274)
[2020.03.15-00.12.56:183][ 50]LogModuleManager: Shutting down and abandoning module VisualStudioSourceCodeAccess (272)
[2020.03.15-00.12.56:183][ 50]LogModuleManager: Shutting down and abandoning module HotReload (271)
[2020.03.15-00.12.56:183][ 50]LogModuleManager: Shutting down and abandoning module DirectoryWatcher (270)
[2020.03.15-00.12.56:183][ 50]LogModuleManager: Shutting down and abandoning module VisualStudioCodeSourceCodeAccess (266)
[2020.03.15-00.12.56:183][ 50]LogModuleManager: Shutting down and abandoning module UObjectPlugin (264)
[2020.03.15-00.12.56:183][ 50]LogModuleManager: Shutting down and abandoning module SubversionSourceControl (262)
[2020.03.15-00.12.56:183][ 50]LogModuleManager: Shutting down and abandoning module PerforceSourceControl (260)
[2020.03.15-00.12.56:183][ 50]LogModuleManager: Shutting down and abandoning module SourceControl (259)
[2020.03.15-00.12.56:183][ 50]LogModuleManager: Shutting down and abandoning module CLionSourceCodeAccess (256)
[2020.03.15-00.12.56:183][ 50]LogModuleManager: Shutting down and abandoning module ActorLayerUtilities (254)
[2020.03.15-00.12.56:183][ 50]LogModuleManager: Shutting down and abandoning module SignificanceManager (252)
[2020.03.15-00.12.56:183][ 50]LogModuleManager: Shutting down and abandoning module RuntimePhysXCooking (250)
[2020.03.15-00.12.56:183][ 50]LogModuleManager: Shutting down and abandoning module PhysXVehiclesEditor (248)
[2020.03.15-00.12.56:183][ 50]LogModuleManager: Shutting down and abandoning module PhysXVehicles (246)
[2020.03.15-00.12.56:183][ 50]LogModuleManager: Shutting down and abandoning module LocationServicesBPLibrary (244)
[2020.03.15-00.12.56:183][ 50]LogModuleManager: Shutting down and abandoning module ActorSequence (242)
[2020.03.15-00.12.56:183][ 50]LogModuleManager: Shutting down and abandoning module UdpMessaging (240)
[2020.03.15-00.12.56:183][ 50]LogModuleManager: Shutting down and abandoning module TcpMessaging (238)
[2020.03.15-00.12.56:183][ 50]LogModuleManager: Shutting down and abandoning module MagicLeapIdentity (236)
[2020.03.15-00.12.56:183][ 50]LogModuleManager: Shutting down and abandoning module MagicLeapSecureStorage (234)
[2020.03.15-00.12.56:183][ 50]LogModuleManager: Shutting down and abandoning module MagicLeapHandTracking (232)
[2020.03.15-00.12.56:183][ 50]LogModuleManager: Shutting down and abandoning module MagicLeapEyeTracker (230)
[2020.03.15-00.12.56:183][ 50]LogModuleManager: Shutting down and abandoning module MagicLeapController (228)
[2020.03.15-00.12.56:183][ 50]LogSlate: Slate User Destroyed.  User Index 0, Is Virtual User: 0
[2020.03.15-00.12.56:183][ 50]LogModuleManager: Shutting down and abandoning module MagicLeapAR (226)
[2020.03.15-00.12.56:183][ 50]LogModuleManager: Shutting down and abandoning module AugmentedReality (225)
[2020.03.15-00.12.56:183][ 50]LogModuleManager: Shutting down and abandoning module GameplayTagsEditor (222)
[2020.03.15-00.12.56:183][ 50]LogModuleManager: Shutting down and abandoning module FacialAnimation (220)
[2020.03.15-00.12.56:183][ 50]LogModuleManager: Shutting down and abandoning module DataValidation (218)
[2020.03.15-00.12.56:183][ 50]LogModuleManager: Shutting down and abandoning module AssetManagerEditor (216)
[2020.03.15-00.12.56:183][ 50]LogModuleManager: Shutting down and abandoning module TreeMap (215)
[2020.03.15-00.12.56:183][ 50]LogModuleManager: Shutting down and abandoning module AnimationSharing (212)
[2020.03.15-00.12.56:183][ 50]LogModuleManager: Shutting down and abandoning module LightPropagationVolumeRuntime (210)
[2020.03.15-00.12.56:183][ 50]LogModuleManager: Shutting down and abandoning module AISupportModule (208)
[2020.03.15-00.12.56:183][ 50]LogModuleManager: Shutting down and abandoning module Paper2D (206)
[2020.03.15-00.12.56:183][ 50]LogModuleManager: Shutting down and abandoning module WindowsMoviePlayer (204)
[2020.03.15-00.12.56:183][ 50]LogModuleManager: Shutting down and abandoning module WebMMoviePlayer (202)
[2020.03.15-00.12.56:183][ 50]LogModuleManager: Shutting down and abandoning module PacketHandler (200)
[2020.03.15-00.12.56:184][ 50]LogModuleManager: Shutting down and abandoning module ClothingSystemEditor (198)
[2020.03.15-00.12.56:184][ 50]LogModuleManager: Shutting down and abandoning module ClothingSystemRuntime (196)
[2020.03.15-00.12.56:184][ 50]LogModuleManager: Shutting down and abandoning module MediaAssets (194)
[2020.03.15-00.12.56:184][ 50]LogModuleManager: Shutting down and abandoning module Overlay (192)
[2020.03.15-00.12.56:184][ 50]LogModuleManager: Shutting down and abandoning module OverlayEditor (191)
[2020.03.15-00.12.56:184][ 50]LogModuleManager: Shutting down and abandoning module VREditor (188)
[2020.03.15-00.12.56:184][ 50]LogModuleManager: Shutting down and abandoning module StringTableEditor (186)
[2020.03.15-00.12.56:184][ 50]LogModuleManager: Shutting down and abandoning module GameplayTasksEditor (184)
[2020.03.15-00.12.56:184][ 50]LogModuleManager: Shutting down and abandoning module BehaviorTreeEditor (182)
[2020.03.15-00.12.56:184][ 50]LogModuleManager: Shutting down and abandoning module FunctionalTesting (180)
[2020.03.15-00.12.56:184][ 50]LogModuleManager: Shutting down and abandoning module CollisionAnalyzer (178)
[2020.03.15-00.12.56:184][ 50]LogModuleManager: Shutting down and abandoning module WorkspaceMenuStructure (177)
[2020.03.15-00.12.56:184][ 50]LogModuleManager: Shutting down and abandoning module UMG (174)
[2020.03.15-00.12.56:184][ 50]LogModuleManager: Shutting down and abandoning module UMGEditor (173)
[2020.03.15-00.12.56:184][ 50]LogModuleManager: Shutting down and abandoning module Sequencer (172)
[2020.03.15-00.12.56:184][ 50]LogModuleManager: Shutting down and abandoning module MessageLog (169)
[2020.03.15-00.12.56:184][ 50]LogModuleManager: Shutting down and abandoning module SlateReflector (164)
[2020.03.15-00.12.56:184][ 50]LogModuleManager: Shutting down and abandoning module Slate (162)
[2020.03.15-00.12.56:184][ 50]LogModuleManager: Shutting down and abandoning module EditorStyle (160)
[2020.03.15-00.12.56:185][ 50]LogModuleManager: Shutting down and abandoning module UnrealEd (158)
[2020.03.15-00.12.56:185][ 50]LogModuleManager: Shutting down and abandoning module MRMesh (156)
[2020.03.15-00.12.56:185][ 50]LogModuleManager: Shutting down and abandoning module Messaging (154)
[2020.03.15-00.12.56:185][ 50]LogModuleManager: Shutting down and abandoning module SourceCodeAccess (152)
[2020.03.15-00.12.56:185][ 50]LogModuleManager: Shutting down and abandoning module HeadMountedDisplay (150)
[2020.03.15-00.12.56:185][ 50]LogModuleManager: Shutting down and abandoning module XAudio2 (148)
[2020.03.15-00.12.56:185][ 50]LogModuleManager: Shutting down and abandoning module Networking (146)
[2020.03.15-00.12.56:185][ 50]LogModuleManager: Shutting down and abandoning module Core (144)
[2020.03.15-00.12.56:185][ 50]LogModuleManager: Shutting down and abandoning module KismetCompiler (142)
[2020.03.15-00.12.56:185][ 50]LogModuleManager: Shutting down and abandoning module MeshUtilities (140)
[2020.03.15-00.12.56:185][ 50]LogModuleManager: Shutting down and abandoning module MeshMergeUtilities (139)
[2020.03.15-00.12.56:185][ 50]LogModuleManager: Shutting down and abandoning module MeshReductionInterface (138)
[2020.03.15-00.12.56:185][ 50]LogModuleManager: Shutting down and abandoning module SkeletalMeshReduction (137)
[2020.03.15-00.12.56:185][ 50]LogModuleManager: Shutting down and abandoning module ProxyLODMeshReduction (135)
[2020.03.15-00.12.56:185][ 50]LogModuleManager: Shutting down and abandoning module QuadricMeshReduction (133)
[2020.03.15-00.12.56:185][ 50]LogModuleManager: Shutting down and abandoning module MaterialBaking (129)
[2020.03.15-00.12.56:185][ 50]LogModuleManager: Shutting down and abandoning module PIEPreviewDeviceProfileSelector (124)
[2020.03.15-00.12.56:185][ 50]LogModuleManager: Shutting down and abandoning module DerivedDataCache (122)
[2020.03.15-00.12.56:202][ 50]LogDerivedDataCache: Shutdown
[2020.03.15-00.12.56:202][ 50]LogModuleManager: Shutting down and abandoning module XGEController (120)
[2020.03.15-00.12.56:202][ 50]LogXGEController: Cleaning working directory: C:/Users/pele-/AppData/Local/Temp/UnrealXGEWorkingDir/
[2020.03.15-00.12.56:202][ 50]LogModuleManager: Shutting down and abandoning module TargetPlatform (118)
[2020.03.15-00.12.56:202][ 50]LogModuleManager: Shutting down and abandoning module VulkanShaderFormat (117)
[2020.03.15-00.12.56:202][ 50]LogModuleManager: Shutting down and abandoning module ShaderFormatVectorVM (115)
[2020.03.15-00.12.56:202][ 50]LogModuleManager: Shutting down and abandoning module ShaderFormatOpenGL (113)
[2020.03.15-00.12.56:202][ 50]LogModuleManager: Shutting down and abandoning module ShaderFormatD3D (111)
[2020.03.15-00.12.56:202][ 50]LogModuleManager: Shutting down and abandoning module MetalShaderFormat (109)
[2020.03.15-00.12.56:202][ 50]LogModuleManager: Shutting down and abandoning module TextureFormatUncompressed (107)
[2020.03.15-00.12.56:202][ 50]LogModuleManager: Shutting down and abandoning module TextureFormatPVR (105)
[2020.03.15-00.12.56:202][ 50]LogModuleManager: Shutting down and abandoning module TextureFormatDXT (103)
[2020.03.15-00.12.56:202][ 50]LogModuleManager: Shutting down and abandoning module TextureFormatIntelISPCTexComp (101)
[2020.03.15-00.12.56:203][ 50]LogModuleManager: Shutting down and abandoning module TextureFormatASTC (99)
[2020.03.15-00.12.56:203][ 50]LogModuleManager: Shutting down and abandoning module ImageWrapper (98)
[2020.03.15-00.12.56:203][ 50]LogModuleManager: Shutting down and abandoning module TextureFormatAndroid (95)
[2020.03.15-00.12.56:203][ 50]LogModuleManager: Shutting down and abandoning module AudioFormatOpus (93)
[2020.03.15-00.12.56:203][ 50]LogModuleManager: Shutting down and abandoning module AudioFormatOgg (91)
[2020.03.15-00.12.56:203][ 50]LogModuleManager: Shutting down and abandoning module AudioFormatADPCM (89)
[2020.03.15-00.12.56:203][ 50]LogModuleManager: Shutting down and abandoning module WindowsTargetPlatform (87)
[2020.03.15-00.12.56:203][ 50]LogModuleManager: Shutting down and abandoning module WindowsServerTargetPlatform (85)
[2020.03.15-00.12.56:203][ 50]LogModuleManager: Shutting down and abandoning module WindowsNoEditorTargetPlatform (83)
[2020.03.15-00.12.56:203][ 50]LogModuleManager: Shutting down and abandoning module WindowsClientTargetPlatform (81)
[2020.03.15-00.12.56:203][ 50]LogModuleManager: Shutting down and abandoning module InputCore (78)
[2020.03.15-00.12.56:203][ 50]LogModuleManager: Shutting down and abandoning module Settings (76)
[2020.03.15-00.12.56:203][ 50]LogModuleManager: Shutting down and abandoning module PhysXCooking (74)
[2020.03.15-00.12.56:203][ 50]LogModuleManager: Shutting down and abandoning module SteamVR (72)
[2020.03.15-00.12.56:203][ 50]LogHMD: Freeing OpenVRDLLHandle.
[2020.03.15-00.12.56:203][ 50]LogModuleManager: Shutting down and abandoning module OculusHMD (70)
[2020.03.15-00.12.56:203][ 50]LogModuleManager: Shutting down and abandoning module ExampleDeviceProfileSelector (68)
[2020.03.15-00.12.56:203][ 50]LogModuleManager: Shutting down and abandoning module LauncherChunkInstaller (66)
[2020.03.15-00.12.56:203][ 50]LogModuleManager: Shutting down and abandoning module OnlineBlueprintSupport (64)
[2020.03.15-00.12.56:203][ 50]LogModuleManager: Shutting down and abandoning module OnlineSubsystem (60)
[2020.03.15-00.12.56:203][ 50]LogOnline: Display: STEAM: OnlineSubsystemSteam::Shutdown()
[2020.03.15-00.12.56:203][ 50]LogOnline: STEAM: AUTH: Revoking all tickets.
[2020.03.15-00.12.56:266][ 50]LogOnline: Display: STEAM: OnlineSubsystemSteam::Shutdown()
[2020.03.15-00.12.56:266][ 50]LogModuleManager: Shutting down and abandoning module XMPP (55)
[2020.03.15-00.12.56:266][ 50]LogModuleManager: Shutting down and abandoning module WebSockets (54)
[2020.03.15-00.12.56:281][ 50]LogModuleManager: Shutting down and abandoning module HTTP (51)
[2020.03.15-00.12.56:286][ 50]LogModuleManager: Shutting down and abandoning module SSL (50)
[2020.03.15-00.12.56:287][ 50]LogModuleManager: Shutting down and abandoning module WmfMedia (46)
[2020.03.15-00.12.56:288][ 50]LogModuleManager: Shutting down and abandoning module Media (45)
[2020.03.15-00.12.56:294][ 50]LogModuleManager: Shutting down and abandoning module MagicLeap (42)
[2020.03.15-00.12.56:294][ 50]LogModuleManager: Shutting down and abandoning module DatasmithContent (40)
[2020.03.15-00.12.56:294][ 50]LogModuleManager: Shutting down and abandoning module AnimationModifiers (38)
[2020.03.15-00.12.56:295][ 50]LogModuleManager: Shutting down and abandoning module PropertyEditor (37)
[2020.03.15-00.12.56:295][ 50]LogModuleManager: Shutting down and abandoning module AudioEditor (34)
[2020.03.15-00.12.56:295][ 50]LogModuleManager: Shutting down and abandoning module TextureCompressor (32)
[2020.03.15-00.12.56:295][ 50]LogModuleManager: Shutting down and abandoning module RenderCore (30)
[2020.03.15-00.12.56:295][ 50]LogModuleManager: Shutting down and abandoning module Landscape (28)
[2020.03.15-00.12.56:295][ 50]LogModuleManager: Shutting down and abandoning module SlateRHIRenderer (26)
[2020.03.15-00.12.56:295][ 50]LogModuleManager: Shutting down and abandoning module OpenGLDrv (24)
[2020.03.15-00.12.56:295][ 50]LogModuleManager: Shutting down and abandoning module D3D11RHI (22)
[2020.03.15-00.12.56:295][ 50]LogModuleManager: Shutting down and abandoning module AnimGraphRuntime (20)
[2020.03.15-00.12.56:295][ 50]LogModuleManager: Shutting down and abandoning module Renderer (18)
[2020.03.15-00.12.56:295][ 50]LogModuleManager: Shutting down and abandoning module Engine (16)
[2020.03.15-00.12.56:295][ 50]LogModuleManager: Shutting down and abandoning module CoreUObject (14)
[2020.03.15-00.12.56:295][ 50]LogModuleManager: Shutting down and abandoning module NetworkFile (12)
[2020.03.15-00.12.56:295][ 50]LogModuleManager: Shutting down and abandoning module CookedIterativeFile (10)
[2020.03.15-00.12.56:295][ 50]LogModuleManager: Shutting down and abandoning module StreamingFile (8)
[2020.03.15-00.12.56:295][ 50]LogModuleManager: Shutting down and abandoning module SandboxFile (6)
[2020.03.15-00.12.56:295][ 50]LogModuleManager: Shutting down and abandoning module PakFile (4)
[2020.03.15-00.12.56:295][ 50]LogModuleManager: Shutting down and abandoning module RSA (3)
[2020.03.15-00.12.56:302][ 50]LogExit: Exiting.
[2020.03.15-00.12.56:308][ 50]Log file closed, 03/14/20 17:12:56
