Log file open, 03/14/20 17:25:19
LogWindows: Failed to load 'aqProf.dll' (GetLastError=126)
LogWindows: File 'aqProf.dll' does not exist
LogWindows: Failed to load 'VtuneApi.dll' (GetLastError=126)
LogWindows: File 'VtuneApi.dll' does not exist
LogWindows: Failed to load 'VtuneApi32e.dll' (GetLastError=126)
LogWindows: File 'VtuneApi32e.dll' does not exist
LogConsoleResponse: Display: Failed to find resolution value strings in scalability ini. Falling back to default.
LogInit: Display: Running engine for game: DodgeBall
LogPakFile: Registered encryption key '00000000000000000000000000000000': 0 pak files mounted, 0 remain pending
LogPlatformFile: Not using cached read wrapper
LogTaskGraph: Started task graph with 5 named threads and 35 total threads with 3 sets of task threads.
LogStats: Stats thread started at 0.400688
LogD3D11RHI: Loaded GFSDK_Aftermath_Lib.x64.dll
LogICUInternationalization: ICU TimeZone Detection - Raw Offset: -8:00, Platform Override: ''
LogPluginManager: Mounting plugin Paper2D
LogPluginManager: Mounting plugin AISupport
LogPluginManager: Mounting plugin LightPropagationVolume
LogPluginManager: Mounting plugin ActorLayerUtilities
LogPluginManager: Mounting plugin AnimationSharing
LogPluginManager: Mounting plugin CLionSourceCodeAccess
LogPluginManager: Mounting plugin CodeLiteSourceCodeAccess
LogPluginManager: Mounting plugin GitSourceControl
LogPluginManager: Mounting plugin KDevelopSourceCodeAccess
LogPluginManager: Mounting plugin NullSourceCodeAccess
LogPluginManager: Mounting plugin PerforceSourceControl
LogPluginManager: Mounting plugin SubversionSourceControl
LogPluginManager: Mounting plugin UObjectPlugin
LogPluginManager: Mounting plugin VisualStudioCodeSourceCodeAccess
LogPluginManager: Mounting plugin VisualStudioSourceCodeAccess
LogPluginManager: Mounting plugin XCodeSourceCodeAccess
LogPluginManager: Mounting plugin AssetManagerEditor
LogPluginManager: Mounting plugin CryptoKeys
LogPluginManager: Mounting plugin DataValidation
LogPluginManager: Mounting plugin FacialAnimation
LogPluginManager: Mounting plugin GameplayTagsEditor
LogPluginManager: Mounting plugin MacGraphicsSwitching
LogPluginManager: Mounting plugin MaterialAnalyzer
LogPluginManager: Mounting plugin MobileLauncherProfileWizard
LogPluginManager: Mounting plugin PluginBrowser
LogPluginManager: Mounting plugin SpeedTreeImporter
LogPluginManager: Mounting plugin DatasmithContent
LogPluginManager: Mounting plugin VariantManagerContent
LogPluginManager: Mounting plugin AlembicImporter
LogPluginManager: Mounting plugin AppleImageUtils
LogPluginManager: Mounting plugin AppleVision
LogPluginManager: Mounting plugin BackChannel
LogPluginManager: Mounting plugin CharacterAI
LogPluginManager: Mounting plugin GeometryCache
LogPluginManager: Mounting plugin HTML5Networking
LogPluginManager: Mounting plugin ProxyLODPlugin
LogPluginManager: Mounting plugin SkeletalReduction
LogPluginManager: Mounting plugin MagicLeap
LogPluginManager: Mounting plugin MagicLeapMedia
LogPluginManager: Mounting plugin AndroidMedia
LogPluginManager: Mounting plugin AvfMedia
LogPluginManager: Mounting plugin ImgMedia
LogPluginManager: Mounting plugin LinearTimecode
LogPluginManager: Mounting plugin MediaCompositing
LogPluginManager: Mounting plugin MediaPlayerEditor
LogPluginManager: Mounting plugin WebMMedia
LogPluginManager: Mounting plugin WmfMedia
LogPluginManager: Mounting plugin TcpMessaging
LogPluginManager: Mounting plugin UdpMessaging
LogPluginManager: Mounting plugin ActorSequence
LogPluginManager: Mounting plugin LevelSequenceEditor
LogPluginManager: Mounting plugin MatineeToLevelSequence
LogPluginManager: Mounting plugin NetcodeUnitTest
LogPluginManager: Mounting plugin NUTUnrealEngine4
LogPluginManager: Mounting plugin OnlineSubsystemGooglePlay
LogPluginManager: Mounting plugin OnlineSubsystemIOS
LogPluginManager: Mounting plugin OnlineSubsystem
LogPluginManager: Mounting plugin OnlineSubsystemNull
LogPluginManager: Mounting plugin OnlineSubsystemSteam
LogPluginManager: Mounting plugin OnlineSubsystemUtils
LogPluginManager: Mounting plugin LauncherChunkInstaller
LogPluginManager: Mounting plugin AndroidDeviceProfileSelector
LogPluginManager: Mounting plugin AndroidMoviePlayer
LogPluginManager: Mounting plugin AndroidPermission
LogPluginManager: Mounting plugin AppleMoviePlayer
LogPluginManager: Mounting plugin ArchVisCharacter
LogPluginManager: Mounting plugin AudioCapture
LogPluginManager: Mounting plugin CableComponent
LogPluginManager: Mounting plugin CustomMeshComponent
LogPluginManager: Mounting plugin EditableMesh
LogPluginManager: Mounting plugin ExampleDeviceProfileSelector
LogPluginManager: Mounting plugin Firebase
LogPluginManager: Mounting plugin GoogleCloudMessaging
LogPluginManager: Mounting plugin IOSDeviceProfileSelector
LogPluginManager: Mounting plugin LinuxDeviceProfileSelector
LogPluginManager: Mounting plugin LocationServicesBPLibrary
LogPluginManager: Mounting plugin MobilePatchingUtils
LogPluginManager: Mounting plugin OculusVR
LogPluginManager: Mounting plugin PhysXVehicles
LogPluginManager: Mounting plugin ProceduralMeshComponent
LogPluginManager: Mounting plugin RuntimePhysXCooking
LogPluginManager: Mounting plugin SignificanceManager
LogPluginManager: Mounting plugin SteamVR
LogPluginManager: Mounting plugin WebMMoviePlayer
LogPluginManager: Mounting plugin WindowsMoviePlayer
LogInit: Using libcurl 7.55.1-DEV
LogInit:  - built for x86_64-pc-win32
LogInit:  - supports SSL with OpenSSL/1.1.1
LogInit:  - supports HTTP deflate (compression) using libz 1.2.8
LogInit:  - other features:
LogInit:      CURL_VERSION_SSL
LogInit:      CURL_VERSION_LIBZ
LogInit:      CURL_VERSION_IPV6
LogInit:      CURL_VERSION_ASYNCHDNS
LogInit:      CURL_VERSION_LARGEFILE
LogInit:      CURL_VERSION_IDN
LogInit:  CurlRequestOptions (configurable via config and command line):
LogInit:  - bVerifyPeer = true  - Libcurl will verify peer certificate
LogInit:  - bUseHttpProxy = false  - Libcurl will NOT use HTTP proxy
LogInit:  - bDontReuseConnections = false  - Libcurl will reuse connections
LogInit:  - MaxHostConnections = 16  - Libcurl will limit the number of connections to a host
LogInit:  - LocalHostAddr = Default
LogInit:  - BufferSize = 65536
LogOnline: Display: STEAM: Loading Steam SDK 1.39
LogOnline: STEAM: Steam User is subscribed 1
LogOnline: STEAM: [AppId: 480] Client API initialized 1
LogOnline: STEAM: [AppId: 480] Game Server API initialized 0
LogOnline: Warning: STEAM: Failed to initialize Steam, this could be due to a Steam server and client running on the same machine. Try running with -NOSTEAM on the cmdline to disable.
LogOnline: Display: STEAM: OnlineSubsystemSteam::Shutdown()
LogOnline: Warning: STEAM: Steam API failed to initialize!
LogOnline: Display: STEAM: OnlineSubsystemSteam::Shutdown()
LogOnline: OSS: Unable to create OnlineSubsystem module Steam
LogInit: WinSock: version 1.1 (2.2), MaxSocks=32767, MaxUdp=65467
LogInit: Build: ++UE4+Release-4.22-CL-7053642
LogInit: Engine Version: 4.22.3-7053642+++UE4+Release-4.22
LogInit: Compatible Engine Version: 4.22.0-5660361+++UE4+Release-4.22
LogInit: Net CL: 5660361
LogInit: OS: Windows 10 (Release 1809) (), CPU: Intel(R) Core(TM) i7-9750H CPU @ 2.60GHz, GPU: Intel(R) UHD Graphics 630
LogInit: Compiled (64-bit): Jun 18 2019 03:09:11
LogInit: Compiled with Visual C++: 19.16.27025.01
LogInit: Build Configuration: Development
LogInit: Branch Name: ++UE4+Release-4.22
LogInit: Command Line:  -game
LogInit: Base Directory: C:/Program Files/Epic Games/UE_4.22/Engine/Binaries/Win64/
LogInit: Installed Engine Build: 1
LogDevObjectVersion: Number of dev versions registered: 23
LogDevObjectVersion:   Dev-Blueprints (B0D832E4-1F89-4F0D-ACCF-7EB736FD4AA2): 10
LogDevObjectVersion:   Dev-Build (E1C64328-A22C-4D53-A36C-8E866417BD8C): 0
LogDevObjectVersion:   Dev-Core (375EC13C-06E4-48FB-B500-84F0262A717E): 3
LogDevObjectVersion:   Dev-Editor (E4B068ED-F494-42E9-A231-DA0B2E46BB41): 30
LogDevObjectVersion:   Dev-Framework (CFFC743F-43B0-4480-9391-14DF171D2073): 35
LogDevObjectVersion:   Dev-Mobile (B02B49B5-BB20-44E9-A304-32B752E40360): 2
LogDevObjectVersion:   Dev-Networking (A4E4105C-59A1-49B5-A7C5-40C4547EDFEE): 0
LogDevObjectVersion:   Dev-Online (39C831C9-5AE6-47DC-9A44-9C173E1C8E7C): 0
LogDevObjectVersion:   Dev-Physics (78F01B33-EBEA-4F98-B9B4-84EACCB95AA2): 0
LogDevObjectVersion:   Dev-Platform (6631380F-2D4D-43E0-8009-CF276956A95A): 0
LogDevObjectVersion:   Dev-Rendering (12F88B9F-8875-4AFC-A67C-D90C383ABD29): 28
LogDevObjectVersion:   Dev-Sequencer (7B5AE74C-D270-4C10-A958-57980B212A5A): 11
LogDevObjectVersion:   Dev-VR (D7296918-1DD6-4BDD-9DE2-64A83CC13884): 2
LogDevObjectVersion:   Dev-LoadTimes (C2A15278-BFE7-4AFE-6C17-90FF531DF755): 1
LogDevObjectVersion:   Private-Geometry (6EACA3D4-40EC-4CC1-B786-8BED09428FC5): 3
LogDevObjectVersion:   Dev-AnimPhys (29E575DD-E0A3-4627-9D10-D276232CDCEA): 17
LogDevObjectVersion:   Dev-Anim (AF43A65D-7FD3-4947-9873-3E8ED9C1BB05): 2
LogDevObjectVersion:   Dev-ReflectionCapture (6B266CEC-1EC7-4B8F-A30B-E4D90942FC07): 1
LogDevObjectVersion:   Dev-Automation (0DF73D61-A23F-47EA-B727-89E90C41499A): 1
LogDevObjectVersion:   FortniteMain (601D1886-AC64-4F84-AA16-D3DE0DEAC7D6): 25
LogDevObjectVersion:   Dev-Enterprise (9DFFBCD6-494F-0158-E221-12823C92A888): 6
LogDevObjectVersion:   Dev-Niagara (F2AED0AC-9AFE-416F-8664-AA7FFA26D6FC): 1
LogDevObjectVersion:   Dev-Destruction (174F1F0B-B4C6-45A5-B13F-2EE8D0FB917D): 2
LogInit: Presizing for max 16777216 objects, including 0 objects not considered by GC, pre-allocating 0 bytes for permanent pool.
LogInit: Object subsystem initialized
LogConfig: Setting CVar [[con.DebugEarlyDefault:1]]
LogConfig: Setting CVar [[r.setres:1280x720]]
[2020.03.15-00.25.19:867][  0]LogConfig: Setting CVar [[con.DebugEarlyDefault:1]]
[2020.03.15-00.25.19:867][  0]LogConfig: Setting CVar [[r.setres:1280x720]]
[2020.03.15-00.25.19:867][  0]LogConfig: Applying CVar settings from Section [/Script/Engine.RendererSettings] File [C:/Users/pele-/Documents/GitHub/DodgeBall/Saved/Config/Windows/Engine.ini]
[2020.03.15-00.25.19:868][  0]LogConfig: Setting CVar [[r.GPUCrashDebugging:0]]
[2020.03.15-00.25.19:868][  0]LogConfig: Setting CVar [[r.MobileHDR:1]]
[2020.03.15-00.25.19:868][  0]LogConfig: Setting CVar [[r.Mobile.DisableVertexFog:1]]
[2020.03.15-00.25.19:868][  0]LogConfig: Setting CVar [[r.Shadow.CSM.MaxMobileCascades:2]]
[2020.03.15-00.25.19:868][  0]LogConfig: Setting CVar [[r.MobileMSAA:1]]
[2020.03.15-00.25.19:868][  0]LogConfig: Setting CVar [[r.Mobile.UseLegacyShadingModel:0]]
[2020.03.15-00.25.19:868][  0]LogConfig: Setting CVar [[r.Mobile.UseHWsRGBEncoding:0]]
[2020.03.15-00.25.19:868][  0]LogConfig: Setting CVar [[r.Mobile.AllowDitheredLODTransition:0]]
[2020.03.15-00.25.19:868][  0]LogConfig: Setting CVar [[r.Mobile.AllowSoftwareOcclusion:0]]
[2020.03.15-00.25.19:868][  0]LogConfig: Setting CVar [[r.DiscardUnusedQuality:0]]
[2020.03.15-00.25.19:868][  0]LogConfig: Setting CVar [[r.AllowOcclusionQueries:1]]
[2020.03.15-00.25.19:868][  0]LogConfig: Setting CVar [[r.MinScreenRadiusForLights:0.030000]]
[2020.03.15-00.25.19:868][  0]LogConfig: Setting CVar [[r.MinScreenRadiusForDepthPrepass:0.030000]]
[2020.03.15-00.25.19:868][  0]LogConfig: Setting CVar [[r.MinScreenRadiusForCSMDepth:0.010000]]
[2020.03.15-00.25.19:868][  0]LogConfig: Setting CVar [[r.PrecomputedVisibilityWarning:0]]
[2020.03.15-00.25.19:868][  0]LogConfig: Setting CVar [[r.TextureStreaming:1]]
[2020.03.15-00.25.19:868][  0]LogConfig: Setting CVar [[Compat.UseDXT5NormalMaps:0]]
[2020.03.15-00.25.19:868][  0]LogConfig: Setting CVar [[r.ClearCoatNormal:0]]
[2020.03.15-00.25.19:868][  0]LogConfig: Setting CVar [[r.ReflectionCaptureResolution:128]]
[2020.03.15-00.25.19:868][  0]LogConfig: Setting CVar [[r.ReflectionEnvironmentLightmapMixBasedOnRoughness:1]]
[2020.03.15-00.25.19:868][  0]LogConfig: Setting CVar [[r.ForwardShading:0]]
[2020.03.15-00.25.19:868][  0]LogConfig: Setting CVar [[r.VertexFoggingForOpaque:1]]
[2020.03.15-00.25.19:868][  0]LogConfig: Setting CVar [[r.AllowStaticLighting:1]]
[2020.03.15-00.25.19:868][  0]LogConfig: Setting CVar [[r.NormalMapsForStaticLighting:0]]
[2020.03.15-00.25.19:868][  0]LogConfig: Setting CVar [[r.GenerateMeshDistanceFields:0]]
[2020.03.15-00.25.19:868][  0]LogConfig: Setting CVar [[r.DistanceFieldBuild.EightBit:0]]
[2020.03.15-00.25.19:868][  0]LogConfig: Setting CVar [[r.GenerateLandscapeGIData:0]]
[2020.03.15-00.25.19:868][  0]LogConfig: Setting CVar [[r.DistanceFieldBuild.Compress:0]]
[2020.03.15-00.25.19:868][  0]LogConfig: Setting CVar [[r.TessellationAdaptivePixelsPerTriangle:48.000000]]
[2020.03.15-00.25.19:868][  0]LogConfig: Setting CVar [[r.SeparateTranslucency:1]]
[2020.03.15-00.25.19:868][  0]LogConfig: Setting CVar [[r.TranslucentSortPolicy:0]]
[2020.03.15-00.25.19:868][  0]LogConfig: Setting CVar [[r.CustomDepth:1]]
[2020.03.15-00.25.19:868][  0]LogConfig: Setting CVar [[r.CustomDepthTemporalAAJitter:1]]
[2020.03.15-00.25.19:868][  0]LogConfig: Setting CVar [[r.PostProcessing.PropagateAlpha:0]]
[2020.03.15-00.25.19:868][  0]LogConfig: Setting CVar [[r.DOF.Algorithm:1]]
[2020.03.15-00.25.19:868][  0]LogConfig: Setting CVar [[r.DefaultFeature.Bloom:1]]
[2020.03.15-00.25.19:868][  0]LogConfig: Setting CVar [[r.DefaultFeature.AmbientOcclusion:1]]
[2020.03.15-00.25.19:868][  0]LogConfig: Setting CVar [[r.DefaultFeature.AmbientOcclusionStaticFraction:1]]
[2020.03.15-00.25.19:868][  0]LogConfig: Setting CVar [[r.DefaultFeature.AutoExposure:0]]
[2020.03.15-00.25.19:868][  0]LogConfig: Setting CVar [[r.DefaultFeature.AutoExposure.Method:0]]
[2020.03.15-00.25.19:868][  0]LogConfig: Setting CVar [[r.DefaultFeature.AutoExposure.ExtendDefaultLuminanceRange:0]]
[2020.03.15-00.25.19:868][  0]LogConfig: Setting CVar [[r.UsePreExposure:0]]
[2020.03.15-00.25.19:868][  0]LogConfig: Setting CVar [[r.DefaultFeature.MotionBlur:0]]
[2020.03.15-00.25.19:868][  0]LogConfig: Setting CVar [[r.DefaultFeature.LensFlare:0]]
[2020.03.15-00.25.19:868][  0]LogConfig: Setting CVar [[r.TemporalAA.Upsampling:0]]
[2020.03.15-00.25.19:868][  0]LogConfig: Setting CVar [[r.DefaultFeature.AntiAliasing:0]]
[2020.03.15-00.25.19:868][  0]LogConfig: Setting CVar [[r.DefaultFeature.LightUnits:1]]
[2020.03.15-00.25.19:868][  0]LogConfig: Setting CVar [[r.DefaultBackBufferPixelFormat:4]]
[2020.03.15-00.25.19:868][  0]LogConfig: Setting CVar [[r.Shadow.UnbuiltPreviewInGame:1]]
[2020.03.15-00.25.19:868][  0]LogConfig: Setting CVar [[r.StencilForLODDither:0]]
[2020.03.15-00.25.19:869][  0]LogConfig: Setting CVar [[r.EarlyZPass:3]]
[2020.03.15-00.25.19:869][  0]LogConfig: Setting CVar [[r.EarlyZPassOnlyMaterialMasking:0]]
[2020.03.15-00.25.19:869][  0]LogConfig: Setting CVar [[r.DBuffer:1]]
[2020.03.15-00.25.19:869][  0]LogConfig: Setting CVar [[r.ClearSceneMethod:1]]
[2020.03.15-00.25.19:869][  0]LogConfig: Setting CVar [[r.BasePassOutputsVelocity:0]]
[2020.03.15-00.25.19:869][  0]LogConfig: Setting CVar [[r.SelectiveBasePassOutputs:0]]
[2020.03.15-00.25.19:869][  0]LogConfig: Setting CVar [[fx.GPUSimulationTextureSizeX:1024]]
[2020.03.15-00.25.19:869][  0]LogConfig: Setting CVar [[fx.GPUSimulationTextureSizeY:1024]]
[2020.03.15-00.25.19:869][  0]LogConfig: Setting CVar [[r.AllowGlobalClipPlane:0]]
[2020.03.15-00.25.19:869][  0]LogConfig: Setting CVar [[r.GBufferFormat:1]]
[2020.03.15-00.25.19:869][  0]LogConfig: Setting CVar [[r.MorphTarget.Mode:1]]
[2020.03.15-00.25.19:869][  0]LogConfig: Setting CVar [[vr.InstancedStereo:0]]
[2020.03.15-00.25.19:869][  0]LogConfig: Setting CVar [[vr.MultiView:0]]
[2020.03.15-00.25.19:869][  0]LogConfig: Setting CVar [[vr.MobileMultiView:0]]
[2020.03.15-00.25.19:869][  0]LogConfig: Setting CVar [[vr.MobileMultiView.Direct:0]]
[2020.03.15-00.25.19:869][  0]LogConfig: Setting CVar [[vr.RoundRobinOcclusion:0]]
[2020.03.15-00.25.19:869][  0]LogConfig: Setting CVar [[vr.ODSCapture:0]]
[2020.03.15-00.25.19:869][  0]LogConfig: Setting CVar [[r.WireframeCullThreshold:5.000000]]
[2020.03.15-00.25.19:869][  0]LogConfig: Setting CVar [[r.RayTracing:0]]
[2020.03.15-00.25.19:869][  0]LogConfig: Setting CVar [[r.SupportStationarySkylight:1]]
[2020.03.15-00.25.19:869][  0]LogConfig: Setting CVar [[r.SupportLowQualityLightmaps:1]]
[2020.03.15-00.25.19:869][  0]LogConfig: Setting CVar [[r.SupportPointLightWholeSceneShadows:1]]
[2020.03.15-00.25.19:869][  0]LogConfig: Setting CVar [[r.SupportAtmosphericFog:1]]
[2020.03.15-00.25.19:869][  0]LogConfig: Setting CVar [[r.SkinCache.CompileShaders:0]]
[2020.03.15-00.25.19:869][  0]LogConfig: Setting CVar [[r.Mobile.EnableStaticAndCSMShadowReceivers:1]]
[2020.03.15-00.25.19:869][  0]LogConfig: Setting CVar [[r.Mobile.EnableMovableLightCSMShaderCulling:1]]
[2020.03.15-00.25.19:869][  0]LogConfig: Setting CVar [[r.Mobile.AllowDistanceFieldShadows:1]]
[2020.03.15-00.25.19:869][  0]LogConfig: Setting CVar [[r.Mobile.AllowMovableDirectionalLights:1]]
[2020.03.15-00.25.19:869][  0]LogConfig: Setting CVar [[r.MobileNumDynamicPointLights:4]]
[2020.03.15-00.25.19:869][  0]LogConfig: Setting CVar [[r.MobileDynamicPointLightsUseStaticBranch:1]]
[2020.03.15-00.25.19:869][  0]LogConfig: Setting CVar [[r.Mobile.EnableMovableSpotlights:0]]
[2020.03.15-00.25.19:869][  0]LogConfig: Setting CVar [[r.SkinCache.SceneMemoryLimitInMB:128.000000]]
[2020.03.15-00.25.19:869][  0]LogConfig: Setting CVar [[r.GPUSkin.Limit2BoneInfluences:0]]
[2020.03.15-00.25.19:869][  0]LogConfig: Setting CVar [[r.SupportDepthOnlyIndexBuffers:1]]
[2020.03.15-00.25.19:869][  0]LogConfig: Setting CVar [[r.SupportReversedIndexBuffers:1]]
[2020.03.15-00.25.19:869][  0]LogConfig: Setting CVar [[r.SupportMaterialLayers:0]]
[2020.03.15-00.25.19:869][  0]LogConfig: Applying CVar settings from Section [/Script/Engine.RendererOverrideSettings] File [C:/Users/pele-/Documents/GitHub/DodgeBall/Saved/Config/Windows/Engine.ini]
[2020.03.15-00.25.19:869][  0]LogConfig: Applying CVar settings from Section [/Script/Engine.StreamingSettings] File [C:/Users/pele-/Documents/GitHub/DodgeBall/Saved/Config/Windows/Engine.ini]
[2020.03.15-00.25.19:869][  0]LogConfig: Setting CVar [[s.MinBulkDataSizeForAsyncLoading:131072]]
[2020.03.15-00.25.19:869][  0]LogConfig: Setting CVar [[s.AsyncLoadingThreadEnabled:0]]
[2020.03.15-00.25.19:869][  0]LogConfig: Setting CVar [[s.EventDrivenLoaderEnabled:1]]
[2020.03.15-00.25.19:869][  0]LogConfig: Setting CVar [[s.WarnIfTimeLimitExceeded:0]]
[2020.03.15-00.25.19:869][  0]LogConfig: Setting CVar [[s.TimeLimitExceededMultiplier:1.5]]
[2020.03.15-00.25.19:869][  0]LogConfig: Setting CVar [[s.TimeLimitExceededMinTime:0.005]]
[2020.03.15-00.25.19:869][  0]LogConfig: Setting CVar [[s.UseBackgroundLevelStreaming:1]]
[2020.03.15-00.25.19:870][  0]LogConfig: Setting CVar [[s.PriorityAsyncLoadingExtraTime:15.0]]
[2020.03.15-00.25.19:870][  0]LogConfig: Setting CVar [[s.LevelStreamingActorsUpdateTimeLimit:5.0]]
[2020.03.15-00.25.19:870][  0]LogConfig: Setting CVar [[s.PriorityLevelStreamingActorsUpdateExtraTime:5.0]]
[2020.03.15-00.25.19:870][  0]LogConfig: Setting CVar [[s.LevelStreamingComponentsRegistrationGranularity:10]]
[2020.03.15-00.25.19:870][  0]LogConfig: Setting CVar [[s.UnregisterComponentsTimeLimit:1.0]]
[2020.03.15-00.25.19:870][  0]LogConfig: Setting CVar [[s.LevelStreamingComponentsUnregistrationGranularity:5]]
[2020.03.15-00.25.19:870][  0]LogConfig: Applying CVar settings from Section [/Script/Engine.GarbageCollectionSettings] File [C:/Users/pele-/Documents/GitHub/DodgeBall/Saved/Config/Windows/Engine.ini]
[2020.03.15-00.25.19:870][  0]LogConfig: Setting CVar [[gc.MaxObjectsNotConsideredByGC:1]]
[2020.03.15-00.25.19:870][  0]LogConfig: Setting CVar [[gc.SizeOfPermanentObjectPool:0]]
[2020.03.15-00.25.19:870][  0]LogConfig: Setting CVar [[gc.FlushStreamingOnGC:0]]
[2020.03.15-00.25.19:870][  0]LogConfig: Setting CVar [[gc.NumRetriesBeforeForcingGC:10]]
[2020.03.15-00.25.19:870][  0]LogConfig: Setting CVar [[gc.AllowParallelGC:1]]
[2020.03.15-00.25.19:870][  0]LogConfig: Setting CVar [[gc.TimeBetweenPurgingPendingKillObjects:61.1]]
[2020.03.15-00.25.19:870][  0]LogConfig: Setting CVar [[gc.MaxObjectsInEditor:16777216]]
[2020.03.15-00.25.19:870][  0]LogConfig: Setting CVar [[gc.IncrementalBeginDestroyEnabled:1]]
[2020.03.15-00.25.19:870][  0]LogConfig: Setting CVar [[gc.CreateGCClusters:1]]
[2020.03.15-00.25.19:870][  0]LogConfig: Setting CVar [[gc.MinGCClusterSize:5]]
[2020.03.15-00.25.19:870][  0]LogConfig: Setting CVar [[gc.ActorClusteringEnabled:0]]
[2020.03.15-00.25.19:870][  0]LogConfig: Setting CVar [[gc.BlueprintClusteringEnabled:0]]
[2020.03.15-00.25.19:870][  0]LogConfig: Setting CVar [[gc.UseDisregardForGCOnDedicatedServers:0]]
[2020.03.15-00.25.19:870][  0]LogConfig: Applying CVar settings from Section [/Script/Engine.NetworkSettings] File [C:/Users/pele-/Documents/GitHub/DodgeBall/Saved/Config/Windows/Engine.ini]
[2020.03.15-00.25.19:870][  0]LogConfig: Applying CVar settings from Section [/Script/UnrealEd.CookerSettings] File [C:/Users/pele-/Documents/GitHub/DodgeBall/Saved/Config/Windows/Engine.ini]
[2020.03.15-00.25.19:872][  0]LogConfig: Applying CVar settings from Section [ViewDistanceQuality@3] File [C:/Users/pele-/Documents/GitHub/DodgeBall/Saved/Config/Windows/Scalability.ini]
[2020.03.15-00.25.19:872][  0]LogConfig: Setting CVar [[r.SkeletalMeshLODBias:0]]
[2020.03.15-00.25.19:872][  0]LogConfig: Setting CVar [[r.ViewDistanceScale:1.0]]
[2020.03.15-00.25.19:872][  0]LogConfig: Applying CVar settings from Section [AntiAliasingQuality@3] File [C:/Users/pele-/Documents/GitHub/DodgeBall/Saved/Config/Windows/Scalability.ini]
[2020.03.15-00.25.19:872][  0]LogConfig: Setting CVar [[r.PostProcessAAQuality:4]]
[2020.03.15-00.25.19:872][  0]LogConfig: Applying CVar settings from Section [ShadowQuality@3] File [C:/Users/pele-/Documents/GitHub/DodgeBall/Saved/Config/Windows/Scalability.ini]
[2020.03.15-00.25.19:872][  0]LogConfig: Setting CVar [[r.LightFunctionQuality:1]]
[2020.03.15-00.25.19:872][  0]LogConfig: Setting CVar [[r.ShadowQuality:5]]
[2020.03.15-00.25.19:872][  0]LogConfig: Setting CVar [[r.Shadow.CSM.MaxCascades:10]]
[2020.03.15-00.25.19:872][  0]LogConfig: Setting CVar [[r.Shadow.MaxResolution:2048]]
[2020.03.15-00.25.19:872][  0]LogConfig: Setting CVar [[r.Shadow.MaxCSMResolution:2048]]
[2020.03.15-00.25.19:872][  0]LogConfig: Setting CVar [[r.Shadow.RadiusThreshold:0.01]]
[2020.03.15-00.25.19:872][  0]LogConfig: Setting CVar [[r.Shadow.DistanceScale:1.0]]
[2020.03.15-00.25.19:872][  0]LogConfig: Setting CVar [[r.Shadow.CSM.TransitionScale:1.0]]
[2020.03.15-00.25.19:872][  0]LogConfig: Setting CVar [[r.Shadow.PreShadowResolutionFactor:1.0]]
[2020.03.15-00.25.19:872][  0]LogConfig: Setting CVar [[r.DistanceFieldShadowing:1]]
[2020.03.15-00.25.19:872][  0]LogConfig: Setting CVar [[r.DistanceFieldAO:1]]
[2020.03.15-00.25.19:872][  0]LogConfig: Setting CVar [[r.AOQuality:2]]
[2020.03.15-00.25.19:872][  0]LogConfig: Setting CVar [[r.VolumetricFog:1]]
[2020.03.15-00.25.19:872][  0]LogConfig: Setting CVar [[r.VolumetricFog.GridPixelSize:8]]
[2020.03.15-00.25.19:872][  0]LogConfig: Setting CVar [[r.VolumetricFog.GridSizeZ:128]]
[2020.03.15-00.25.19:872][  0]LogConfig: Setting CVar [[r.VolumetricFog.HistoryMissSupersampleCount:4]]
[2020.03.15-00.25.19:872][  0]LogConfig: Setting CVar [[r.LightMaxDrawDistanceScale:1]]
[2020.03.15-00.25.19:872][  0]LogConfig: Setting CVar [[r.CapsuleShadows:1]]
[2020.03.15-00.25.19:872][  0]LogConfig: Applying CVar settings from Section [PostProcessQuality@3] File [C:/Users/pele-/Documents/GitHub/DodgeBall/Saved/Config/Windows/Scalability.ini]
[2020.03.15-00.25.19:872][  0]LogConfig: Setting CVar [[r.MotionBlurQuality:4]]
[2020.03.15-00.25.19:872][  0]LogConfig: Setting CVar [[r.AmbientOcclusionMipLevelFactor:0.4]]
[2020.03.15-00.25.19:872][  0]LogConfig: Setting CVar [[r.AmbientOcclusionMaxQuality:100]]
[2020.03.15-00.25.19:872][  0]LogConfig: Setting CVar [[r.AmbientOcclusionLevels:-1]]
[2020.03.15-00.25.19:872][  0]LogConfig: Setting CVar [[r.AmbientOcclusionRadiusScale:1.0]]
[2020.03.15-00.25.19:872][  0]LogConfig: Setting CVar [[r.DepthOfFieldQuality:2]]
[2020.03.15-00.25.19:872][  0]LogConfig: Setting CVar [[r.RenderTargetPoolMin:400]]
[2020.03.15-00.25.19:872][  0]LogConfig: Setting CVar [[r.LensFlareQuality:2]]
[2020.03.15-00.25.19:872][  0]LogConfig: Setting CVar [[r.SceneColorFringeQuality:1]]
[2020.03.15-00.25.19:872][  0]LogConfig: Setting CVar [[r.EyeAdaptationQuality:2]]
[2020.03.15-00.25.19:872][  0]LogConfig: Setting CVar [[r.BloomQuality:5]]
[2020.03.15-00.25.19:873][  0]LogConfig: Setting CVar [[r.FastBlurThreshold:100]]
[2020.03.15-00.25.19:873][  0]LogConfig: Setting CVar [[r.Upscale.Quality:3]]
[2020.03.15-00.25.19:873][  0]LogConfig: Setting CVar [[r.Tonemapper.GrainQuantization:1]]
[2020.03.15-00.25.19:873][  0]LogConfig: Setting CVar [[r.LightShaftQuality:1]]
[2020.03.15-00.25.19:873][  0]LogConfig: Setting CVar [[r.Filter.SizeScale:1]]
[2020.03.15-00.25.19:873][  0]LogConfig: Setting CVar [[r.Tonemapper.Quality:5]]
[2020.03.15-00.25.19:873][  0]LogConfig: Setting CVar [[r.DOF.Gather.AccumulatorQuality:1        ; higher gathering accumulator quality]]
[2020.03.15-00.25.19:873][  0]LogConfig: Setting CVar [[r.DOF.Gather.PostfilterMethod:1          ; Median3x3 postfilering method]]
[2020.03.15-00.25.19:873][  0]LogConfig: Setting CVar [[r.DOF.Gather.EnableBokehSettings:0       ; no bokeh simulation when gathering]]
[2020.03.15-00.25.19:873][  0]LogConfig: Setting CVar [[r.DOF.Gather.RingCount:4                 ; medium number of samples when gathering]]
[2020.03.15-00.25.19:873][  0]LogConfig: Setting CVar [[r.DOF.Scatter.ForegroundCompositing:1    ; additive foreground scattering]]
[2020.03.15-00.25.19:873][  0]LogConfig: Setting CVar [[r.DOF.Scatter.BackgroundCompositing:2    ; additive background scattering]]
[2020.03.15-00.25.19:873][  0]LogConfig: Setting CVar [[r.DOF.Scatter.EnableBokehSettings:1      ; bokeh simulation when scattering]]
[2020.03.15-00.25.19:873][  0]LogConfig: Setting CVar [[r.DOF.Scatter.MaxSpriteRatio:0.1         ; only a maximum of 10% of scattered bokeh]]
[2020.03.15-00.25.19:873][  0]LogConfig: Setting CVar [[r.DOF.Recombine.Quality:1                ; cheap slight out of focus]]
[2020.03.15-00.25.19:873][  0]LogConfig: Setting CVar [[r.DOF.Recombine.EnableBokehSettings:0    ; no bokeh simulation on slight out of focus]]
[2020.03.15-00.25.19:873][  0]LogConfig: Setting CVar [[r.DOF.TemporalAAQuality:1                ; more stable temporal accumulation]]
[2020.03.15-00.25.19:873][  0]LogConfig: Setting CVar [[r.DOF.Kernel.MaxForegroundRadius:0.025]]
[2020.03.15-00.25.19:873][  0]LogConfig: Setting CVar [[r.DOF.Kernel.MaxBackgroundRadius:0.025]]
[2020.03.15-00.25.19:873][  0]LogConfig: Applying CVar settings from Section [TextureQuality@3] File [C:/Users/pele-/Documents/GitHub/DodgeBall/Saved/Config/Windows/Scalability.ini]
[2020.03.15-00.25.19:873][  0]LogConfig: Setting CVar [[r.Streaming.MipBias:0]]
[2020.03.15-00.25.19:873][  0]LogConfig: Setting CVar [[r.Streaming.AmortizeCPUToGPUCopy:0]]
[2020.03.15-00.25.19:873][  0]LogConfig: Setting CVar [[r.Streaming.MaxNumTexturesToStreamPerFrame:0]]
[2020.03.15-00.25.19:873][  0]LogConfig: Setting CVar [[r.Streaming.Boost:1]]
[2020.03.15-00.25.19:873][  0]LogConfig: Setting CVar [[r.MaxAnisotropy:8]]
[2020.03.15-00.25.19:873][  0]LogConfig: Setting CVar [[r.Streaming.LimitPoolSizeToVRAM:0]]
[2020.03.15-00.25.19:873][  0]LogConfig: Setting CVar [[r.Streaming.PoolSize:1000]]
[2020.03.15-00.25.19:873][  0]LogConfig: Setting CVar [[r.Streaming.MaxEffectiveScreenSize:0]]
[2020.03.15-00.25.19:873][  0]LogConfig: Applying CVar settings from Section [EffectsQuality@3] File [C:/Users/pele-/Documents/GitHub/DodgeBall/Saved/Config/Windows/Scalability.ini]
[2020.03.15-00.25.19:873][  0]LogConfig: Setting CVar [[r.TranslucencyLightingVolumeDim:64]]
[2020.03.15-00.25.19:873][  0]LogConfig: Setting CVar [[r.RefractionQuality:2]]
[2020.03.15-00.25.19:873][  0]LogConfig: Setting CVar [[r.SSR.Quality:3]]
[2020.03.15-00.25.19:873][  0]LogConfig: Setting CVar [[r.SceneColorFormat:4]]
[2020.03.15-00.25.19:873][  0]LogConfig: Setting CVar [[r.DetailMode:2]]
[2020.03.15-00.25.19:873][  0]LogConfig: Setting CVar [[r.TranslucencyVolumeBlur:1]]
[2020.03.15-00.25.19:873][  0]LogConfig: Setting CVar [[r.MaterialQualityLevel:1 ; High quality]]
[2020.03.15-00.25.19:873][  0]LogConfig: Setting CVar [[r.SSS.Scale:1]]
[2020.03.15-00.25.19:873][  0]LogConfig: Setting CVar [[r.SSS.SampleSet:2]]
[2020.03.15-00.25.19:873][  0]LogConfig: Setting CVar [[r.SSS.Quality:1]]
[2020.03.15-00.25.19:873][  0]LogConfig: Setting CVar [[r.SSS.HalfRes:1]]
[2020.03.15-00.25.19:873][  0]LogConfig: Setting CVar [[r.EmitterSpawnRateScale:1.0]]
[2020.03.15-00.25.19:873][  0]LogConfig: Setting CVar [[r.ParticleLightQuality:2]]
[2020.03.15-00.25.19:873][  0]LogConfig: Applying CVar settings from Section [FoliageQuality@3] File [C:/Users/pele-/Documents/GitHub/DodgeBall/Saved/Config/Windows/Scalability.ini]
[2020.03.15-00.25.19:874][  0]LogConfig: Setting CVar [[foliage.DensityScale:1.0]]
[2020.03.15-00.25.19:874][  0]LogConfig: Setting CVar [[grass.DensityScale:1.0]]
[2020.03.15-00.25.19:874][  0]LogInit: Selected Device Profile: [Windows]
[2020.03.15-00.25.19:874][  0]LogInit: Applying CVar settings loaded from the selected device profile: [Windows]
[2020.03.15-00.25.19:885][  0]LogHAL: Display: Platform has ~ 16 GB [17022177280 / 17179869184 / 16], which maps to Larger [LargestMinGB=32, LargerMinGB=12, DefaultMinGB=8, SmallerMinGB=6, SmallestMinGB=0)
[2020.03.15-00.25.19:885][  0]LogConfig: Setting CVar [[r.Vulkan.UseRealUBs:0		; Required until we fix HLR fall-out]]
[2020.03.15-00.25.19:885][  0]LogInit: Going up to parent DeviceProfile []
[2020.03.15-00.25.19:885][  0]LogConfig: Applying CVar settings from Section [ViewDistanceQuality@3] File [C:/Users/pele-/Documents/GitHub/DodgeBall/Saved/Config/Windows/Scalability.ini]
[2020.03.15-00.25.19:885][  0]LogConfig: Setting CVar [[r.SkeletalMeshLODBias:0]]
[2020.03.15-00.25.19:885][  0]LogConfig: Setting CVar [[r.ViewDistanceScale:1.0]]
[2020.03.15-00.25.19:885][  0]LogConfig: Applying CVar settings from Section [AntiAliasingQuality@3] File [C:/Users/pele-/Documents/GitHub/DodgeBall/Saved/Config/Windows/Scalability.ini]
[2020.03.15-00.25.19:885][  0]LogConfig: Setting CVar [[r.PostProcessAAQuality:4]]
[2020.03.15-00.25.19:886][  0]LogConfig: Applying CVar settings from Section [ShadowQuality@3] File [C:/Users/pele-/Documents/GitHub/DodgeBall/Saved/Config/Windows/Scalability.ini]
[2020.03.15-00.25.19:886][  0]LogConfig: Setting CVar [[r.LightFunctionQuality:1]]
[2020.03.15-00.25.19:886][  0]LogConfig: Setting CVar [[r.ShadowQuality:5]]
[2020.03.15-00.25.19:886][  0]LogConfig: Setting CVar [[r.Shadow.CSM.MaxCascades:10]]
[2020.03.15-00.25.19:886][  0]LogConfig: Setting CVar [[r.Shadow.MaxResolution:2048]]
[2020.03.15-00.25.19:886][  0]LogConfig: Setting CVar [[r.Shadow.MaxCSMResolution:2048]]
[2020.03.15-00.25.19:886][  0]LogConfig: Setting CVar [[r.Shadow.RadiusThreshold:0.01]]
[2020.03.15-00.25.19:886][  0]LogConfig: Setting CVar [[r.Shadow.DistanceScale:1.0]]
[2020.03.15-00.25.19:886][  0]LogConfig: Setting CVar [[r.Shadow.CSM.TransitionScale:1.0]]
[2020.03.15-00.25.19:886][  0]LogConfig: Setting CVar [[r.Shadow.PreShadowResolutionFactor:1.0]]
[2020.03.15-00.25.19:886][  0]LogConfig: Setting CVar [[r.DistanceFieldShadowing:1]]
[2020.03.15-00.25.19:886][  0]LogConfig: Setting CVar [[r.DistanceFieldAO:1]]
[2020.03.15-00.25.19:886][  0]LogConfig: Setting CVar [[r.AOQuality:2]]
[2020.03.15-00.25.19:886][  0]LogConfig: Setting CVar [[r.VolumetricFog:1]]
[2020.03.15-00.25.19:886][  0]LogConfig: Setting CVar [[r.VolumetricFog.GridPixelSize:8]]
[2020.03.15-00.25.19:886][  0]LogConfig: Setting CVar [[r.VolumetricFog.GridSizeZ:128]]
[2020.03.15-00.25.19:886][  0]LogConfig: Setting CVar [[r.VolumetricFog.HistoryMissSupersampleCount:4]]
[2020.03.15-00.25.19:886][  0]LogConfig: Setting CVar [[r.LightMaxDrawDistanceScale:1]]
[2020.03.15-00.25.19:886][  0]LogConfig: Setting CVar [[r.CapsuleShadows:1]]
[2020.03.15-00.25.19:886][  0]LogConfig: Applying CVar settings from Section [PostProcessQuality@3] File [C:/Users/pele-/Documents/GitHub/DodgeBall/Saved/Config/Windows/Scalability.ini]
[2020.03.15-00.25.19:886][  0]LogConfig: Setting CVar [[r.MotionBlurQuality:4]]
[2020.03.15-00.25.19:886][  0]LogConfig: Setting CVar [[r.AmbientOcclusionMipLevelFactor:0.4]]
[2020.03.15-00.25.19:886][  0]LogConfig: Setting CVar [[r.AmbientOcclusionMaxQuality:100]]
[2020.03.15-00.25.19:886][  0]LogConfig: Setting CVar [[r.AmbientOcclusionLevels:-1]]
[2020.03.15-00.25.19:886][  0]LogConfig: Setting CVar [[r.AmbientOcclusionRadiusScale:1.0]]
[2020.03.15-00.25.19:886][  0]LogConfig: Setting CVar [[r.DepthOfFieldQuality:2]]
[2020.03.15-00.25.19:886][  0]LogConfig: Setting CVar [[r.RenderTargetPoolMin:400]]
[2020.03.15-00.25.19:886][  0]LogConfig: Setting CVar [[r.LensFlareQuality:2]]
[2020.03.15-00.25.19:886][  0]LogConfig: Setting CVar [[r.SceneColorFringeQuality:1]]
[2020.03.15-00.25.19:886][  0]LogConfig: Setting CVar [[r.EyeAdaptationQuality:2]]
[2020.03.15-00.25.19:886][  0]LogConfig: Setting CVar [[r.BloomQuality:5]]
[2020.03.15-00.25.19:886][  0]LogConfig: Setting CVar [[r.FastBlurThreshold:100]]
[2020.03.15-00.25.19:886][  0]LogConfig: Setting CVar [[r.Upscale.Quality:3]]
[2020.03.15-00.25.19:886][  0]LogConfig: Setting CVar [[r.Tonemapper.GrainQuantization:1]]
[2020.03.15-00.25.19:886][  0]LogConfig: Setting CVar [[r.LightShaftQuality:1]]
[2020.03.15-00.25.19:886][  0]LogConfig: Setting CVar [[r.Filter.SizeScale:1]]
[2020.03.15-00.25.19:886][  0]LogConfig: Setting CVar [[r.Tonemapper.Quality:5]]
[2020.03.15-00.25.19:886][  0]LogConfig: Setting CVar [[r.DOF.Gather.AccumulatorQuality:1        ; higher gathering accumulator quality]]
[2020.03.15-00.25.19:886][  0]LogConfig: Setting CVar [[r.DOF.Gather.PostfilterMethod:1          ; Median3x3 postfilering method]]
[2020.03.15-00.25.19:886][  0]LogConfig: Setting CVar [[r.DOF.Gather.EnableBokehSettings:0       ; no bokeh simulation when gathering]]
[2020.03.15-00.25.19:886][  0]LogConfig: Setting CVar [[r.DOF.Gather.RingCount:4                 ; medium number of samples when gathering]]
[2020.03.15-00.25.19:886][  0]LogConfig: Setting CVar [[r.DOF.Scatter.ForegroundCompositing:1    ; additive foreground scattering]]
[2020.03.15-00.25.19:886][  0]LogConfig: Setting CVar [[r.DOF.Scatter.BackgroundCompositing:2    ; additive background scattering]]
[2020.03.15-00.25.19:886][  0]LogConfig: Setting CVar [[r.DOF.Scatter.EnableBokehSettings:1      ; bokeh simulation when scattering]]
[2020.03.15-00.25.19:886][  0]LogConfig: Setting CVar [[r.DOF.Scatter.MaxSpriteRatio:0.1         ; only a maximum of 10% of scattered bokeh]]
[2020.03.15-00.25.19:887][  0]LogConfig: Setting CVar [[r.DOF.Recombine.Quality:1                ; cheap slight out of focus]]
[2020.03.15-00.25.19:887][  0]LogConfig: Setting CVar [[r.DOF.Recombine.EnableBokehSettings:0    ; no bokeh simulation on slight out of focus]]
[2020.03.15-00.25.19:887][  0]LogConfig: Setting CVar [[r.DOF.TemporalAAQuality:1                ; more stable temporal accumulation]]
[2020.03.15-00.25.19:887][  0]LogConfig: Setting CVar [[r.DOF.Kernel.MaxForegroundRadius:0.025]]
[2020.03.15-00.25.19:887][  0]LogConfig: Setting CVar [[r.DOF.Kernel.MaxBackgroundRadius:0.025]]
[2020.03.15-00.25.19:887][  0]LogConfig: Applying CVar settings from Section [TextureQuality@3] File [C:/Users/pele-/Documents/GitHub/DodgeBall/Saved/Config/Windows/Scalability.ini]
[2020.03.15-00.25.19:887][  0]LogConfig: Setting CVar [[r.Streaming.MipBias:0]]
[2020.03.15-00.25.19:887][  0]LogConfig: Setting CVar [[r.Streaming.AmortizeCPUToGPUCopy:0]]
[2020.03.15-00.25.19:887][  0]LogConfig: Setting CVar [[r.Streaming.MaxNumTexturesToStreamPerFrame:0]]
[2020.03.15-00.25.19:887][  0]LogConfig: Setting CVar [[r.Streaming.Boost:1]]
[2020.03.15-00.25.19:887][  0]LogConfig: Setting CVar [[r.MaxAnisotropy:8]]
[2020.03.15-00.25.19:887][  0]LogConfig: Setting CVar [[r.Streaming.LimitPoolSizeToVRAM:0]]
[2020.03.15-00.25.19:887][  0]LogConfig: Setting CVar [[r.Streaming.PoolSize:1000]]
[2020.03.15-00.25.19:887][  0]LogConfig: Setting CVar [[r.Streaming.MaxEffectiveScreenSize:0]]
[2020.03.15-00.25.19:887][  0]LogConfig: Applying CVar settings from Section [EffectsQuality@3] File [C:/Users/pele-/Documents/GitHub/DodgeBall/Saved/Config/Windows/Scalability.ini]
[2020.03.15-00.25.19:887][  0]LogConfig: Setting CVar [[r.TranslucencyLightingVolumeDim:64]]
[2020.03.15-00.25.19:887][  0]LogConfig: Setting CVar [[r.RefractionQuality:2]]
[2020.03.15-00.25.19:887][  0]LogConfig: Setting CVar [[r.SSR.Quality:3]]
[2020.03.15-00.25.19:887][  0]LogConfig: Setting CVar [[r.SceneColorFormat:4]]
[2020.03.15-00.25.19:887][  0]LogConfig: Setting CVar [[r.DetailMode:2]]
[2020.03.15-00.25.19:887][  0]LogConfig: Setting CVar [[r.TranslucencyVolumeBlur:1]]
[2020.03.15-00.25.19:887][  0]LogConfig: Setting CVar [[r.MaterialQualityLevel:1 ; High quality]]
[2020.03.15-00.25.19:887][  0]LogConfig: Setting CVar [[r.SSS.Scale:1]]
[2020.03.15-00.25.19:887][  0]LogConfig: Setting CVar [[r.SSS.SampleSet:2]]
[2020.03.15-00.25.19:887][  0]LogConfig: Setting CVar [[r.SSS.Quality:1]]
[2020.03.15-00.25.19:887][  0]LogConfig: Setting CVar [[r.SSS.HalfRes:1]]
[2020.03.15-00.25.19:887][  0]LogConfig: Setting CVar [[r.EmitterSpawnRateScale:1.0]]
[2020.03.15-00.25.19:887][  0]LogConfig: Setting CVar [[r.ParticleLightQuality:2]]
[2020.03.15-00.25.19:887][  0]LogConfig: Applying CVar settings from Section [FoliageQuality@3] File [C:/Users/pele-/Documents/GitHub/DodgeBall/Saved/Config/Windows/Scalability.ini]
[2020.03.15-00.25.19:887][  0]LogConfig: Setting CVar [[foliage.DensityScale:1.0]]
[2020.03.15-00.25.19:887][  0]LogConfig: Setting CVar [[grass.DensityScale:1.0]]
[2020.03.15-00.25.19:887][  0]LogConfig: Applying CVar settings from Section [Startup] File [../../../Engine/Config/ConsoleVariables.ini]
[2020.03.15-00.25.19:887][  0]LogConfig: Setting CVar [[net.UseAdaptiveNetUpdateFrequency:0]]
[2020.03.15-00.25.19:887][  0]LogConfig: Setting CVar [[p.chaos.AllowCreatePhysxBodies:1]]
[2020.03.15-00.25.19:887][  0]LogConfig: Applying CVar settings from Section [ConsoleVariables] File [C:/Users/pele-/Documents/GitHub/DodgeBall/Saved/Config/Windows/Engine.ini]
[2020.03.15-00.25.19:887][  0]LogInit: Computer: LAPTOP-OS5U2E3I
[2020.03.15-00.25.19:887][  0]LogInit: User: pele
[2020.03.15-00.25.19:887][  0]LogInit: CPU Page size=4096, Cores=6
[2020.03.15-00.25.19:887][  0]LogInit: High frequency timer resolution =10.000000 MHz
[2020.03.15-00.25.19:888][  0]LogMemory: Memory total: Physical=15.9GB (16GB approx)
[2020.03.15-00.25.19:888][  0]LogMemory: Platform Memory Stats for Windows
[2020.03.15-00.25.19:888][  0]LogMemory: Process Physical Memory: 135.46 MB used, 135.49 MB peak
[2020.03.15-00.25.19:888][  0]LogMemory: Process Virtual Memory: 106.88 MB used, 106.88 MB peak
[2020.03.15-00.25.19:888][  0]LogMemory: Physical Memory: 5915.74 MB used,  10317.87 MB free, 16233.61 MB total
[2020.03.15-00.25.19:888][  0]LogMemory: Virtual Memory: 4831.06 MB used,  134212896.00 MB free, 134217728.00 MB total
[2020.03.15-00.25.19:977][  0]LogInit: Using OS detected language (en-US).
[2020.03.15-00.25.19:977][  0]LogInit: Using OS detected locale (en-US).
[2020.03.15-00.25.19:978][  0]LogTextLocalizationManager: No specific localization for 'en-US' exists, so the 'en' localization will be used.
[2020.03.15-00.25.20:195][  0]LogSlate: New Slate User Created.  User Index 0, Is Virtual User: 0
[2020.03.15-00.25.20:195][  0]LogSlate: Slate User Registered.  User Index 0, Is Virtual User: 0
[2020.03.15-00.25.20:253][  0]LogHMD: Failed to initialize OpenVR with code 110
[2020.03.15-00.25.20:253][  0]LogD3D11RHI: D3D11 adapters:
[2020.03.15-00.25.20:362][  0]LogD3D11RHI:    0. 'NVIDIA GeForce RTX 2070' (Feature Level 11_0)
[2020.03.15-00.25.20:362][  0]LogD3D11RHI:       8031/0/8116 MB DedicatedVideo/DedicatedSystem/SharedSystem, Outputs:1, VendorId:0x10de
[2020.03.15-00.25.20:388][  0]LogD3D11RHI:    1. 'Intel(R) UHD Graphics 630' (Feature Level 11_0)
[2020.03.15-00.25.20:388][  0]LogD3D11RHI:       128/0/8116 MB DedicatedVideo/DedicatedSystem/SharedSystem, Outputs:0, VendorId:0x8086
[2020.03.15-00.25.20:391][  0]LogD3D11RHI:    2. 'Microsoft Basic Render Driver' (Feature Level 11_0)
[2020.03.15-00.25.20:391][  0]LogD3D11RHI:       0/0/8116 MB DedicatedVideo/DedicatedSystem/SharedSystem, Outputs:0, VendorId:0x1414
[2020.03.15-00.25.20:391][  0]LogD3D11RHI: Chosen D3D11 Adapter: 0
[2020.03.15-00.25.20:437][  0]LogD3D11RHI: Creating new Direct3DDevice
[2020.03.15-00.25.20:438][  0]LogD3D11RHI:     GPU DeviceId: 0x1f10 (for the marketing name, search the web for "GPU Device Id")
[2020.03.15-00.25.20:438][  0]LogWindows: EnumDisplayDevices:
[2020.03.15-00.25.20:438][  0]LogWindows:    0. 'Intel(R) UHD Graphics 630' (P:1 D:1)
[2020.03.15-00.25.20:438][  0]LogWindows:    1. 'Intel(R) UHD Graphics 630' (P:0 D:0)
[2020.03.15-00.25.20:439][  0]LogWindows:    2. 'Intel(R) UHD Graphics 630' (P:0 D:0)
[2020.03.15-00.25.20:439][  0]LogWindows:    3. 'NVIDIA GeForce RTX 2070' (P:0 D:0)
[2020.03.15-00.25.20:439][  0]LogWindows:    4. 'NVIDIA GeForce RTX 2070' (P:0 D:0)
[2020.03.15-00.25.20:439][  0]LogWindows:    5. 'NVIDIA GeForce RTX 2070' (P:0 D:0)
[2020.03.15-00.25.20:439][  0]LogWindows:    6. 'NVIDIA GeForce RTX 2070' (P:0 D:0)
[2020.03.15-00.25.20:440][  0]LogWindows: DebugString: PrimaryIsNotTheChoosenAdapter PrimaryIsNotTheChoosenAdapter PrimaryIsNotTheChoosenAdapter FoundDriverCount:4 
[2020.03.15-00.25.20:440][  0]LogD3D11RHI:     Adapter Name: NVIDIA GeForce RTX 2070
[2020.03.15-00.25.20:440][  0]LogD3D11RHI:   Driver Version: 442.19 (internal:26.21.14.4219, unified:442.19)
[2020.03.15-00.25.20:440][  0]LogD3D11RHI:      Driver Date: 1-29-2020
[2020.03.15-00.25.20:440][  0]LogRHI: Texture pool is 5621 MB (70% of 8031 MB)
[2020.03.15-00.25.20:506][  0]LogD3D11RHI: Async texture creation enabled
[2020.03.15-00.25.20:516][  0]LogRendererCore: FGlobalReadBuffer::InitRHI
[2020.03.15-00.25.20:516][  0]LogRendererCore: FGlobalReadBuffer::InitRHI
[2020.03.15-00.25.20:516][  0]LogRendererCore: FGlobalReadBuffer::InitRHI
[2020.03.15-00.25.20:530][  0]LogD3D11RHI: GPU Timing Frequency: 1000.000000 (Debug: 2 2)
[2020.03.15-00.25.20:881][  0]LogTemp: Display: Module 'WindowsClientTargetPlatform' loaded TargetPlatform 'WindowsClient'
[2020.03.15-00.25.20:895][  0]LogTemp: Display: Module 'WindowsNoEditorTargetPlatform' loaded TargetPlatform 'WindowsNoEditor'
[2020.03.15-00.25.20:909][  0]LogTemp: Display: Module 'WindowsServerTargetPlatform' loaded TargetPlatform 'WindowsServer'
[2020.03.15-00.25.20:916][  0]LogTemp: Display: Module 'WindowsTargetPlatform' loaded TargetPlatform 'Windows'
[2020.03.15-00.25.20:916][  0]LogTargetPlatformManager: Display: Building Assets For Windows
[2020.03.15-00.25.20:926][  0]LogAudioDebug: Display: Lib vorbis DLL was dynamically loaded.
[2020.03.15-00.25.20:983][  0]LogShaderCompilers: Guid format shader working directory is -11 characters bigger than the processId version (../../../../../../Users/pele-/Documents/GitHub/DodgeBall/Intermediate/Shaders/WorkingDirectory/24848/).
[2020.03.15-00.25.20:983][  0]LogShaderCompilers: Cleaned the shader compiler working directory 'C:/Users/pele-/AppData/Local/Temp/UnrealShaderWorkingDir/C92F2E4646F0D20AB09E8394D9C66263/'.
[2020.03.15-00.25.20:986][  0]LogXGEController: Cannot use XGE Controller as Incredibuild is not installed on this machine.
[2020.03.15-00.25.20:986][  0]LogShaderCompilers: Cannot use XGE Shader Compiler as Incredibuild is not installed on this machine.
[2020.03.15-00.25.20:986][  0]LogShaderCompilers: Display: Using Local Shader Compiler.
[2020.03.15-00.25.21:481][  0]LogDerivedDataCache: Display: Max Cache Size: 512 MB
[2020.03.15-00.25.21:526][  0]LogDerivedDataCache: Loaded boot cache 0.04s 71MB C:/Users/pele-/AppData/Local/UnrealEngine/4.22/DerivedDataCache/Boot.ddc.
[2020.03.15-00.25.21:526][  0]LogDerivedDataCache: Display: Loaded Boot cache: C:/Users/pele-/AppData/Local/UnrealEngine/4.22/DerivedDataCache/Boot.ddc
[2020.03.15-00.25.21:526][  0]LogDerivedDataCache: FDerivedDataBackendGraph:  Pak pak cache file ../../../../../../Users/pele-/Documents/GitHub/DodgeBall/DerivedDataCache/DDC.ddp not found, will not use a pak cache.
[2020.03.15-00.25.21:526][  0]LogDerivedDataCache: Unable to find inner node Pak for hierarchical cache Hierarchy.
[2020.03.15-00.25.21:527][  0]LogDerivedDataCache: FDerivedDataBackendGraph:  CompressedPak pak cache file ../../../../../../Users/pele-/Documents/GitHub/DodgeBall/DerivedDataCache/Compressed.ddp not found, will not use a pak cache.
[2020.03.15-00.25.21:527][  0]LogDerivedDataCache: Unable to find inner node CompressedPak for hierarchical cache Hierarchy.
[2020.03.15-00.25.21:538][  0]LogDerivedDataCache: Display: Pak cache opened for reading ../../../Engine/DerivedDataCache/Compressed.ddp.
[2020.03.15-00.25.21:538][  0]LogDerivedDataCache: FDerivedDataBackendGraph:  EnterprisePak pak cache file ../../../Enterprise/DerivedDataCache/Compressed.ddp not found, will not use a pak cache.
[2020.03.15-00.25.21:538][  0]LogDerivedDataCache: Unable to find inner node EnterprisePak for hierarchical cache Hierarchy.
[2020.03.15-00.25.21:549][  0]LogDerivedDataCache: Using Local data cache path C:/Users/pele-/AppData/Local/UnrealEngine/Common/DerivedDataCache: Writable
[2020.03.15-00.25.21:549][  0]LogDerivedDataCache: Shared data cache path not found in *engine.ini, will not use an Shared cache.
[2020.03.15-00.25.21:549][  0]LogDerivedDataCache: Unable to find inner node Shared for hierarchical cache Hierarchy.
[2020.03.15-00.25.21:573][  0]LogMaterial: Verifying Global Shaders for PCD3D_SM5
[2020.03.15-00.25.21:574][  0]LogSlate: Using FreeType 2.6.0
[2020.03.15-00.25.21:575][  0]LogSlate: SlateFontServices - WITH_FREETYPE: 1, WITH_HARFBUZZ: 1
[2020.03.15-00.25.22:224][  0]LogInit: Using OS detected language (en-US).
[2020.03.15-00.25.22:224][  0]LogInit: Using OS detected locale (en-US).
[2020.03.15-00.25.22:224][  0]LogTextLocalizationManager: No localization for 'en-US' exists, so 'en' will be used for the language.
[2020.03.15-00.25.22:224][  0]LogTextLocalizationManager: No localization for 'en-US' exists, so 'en' will be used for the locale.
[2020.03.15-00.25.22:224][  0]LogSlate: FontCache flush requested. Reason: Culture for localization was changed
[2020.03.15-00.25.22:224][  0]LogSlate: FontCache flush requested. Reason: Culture for localization was changed
[2020.03.15-00.25.22:225][  0]LogTextLocalizationManager: Compacting localization data took   0.01ms
[2020.03.15-00.25.22:233][  0]LogAssetRegistry: FAssetRegistry took 0.0037 seconds to start up
[2020.03.15-00.25.22:400][  0]LogPackageLocalizationCache: Processed 10 localized package path(s) for 1 prioritized culture(s) in 0.010335 seconds
[2020.03.15-00.25.22:527][  0]LogInit: Selected Device Profile: [Windows]
[2020.03.15-00.25.22:646][  0]LogMeshReduction: Using QuadricMeshReduction for automatic static mesh reduction
[2020.03.15-00.25.22:646][  0]LogMeshReduction: Using SimplygonMeshReduction for automatic skeletal mesh reduction
[2020.03.15-00.25.22:646][  0]LogMeshReduction: Using ProxyLODMeshReduction for automatic mesh merging
[2020.03.15-00.25.22:646][  0]LogMeshReduction: No distributed automatic mesh merging module available
[2020.03.15-00.25.22:646][  0]LogMeshMerging: No distributed automatic mesh merging module available
[2020.03.15-00.25.22:655][  0]LogNetVersion: DodgeBall 1.0.0, NetCL: 5660361, EngineNetVer: 10, GameNetVer: 0 (Checksum: 2105125027)
[2020.03.15-00.25.23:099][  0]LogMoviePlayer: Initializing movie player
[2020.03.15-00.25.23:259][  0]SourceControl: Source control is disabled
[2020.03.15-00.25.23:259][  0]SourceControl: Source control is disabled
[2020.03.15-00.25.23:260][  0]SourceControl: Source control is disabled
[2020.03.15-00.25.23:270][  0]LogVSAccessor: Display: Unable to create Visual Studio setup instance: 80040154
[2020.03.15-00.25.23:271][  0]LogVSAccessor: Display: Unable to create Visual Studio setup instance: 80040154
[2020.03.15-00.25.23:311][  0]LogAndroidPermission: UAndroidPermissionCallbackProxy::GetInstance
[2020.03.15-00.25.23:579][  0]LogOcInput: OculusInput pre-init called
[2020.03.15-00.25.23:587][  0]LogUObjectArray: 46468 objects as part of root set at end of initial load.
[2020.03.15-00.25.23:587][  0]LogUObjectAllocator: 8170472 out of 0 bytes used by permanent object pool.
[2020.03.15-00.25.23:587][  0]LogUObjectArray: CloseDisregardForGC: 0/0 objects in disregard for GC pool
[2020.03.15-00.25.23:711][  0]LogEngine: Initializing Engine...
[2020.03.15-00.25.23:712][  0]LogHMD: Failed to initialize OpenVR with code 110
[2020.03.15-00.25.23:724][  0]LogStats: UGameplayTagsManager::InitializeManager -  0.000 s
[2020.03.15-00.25.23:855][  0]LogInit: Initializing FReadOnlyCVARCache
[2020.03.15-00.25.23:864][  0]LogInit: XAudio2 using 'Speakers (Realtek(R) Audio)' : 6 channels at 48 kHz using 32 bits per sample (channel mask 0x3f)
[2020.03.15-00.25.23:961][  0]LogInit: FAudioDevice initialized.
[2020.03.15-00.25.23:973][  0]LogNetVersion: Set ProjectVersion to 1.0.0.0. Version Checksum will be recalculated on next use.
[2020.03.15-00.25.24:016][  0]LogDerivedDataCache: Saved boot cache 0.04s 71MB C:/Users/pele-/AppData/Local/UnrealEngine/4.22/DerivedDataCache/Boot.ddc.
[2020.03.15-00.25.24:023][  0]LogInit: Texture streaming: Enabled
[2020.03.15-00.25.24:197][  0]LogSlate: Updating window title bar state: overlay mode, drag disabled, window buttons hidden, title bar hidden
[2020.03.15-00.25.24:198][  0]LogInit: Display: Game Engine Initialized.
[2020.03.15-00.25.24:250][  0]LogInit: Display: Starting Game.
[2020.03.15-00.25.24:250][  0]LogNet: Browse: /Game/ThirdPersonBP/Maps/MainMenuMap?Name=Player
[2020.03.15-00.25.24:250][  0]LogLoad: LoadMap: /Game/ThirdPersonBP/Maps/MainMenuMap?Name=Player
[2020.03.15-00.25.24:280][  0]LogUObjectHash: Compacting FUObjectHashTables data took   1.54ms
[2020.03.15-00.25.24:304][  0]LogAIModule: Creating AISystem for world MainMenuMap
[2020.03.15-00.25.24:304][  0]LogLoad: Game class is 'MainMenuGameMode_C'
[2020.03.15-00.25.24:306][  0]LogWorld: Bringing World /Game/ThirdPersonBP/Maps/MainMenuMap.MainMenuMap up for play (max tick rate 0) at 2020.03.14-17.25.24
[2020.03.15-00.25.24:306][  0]LogWorld: Bringing up level for play took: 0.000389
[2020.03.15-00.25.24:306][  0]LogGameMode: FindPlayerStart: PATHS NOT DEFINED or NO PLAYERSTART with positive rating
[2020.03.15-00.25.24:309][  0]LogLoad: Took 0.059966 seconds to LoadMap(/Game/ThirdPersonBP/Maps/MainMenuMap)
[2020.03.15-00.25.24:361][  0]LogRenderer: Reallocating scene render targets to support 1536x864 Format 10 NumSamples 1 (Frame:1).
[2020.03.15-00.25.24:361][  0]LogLoad: (Engine Initialization) Total time: 6.58 seconds
[2020.03.15-00.25.24:361][  0]LogLoad: (Engine Initialization) Total Blueprint compile time: 0.00 seconds
[2020.03.15-00.25.24:382][  0]LogContentStreaming: Texture pool size now 1000 MB
[2020.03.15-00.25.31:152][419]LogSlate: FSceneViewport::OnFocusLost() reason 0
[2020.03.15-00.25.31:282][427]LogSlate: Took 0.000145 seconds to synchronously load lazily loaded font '../../../Engine/Content/Slate/Fonts/Roboto-Regular.ttf' (155K)
[2020.03.15-00.25.33:959][593]LogInit: WinSock: I am LAPTOP-OS5U2E3I (10.0.0.185:0)
[2020.03.15-00.25.34:052][593]LogPackageName: SearchForPackageOnDisk took   0.092s to resolve ThirdPersonExampleMap.umap.
[2020.03.15-00.25.34:141][593]LogPackageName: SearchForPackageOnDisk took   0.089s to resolve ThirdPersonExampleMap.umap.
[2020.03.15-00.25.34:141][593]LogNet: Browse: /Game/ThirdPersonBP/Maps/ThirdPersonExampleMap?listen
[2020.03.15-00.25.34:141][593]LogLoad: LoadMap: /Game/ThirdPersonBP/Maps/ThirdPersonExampleMap?listen
[2020.03.15-00.25.34:167][593]LogUObjectHash: Compacting FUObjectHashTables data took   1.49ms
[2020.03.15-00.25.34:540][593]LogAIModule: Creating AISystem for world ThirdPersonExampleMap
[2020.03.15-00.25.34:550][593]LogLoad: Game class is 'MainMenuGameMode_C'
[2020.03.15-00.25.34:616][593]LogOnline: STEAM: Steam User is subscribed 1
[2020.03.15-00.25.34:616][593]LogOnline: STEAM: [AppId: 480] Client API initialized 1
[2020.03.15-00.25.34:626][593]LogOnline: STEAM: [AppId: 480] Game Server API initialized 0
[2020.03.15-00.25.34:626][593]LogOnline: Warning: STEAM: Failed to initialize Steam, this could be due to a Steam server and client running on the same machine. Try running with -NOSTEAM on the cmdline to disable.
[2020.03.15-00.25.34:626][593]LogOnline: Display: STEAM: OnlineSubsystemSteam::Shutdown()
[2020.03.15-00.25.34:627][593]LogOnline: Warning: STEAM: Steam API failed to initialize!
[2020.03.15-00.25.34:627][593]LogOnline: Display: STEAM: OnlineSubsystemSteam::Shutdown()
[2020.03.15-00.25.34:627][593]LogTemp: Display: ParseSettings for GameNetDriver
[2020.03.15-00.25.34:627][593]LogTemp: Display: ParseSettings for IpNetDriver_0
[2020.03.15-00.25.34:627][593]LogTemp: Display: ParseSettings for GameNetDriver
[2020.03.15-00.25.34:627][593]LogNet: ReplicationDriverClass is null! Not using ReplicationDriver.
[2020.03.15-00.25.34:627][593]PacketHandlerLog: DDoS detection status: detection enabled: 0 analytics enabled: 0
[2020.03.15-00.25.34:627][593]LogInit: WinSock: Socket queue 131072 / 131072
[2020.03.15-00.25.34:628][593]PacketHandlerLog: Loaded PacketHandler component: Engine.EngineHandlerComponentFactory (StatelessConnectHandlerComponent)
[2020.03.15-00.25.34:628][593]LogNet: GameNetDriver IpNetDriver_0 IpNetDriver listening on port 7777
[2020.03.15-00.25.34:635][593]LogWorld: Bringing World /Game/ThirdPersonBP/Maps/ThirdPersonExampleMap.ThirdPersonExampleMap up for play (max tick rate 0) at 2020.03.14-17.25.34
[2020.03.15-00.25.34:636][593]LogWorld: Bringing up level for play took: 0.007761
[2020.03.15-00.25.34:638][593]LogSlate: Updating window title bar state: overlay mode, drag disabled, window buttons hidden, title bar hidden
[2020.03.15-00.25.34:638][593]LogSlate: Updating window title bar state: overlay mode, drag disabled, window buttons hidden, title bar hidden
[2020.03.15-00.25.34:638][593]LogSlate: Updating window title bar state: overlay mode, drag disabled, window buttons hidden, title bar hidden
[2020.03.15-00.25.34:638][593]LogSlate: Updating window title bar state: overlay mode, drag disabled, window buttons hidden, title bar hidden
[2020.03.15-00.25.34:638][593]LogSlate: Updating window title bar state: overlay mode, drag disabled, window buttons hidden, title bar hidden
[2020.03.15-00.25.34:638][593]LogLoad: Took 0.496469 seconds to LoadMap(/Game/ThirdPersonBP/Maps/ThirdPersonExampleMap)
[2020.03.15-00.26.22:778][575]LogSlate: Window 'DodgeBall (64-bit Development PCD3D_SM5) ' being destroyed
[2020.03.15-00.26.22:779][575]LogWindowsTextInputMethodSystem: Display: IME system now deactivated.
[2020.03.15-00.26.22:782][575]LogSlate: Updating window title bar state: overlay mode, drag disabled, window buttons hidden, title bar hidden
[2020.03.15-00.26.22:782][575]LogEngine: All Windows Closed
[2020.03.15-00.26.22:782][575]LogWindows: FPlatformMisc::RequestExit(0)
[2020.03.15-00.26.22:789][576]LogNet: World NetDriver shutdown IpNetDriver_0 [GameNetDriver]
[2020.03.15-00.26.22:789][576]LogNet: DestroyNamedNetDriver IpNetDriver_0 [GameNetDriver]
[2020.03.15-00.26.22:789][576]LogExit: GameNetDriver IpNetDriver_0 shut down
[2020.03.15-00.26.23:756][576]LogExit: Preparing to exit.
[2020.03.15-00.26.23:756][576]LogMoviePlayer: Shutting down movie player
[2020.03.15-00.26.23:767][576]LogSlate: Updating window title bar state: overlay mode, drag disabled, window buttons hidden, title bar hidden
[2020.03.15-00.26.23:775][576]LogExit: Game engine shut down
[2020.03.15-00.26.23:823][576]LogExit: Object subsystem successfully closed.
[2020.03.15-00.26.23:847][576]LogShaderCompilers: Display: Shaders left to compile 0
[2020.03.15-00.26.23:849][576]LogD3D11RHI: Shutdown
[2020.03.15-00.26.23:849][576]LogD3D11RHI: CleanupD3DDevice
[2020.03.15-00.26.23:850][576]LogRendererCore: FGlobalReadBuffer::ReleaseRHI
[2020.03.15-00.26.23:850][576]LogRendererCore: FGlobalDynamicReadBuffer::Cleanup()
[2020.03.15-00.26.23:850][576]LogRendererCore: FGlobalReadBuffer::ReleaseRHI
[2020.03.15-00.26.23:850][576]LogRendererCore: FGlobalDynamicReadBuffer::Cleanup()
[2020.03.15-00.26.23:850][576]LogRendererCore: FGlobalReadBuffer::ReleaseRHI
[2020.03.15-00.26.23:850][576]LogRendererCore: FGlobalDynamicReadBuffer::Cleanup()
[2020.03.15-00.26.23:896][576]LogD3D11RHI: ~FD3D11DynamicRHI
[2020.03.15-00.26.23:914][576]LogModuleManager: Shutting down and abandoning module SequenceRecorderSections (400)
[2020.03.15-00.26.23:914][576]LogModuleManager: Shutting down and abandoning module SequenceRecorder (398)
[2020.03.15-00.26.23:914][576]LogModuleManager: Shutting down and abandoning module AutomationController (396)
[2020.03.15-00.26.23:914][576]LogModuleManager: Shutting down and abandoning module AutomationWorker (394)
[2020.03.15-00.26.23:914][576]LogModuleManager: Shutting down and abandoning module Voice (392)
[2020.03.15-00.26.23:914][576]LogModuleManager: Shutting down and abandoning module AIModule (390)
[2020.03.15-00.26.23:914][576]LogModuleManager: Shutting down and abandoning module GameplayDebugger (389)
[2020.03.15-00.26.23:914][576]LogModuleManager: Shutting down and abandoning module AITestSuite (387)
[2020.03.15-00.26.23:914][576]LogModuleManager: Shutting down and abandoning module NavigationSystem (385)
[2020.03.15-00.26.23:914][576]LogModuleManager: Shutting down and abandoning module OculusMR (382)
[2020.03.15-00.26.23:914][576]LogModuleManager: Shutting down and abandoning module WmfMediaFactory (380)
[2020.03.15-00.26.23:914][576]LogModuleManager: Shutting down and abandoning module WebMMediaFactory (378)
[2020.03.15-00.26.23:914][576]LogModuleManager: Shutting down and abandoning module WebMMedia (376)
[2020.03.15-00.26.23:914][576]LogModuleManager: Shutting down and abandoning module OpenExrWrapper (374)
[2020.03.15-00.26.23:914][576]LogModuleManager: Shutting down and abandoning module ImgMediaFactory (372)
[2020.03.15-00.26.23:914][576]LogModuleManager: Shutting down and abandoning module AvfMediaFactory (370)
[2020.03.15-00.26.23:914][576]LogModuleManager: Shutting down and abandoning module MagicLeapCameraPreviewFactory (368)
[2020.03.15-00.26.23:914][576]LogModuleManager: Shutting down and abandoning module MagicLeapMediaCodecFactory (366)
[2020.03.15-00.26.23:914][576]LogModuleManager: Shutting down and abandoning module MagicLeapMediaFactory (364)
[2020.03.15-00.26.23:914][576]LogModuleManager: Shutting down and abandoning module CharacterAI (362)
[2020.03.15-00.26.23:914][576]LogModuleManager: Shutting down and abandoning module SessionServices (360)
[2020.03.15-00.26.23:914][576]LogModuleManager: Shutting down and abandoning module MovieSceneCapture (358)
[2020.03.15-00.26.23:914][576]LogModuleManager: Shutting down and abandoning module LiveCoding (356)
[2020.03.15-00.26.23:914][576]LogModuleManager: Shutting down and abandoning module LevelSequence (354)
[2020.03.15-00.26.23:914][576]LogModuleManager: Shutting down and abandoning module MovieSceneTracks (352)
[2020.03.15-00.26.23:914][576]LogModuleManager: Shutting down and abandoning module MovieScene (350)
[2020.03.15-00.26.23:914][576]LogModuleManager: Shutting down and abandoning module StreamingPauseRendering (348)
[2020.03.15-00.26.23:914][576]LogModuleManager: Shutting down and abandoning module PortalServices (346)
[2020.03.15-00.26.23:914][576]LogModuleManager: Shutting down and abandoning module PortalRpc (344)
[2020.03.15-00.26.23:914][576]LogModuleManager: Shutting down and abandoning module MessagingRpc (342)
[2020.03.15-00.26.23:914][576]LogModuleManager: Shutting down and abandoning module ImageWriteQueue (340)
[2020.03.15-00.26.23:916][576]LogModuleManager: Shutting down and abandoning module ProfilerService (338)
[2020.03.15-00.26.23:951][576]LogModuleManager: Shutting down and abandoning module TaskGraph (336)
[2020.03.15-00.26.23:951][576]LogModuleManager: Shutting down and abandoning module SteamVRController (334)
[2020.03.15-00.26.23:951][576]LogModuleManager: Shutting down and abandoning module ProceduralMeshComponent (332)
[2020.03.15-00.26.23:951][576]LogModuleManager: Shutting down and abandoning module OculusInput (330)
[2020.03.15-00.26.23:951][576]LogModuleManager: Shutting down and abandoning module MobilePatchingUtils (328)
[2020.03.15-00.26.23:951][576]LogModuleManager: Shutting down and abandoning module EditableMesh (326)
[2020.03.15-00.26.23:951][576]LogModuleManager: Shutting down and abandoning module CustomMeshComponent (324)
[2020.03.15-00.26.23:951][576]LogModuleManager: Shutting down and abandoning module CableComponent (322)
[2020.03.15-00.26.23:951][576]LogModuleManager: Shutting down and abandoning module AudioCapture (320)
[2020.03.15-00.26.23:951][576]LogModuleManager: Shutting down and abandoning module ArchVisCharacter (318)
[2020.03.15-00.26.23:951][576]LogModuleManager: Shutting down and abandoning module AndroidPermission (316)
[2020.03.15-00.26.23:951][576]LogModuleManager: Shutting down and abandoning module NUTUnrealEngine4 (314)
[2020.03.15-00.26.23:951][576]LogModuleManager: Shutting down and abandoning module NetcodeUnitTest (312)
[2020.03.15-00.26.23:951][576]LogModuleManager: Shutting down and abandoning module MediaCompositing (310)
[2020.03.15-00.26.23:951][576]LogModuleManager: Shutting down and abandoning module LinearTimecode (308)
[2020.03.15-00.26.23:951][576]LogModuleManager: Shutting down and abandoning module ImgMedia (306)
[2020.03.15-00.26.23:951][576]LogModuleManager: Shutting down and abandoning module MagicLeapHelperVulkan (304)
[2020.03.15-00.26.23:951][576]LogModuleManager: Shutting down and abandoning module MagicLeapHelperOpenGL (302)
[2020.03.15-00.26.23:951][576]LogModuleManager: Shutting down and abandoning module MagicLeapAudio (300)
[2020.03.15-00.26.23:951][576]LogModuleManager: Shutting down and abandoning module HTML5Networking (298)
[2020.03.15-00.26.23:952][576]LogModuleManager: Shutting down and abandoning module GeometryCacheTracks (296)
[2020.03.15-00.26.23:952][576]LogModuleManager: Shutting down and abandoning module GeometryCacheSequencer (295)
[2020.03.15-00.26.23:952][576]LogModuleManager: Shutting down and abandoning module GeometryCache (292)
[2020.03.15-00.26.23:952][576]LogModuleManager: Shutting down and abandoning module GeometryCacheEd (291)
[2020.03.15-00.26.23:952][576]LogModuleManager: Shutting down and abandoning module BackChannel (288)
[2020.03.15-00.26.23:952][576]LogModuleManager: Shutting down and abandoning module AppleVision (286)
[2020.03.15-00.26.23:952][576]LogModuleManager: Shutting down and abandoning module AppleImageUtilsBlueprintSupport (284)
[2020.03.15-00.26.23:952][576]LogModuleManager: Shutting down and abandoning module AppleImageUtils (282)
[2020.03.15-00.26.23:952][576]LogModuleManager: Shutting down and abandoning module VariantManagerContent (280)
[2020.03.15-00.26.23:952][576]LogModuleManager: Shutting down and abandoning module CryptoKeysOpenSSL (278)
[2020.03.15-00.26.23:952][576]LogModuleManager: Shutting down and abandoning module CryptoKeys (276)
[2020.03.15-00.26.23:952][576]LogModuleManager: Shutting down and abandoning module VisualStudioSourceCodeAccess (274)
[2020.03.15-00.26.23:952][576]LogModuleManager: Shutting down and abandoning module HotReload (273)
[2020.03.15-00.26.23:952][576]LogModuleManager: Shutting down and abandoning module DirectoryWatcher (272)
[2020.03.15-00.26.23:952][576]LogModuleManager: Shutting down and abandoning module VisualStudioCodeSourceCodeAccess (268)
[2020.03.15-00.26.23:952][576]LogModuleManager: Shutting down and abandoning module UObjectPlugin (266)
[2020.03.15-00.26.23:952][576]LogModuleManager: Shutting down and abandoning module SubversionSourceControl (264)
[2020.03.15-00.26.23:952][576]LogModuleManager: Shutting down and abandoning module PerforceSourceControl (262)
[2020.03.15-00.26.23:952][576]LogModuleManager: Shutting down and abandoning module SourceControl (261)
[2020.03.15-00.26.23:952][576]LogModuleManager: Shutting down and abandoning module CLionSourceCodeAccess (258)
[2020.03.15-00.26.23:952][576]LogModuleManager: Shutting down and abandoning module ActorLayerUtilities (256)
[2020.03.15-00.26.23:952][576]LogModuleManager: Shutting down and abandoning module SignificanceManager (254)
[2020.03.15-00.26.23:952][576]LogModuleManager: Shutting down and abandoning module RuntimePhysXCooking (252)
[2020.03.15-00.26.23:952][576]LogModuleManager: Shutting down and abandoning module PhysXVehiclesEditor (250)
[2020.03.15-00.26.23:952][576]LogModuleManager: Shutting down and abandoning module PhysXVehicles (248)
[2020.03.15-00.26.23:952][576]LogModuleManager: Shutting down and abandoning module LocationServicesBPLibrary (246)
[2020.03.15-00.26.23:952][576]LogModuleManager: Shutting down and abandoning module ActorSequence (244)
[2020.03.15-00.26.23:952][576]LogModuleManager: Shutting down and abandoning module UdpMessaging (242)
[2020.03.15-00.26.23:952][576]LogModuleManager: Shutting down and abandoning module TcpMessaging (240)
[2020.03.15-00.26.23:952][576]LogModuleManager: Shutting down and abandoning module MagicLeapIdentity (238)
[2020.03.15-00.26.23:952][576]LogModuleManager: Shutting down and abandoning module MagicLeapSecureStorage (236)
[2020.03.15-00.26.23:952][576]LogModuleManager: Shutting down and abandoning module MagicLeapHandTracking (234)
[2020.03.15-00.26.23:952][576]LogModuleManager: Shutting down and abandoning module MagicLeapEyeTracker (232)
[2020.03.15-00.26.23:952][576]LogModuleManager: Shutting down and abandoning module MagicLeapController (230)
[2020.03.15-00.26.23:952][576]LogSlate: Slate User Destroyed.  User Index 0, Is Virtual User: 0
[2020.03.15-00.26.23:952][576]LogModuleManager: Shutting down and abandoning module MagicLeapAR (228)
[2020.03.15-00.26.23:952][576]LogModuleManager: Shutting down and abandoning module AugmentedReality (227)
[2020.03.15-00.26.23:952][576]LogModuleManager: Shutting down and abandoning module GameplayTagsEditor (224)
[2020.03.15-00.26.23:952][576]LogModuleManager: Shutting down and abandoning module FacialAnimation (222)
[2020.03.15-00.26.23:952][576]LogModuleManager: Shutting down and abandoning module DataValidation (220)
[2020.03.15-00.26.23:952][576]LogModuleManager: Shutting down and abandoning module AssetManagerEditor (218)
[2020.03.15-00.26.23:952][576]LogModuleManager: Shutting down and abandoning module TreeMap (217)
[2020.03.15-00.26.23:952][576]LogModuleManager: Shutting down and abandoning module AnimationSharing (214)
[2020.03.15-00.26.23:952][576]LogModuleManager: Shutting down and abandoning module LightPropagationVolumeRuntime (212)
[2020.03.15-00.26.23:952][576]LogModuleManager: Shutting down and abandoning module AISupportModule (210)
[2020.03.15-00.26.23:952][576]LogModuleManager: Shutting down and abandoning module Paper2D (208)
[2020.03.15-00.26.23:952][576]LogModuleManager: Shutting down and abandoning module WindowsMoviePlayer (206)
[2020.03.15-00.26.23:952][576]LogModuleManager: Shutting down and abandoning module WebMMoviePlayer (204)
[2020.03.15-00.26.23:952][576]LogModuleManager: Shutting down and abandoning module PacketHandler (202)
[2020.03.15-00.26.23:952][576]LogModuleManager: Shutting down and abandoning module ClothingSystemEditor (200)
[2020.03.15-00.26.23:952][576]LogModuleManager: Shutting down and abandoning module ClothingSystemRuntime (198)
[2020.03.15-00.26.23:952][576]LogModuleManager: Shutting down and abandoning module MediaAssets (196)
[2020.03.15-00.26.23:952][576]LogModuleManager: Shutting down and abandoning module Overlay (194)
[2020.03.15-00.26.23:952][576]LogModuleManager: Shutting down and abandoning module OverlayEditor (193)
[2020.03.15-00.26.23:952][576]LogModuleManager: Shutting down and abandoning module VREditor (190)
[2020.03.15-00.26.23:953][576]LogModuleManager: Shutting down and abandoning module StringTableEditor (188)
[2020.03.15-00.26.23:953][576]LogModuleManager: Shutting down and abandoning module GameplayTasksEditor (186)
[2020.03.15-00.26.23:953][576]LogModuleManager: Shutting down and abandoning module BehaviorTreeEditor (184)
[2020.03.15-00.26.23:953][576]LogModuleManager: Shutting down and abandoning module FunctionalTesting (182)
[2020.03.15-00.26.23:953][576]LogModuleManager: Shutting down and abandoning module CollisionAnalyzer (180)
[2020.03.15-00.26.23:953][576]LogModuleManager: Shutting down and abandoning module WorkspaceMenuStructure (179)
[2020.03.15-00.26.23:953][576]LogModuleManager: Shutting down and abandoning module UMG (176)
[2020.03.15-00.26.23:953][576]LogModuleManager: Shutting down and abandoning module UMGEditor (175)
[2020.03.15-00.26.23:953][576]LogModuleManager: Shutting down and abandoning module Sequencer (174)
[2020.03.15-00.26.23:953][576]LogModuleManager: Shutting down and abandoning module MessageLog (171)
[2020.03.15-00.26.23:953][576]LogModuleManager: Shutting down and abandoning module SlateReflector (166)
[2020.03.15-00.26.23:953][576]LogModuleManager: Shutting down and abandoning module Slate (164)
[2020.03.15-00.26.23:953][576]LogModuleManager: Shutting down and abandoning module EditorStyle (162)
[2020.03.15-00.26.23:954][576]LogModuleManager: Shutting down and abandoning module UnrealEd (160)
[2020.03.15-00.26.23:954][576]LogModuleManager: Shutting down and abandoning module MRMesh (158)
[2020.03.15-00.26.23:954][576]LogModuleManager: Shutting down and abandoning module Messaging (156)
[2020.03.15-00.26.23:954][576]LogModuleManager: Shutting down and abandoning module SourceCodeAccess (154)
[2020.03.15-00.26.23:954][576]LogModuleManager: Shutting down and abandoning module HeadMountedDisplay (152)
[2020.03.15-00.26.23:954][576]LogModuleManager: Shutting down and abandoning module XAudio2 (150)
[2020.03.15-00.26.23:954][576]LogModuleManager: Shutting down and abandoning module Networking (148)
[2020.03.15-00.26.23:954][576]LogModuleManager: Shutting down and abandoning module Core (146)
[2020.03.15-00.26.23:954][576]LogModuleManager: Shutting down and abandoning module KismetCompiler (144)
[2020.03.15-00.26.23:954][576]LogModuleManager: Shutting down and abandoning module MeshUtilities (142)
[2020.03.15-00.26.23:954][576]LogModuleManager: Shutting down and abandoning module MeshMergeUtilities (141)
[2020.03.15-00.26.23:954][576]LogModuleManager: Shutting down and abandoning module MeshReductionInterface (140)
[2020.03.15-00.26.23:954][576]LogModuleManager: Shutting down and abandoning module SkeletalMeshReduction (139)
[2020.03.15-00.26.23:954][576]LogModuleManager: Shutting down and abandoning module ProxyLODMeshReduction (137)
[2020.03.15-00.26.23:954][576]LogModuleManager: Shutting down and abandoning module QuadricMeshReduction (135)
[2020.03.15-00.26.23:954][576]LogModuleManager: Shutting down and abandoning module MaterialBaking (131)
[2020.03.15-00.26.23:954][576]LogModuleManager: Shutting down and abandoning module PIEPreviewDeviceProfileSelector (126)
[2020.03.15-00.26.23:954][576]LogModuleManager: Shutting down and abandoning module DerivedDataCache (124)
[2020.03.15-00.26.24:117][576]LogDerivedDataCache: Shutdown
[2020.03.15-00.26.24:117][576]LogModuleManager: Shutting down and abandoning module XGEController (122)
[2020.03.15-00.26.24:117][576]LogModuleManager: Shutting down and abandoning module TargetPlatform (120)
[2020.03.15-00.26.24:117][576]LogModuleManager: Shutting down and abandoning module VulkanShaderFormat (119)
[2020.03.15-00.26.24:117][576]LogModuleManager: Shutting down and abandoning module ShaderFormatVectorVM (117)
[2020.03.15-00.26.24:117][576]LogModuleManager: Shutting down and abandoning module ShaderFormatOpenGL (115)
[2020.03.15-00.26.24:117][576]LogModuleManager: Shutting down and abandoning module ShaderFormatD3D (113)
[2020.03.15-00.26.24:117][576]LogModuleManager: Shutting down and abandoning module MetalShaderFormat (111)
[2020.03.15-00.26.24:117][576]LogModuleManager: Shutting down and abandoning module TextureFormatUncompressed (109)
[2020.03.15-00.26.24:117][576]LogModuleManager: Shutting down and abandoning module TextureFormatPVR (107)
[2020.03.15-00.26.24:117][576]LogModuleManager: Shutting down and abandoning module TextureFormatDXT (105)
[2020.03.15-00.26.24:117][576]LogModuleManager: Shutting down and abandoning module TextureFormatIntelISPCTexComp (103)
[2020.03.15-00.26.24:117][576]LogModuleManager: Shutting down and abandoning module TextureFormatASTC (101)
[2020.03.15-00.26.24:117][576]LogModuleManager: Shutting down and abandoning module ImageWrapper (100)
[2020.03.15-00.26.24:117][576]LogModuleManager: Shutting down and abandoning module TextureFormatAndroid (97)
[2020.03.15-00.26.24:117][576]LogModuleManager: Shutting down and abandoning module AudioFormatOpus (95)
[2020.03.15-00.26.24:117][576]LogModuleManager: Shutting down and abandoning module AudioFormatOgg (93)
[2020.03.15-00.26.24:117][576]LogModuleManager: Shutting down and abandoning module AudioFormatADPCM (91)
[2020.03.15-00.26.24:117][576]LogModuleManager: Shutting down and abandoning module WindowsTargetPlatform (89)
[2020.03.15-00.26.24:117][576]LogModuleManager: Shutting down and abandoning module WindowsServerTargetPlatform (87)
[2020.03.15-00.26.24:117][576]LogModuleManager: Shutting down and abandoning module WindowsNoEditorTargetPlatform (85)
[2020.03.15-00.26.24:117][576]LogModuleManager: Shutting down and abandoning module WindowsClientTargetPlatform (83)
[2020.03.15-00.26.24:117][576]LogModuleManager: Shutting down and abandoning module InputCore (80)
[2020.03.15-00.26.24:117][576]LogModuleManager: Shutting down and abandoning module Settings (78)
[2020.03.15-00.26.24:117][576]LogModuleManager: Shutting down and abandoning module PhysXCooking (76)
[2020.03.15-00.26.24:117][576]LogModuleManager: Shutting down and abandoning module SteamVR (74)
[2020.03.15-00.26.24:117][576]LogHMD: Freeing OpenVRDLLHandle.
[2020.03.15-00.26.24:117][576]LogModuleManager: Shutting down and abandoning module OculusHMD (72)
[2020.03.15-00.26.24:117][576]LogModuleManager: Shutting down and abandoning module ExampleDeviceProfileSelector (70)
[2020.03.15-00.26.24:117][576]LogModuleManager: Shutting down and abandoning module LauncherChunkInstaller (68)
[2020.03.15-00.26.24:117][576]LogModuleManager: Shutting down and abandoning module OnlineBlueprintSupport (66)
[2020.03.15-00.26.24:117][576]LogModuleManager: Shutting down and abandoning module OnlineSubsystem (62)
[2020.03.15-00.26.24:119][576]LogModuleManager: Shutting down and abandoning module XMPP (55)
[2020.03.15-00.26.24:119][576]LogModuleManager: Shutting down and abandoning module WebSockets (54)
[2020.03.15-00.26.24:140][576]LogModuleManager: Shutting down and abandoning module HTTP (51)
[2020.03.15-00.26.24:147][576]LogModuleManager: Shutting down and abandoning module SSL (50)
[2020.03.15-00.26.24:148][576]LogModuleManager: Shutting down and abandoning module WmfMedia (46)
[2020.03.15-00.26.24:149][576]LogModuleManager: Shutting down and abandoning module Media (45)
[2020.03.15-00.26.24:155][576]LogModuleManager: Shutting down and abandoning module MagicLeap (42)
[2020.03.15-00.26.24:155][576]LogModuleManager: Shutting down and abandoning module DatasmithContent (40)
[2020.03.15-00.26.24:156][576]LogModuleManager: Shutting down and abandoning module AnimationModifiers (38)
[2020.03.15-00.26.24:156][576]LogModuleManager: Shutting down and abandoning module PropertyEditor (37)
[2020.03.15-00.26.24:156][576]LogModuleManager: Shutting down and abandoning module AudioEditor (34)
[2020.03.15-00.26.24:156][576]LogModuleManager: Shutting down and abandoning module TextureCompressor (32)
[2020.03.15-00.26.24:156][576]LogModuleManager: Shutting down and abandoning module RenderCore (30)
[2020.03.15-00.26.24:156][576]LogModuleManager: Shutting down and abandoning module Landscape (28)
[2020.03.15-00.26.24:156][576]LogModuleManager: Shutting down and abandoning module SlateRHIRenderer (26)
[2020.03.15-00.26.24:156][576]LogModuleManager: Shutting down and abandoning module OpenGLDrv (24)
[2020.03.15-00.26.24:156][576]LogModuleManager: Shutting down and abandoning module D3D11RHI (22)
[2020.03.15-00.26.24:156][576]LogModuleManager: Shutting down and abandoning module AnimGraphRuntime (20)
[2020.03.15-00.26.24:156][576]LogModuleManager: Shutting down and abandoning module Renderer (18)
[2020.03.15-00.26.24:156][576]LogModuleManager: Shutting down and abandoning module Engine (16)
[2020.03.15-00.26.24:156][576]LogModuleManager: Shutting down and abandoning module CoreUObject (14)
[2020.03.15-00.26.24:156][576]LogModuleManager: Shutting down and abandoning module NetworkFile (12)
[2020.03.15-00.26.24:156][576]LogModuleManager: Shutting down and abandoning module CookedIterativeFile (10)
[2020.03.15-00.26.24:156][576]LogModuleManager: Shutting down and abandoning module StreamingFile (8)
[2020.03.15-00.26.24:156][576]LogModuleManager: Shutting down and abandoning module SandboxFile (6)
[2020.03.15-00.26.24:156][576]LogModuleManager: Shutting down and abandoning module PakFile (4)
[2020.03.15-00.26.24:156][576]LogModuleManager: Shutting down and abandoning module RSA (3)
[2020.03.15-00.26.24:164][576]LogExit: Exiting.
[2020.03.15-00.26.24:173][576]Log file closed, 03/14/20 17:26:24
